{"C:\\Users\\Chase\\Desktop\\506\\hsta-server\\tests\\test_masterfile.js":{"path":"C:\\Users\\Chase\\Desktop\\506\\hsta-server\\tests\\test_masterfile.js","statementMap":{"0":{"start":{"line":1,"column":16},"end":{"line":1,"column":36}},"1":{"start":{"line":2,"column":13},"end":{"line":2,"column":30}},"2":{"start":{"line":3,"column":13},"end":{"line":3,"column":53}},"3":{"start":{"line":6,"column":10},"end":{"line":6,"column":38}},"4":{"start":{"line":9,"column":0},"end":{"line":9,"column":17}},"5":{"start":{"line":13,"column":0},"end":{"line":13,"column":37}},"6":{"start":{"line":14,"column":0},"end":{"line":14,"column":40}},"7":{"start":{"line":15,"column":0},"end":{"line":15,"column":40}},"8":{"start":{"line":16,"column":0},"end":{"line":16,"column":42}},"9":{"start":{"line":17,"column":0},"end":{"line":17,"column":49}},"10":{"start":{"line":18,"column":0},"end":{"line":18,"column":46}},"11":{"start":{"line":19,"column":0},"end":{"line":19,"column":46}},"12":{"start":{"line":20,"column":0},"end":{"line":20,"column":46}},"13":{"start":{"line":21,"column":0},"end":{"line":21,"column":44}},"14":{"start":{"line":22,"column":0},"end":{"line":22,"column":41}},"15":{"start":{"line":23,"column":0},"end":{"line":23,"column":41}},"16":{"start":{"line":24,"column":0},"end":{"line":24,"column":38}},"17":{"start":{"line":25,"column":0},"end":{"line":25,"column":45}},"18":{"start":{"line":26,"column":0},"end":{"line":26,"column":45}},"19":{"start":{"line":27,"column":0},"end":{"line":27,"column":45}},"20":{"start":{"line":28,"column":0},"end":{"line":28,"column":41}}},"fnMap":{},"branchMap":{},"s":{"0":1,"1":1,"2":1,"3":1,"4":1,"5":1,"6":1,"7":1,"8":1,"9":1,"10":1,"11":1,"12":1,"13":1,"14":1,"15":1,"16":1,"17":1,"18":1,"19":1,"20":1},"f":{},"b":{},"_coverageSchema":"332fd63041d2c1bcb487cc26dd0d5f7d97098a6c","hash":"4e57761c2f779803ce06316dfc37e75b1054d311","contentHash":"1dea76f3605966c91ebbd37652b56cb8_11.6.0"},"C:\\Users\\Chase\\Desktop\\506\\hsta-server\\app.js":{"path":"C:\\Users\\Chase\\Desktop\\506\\hsta-server\\app.js","statementMap":{"0":{"start":{"line":1,"column":14},"end":{"line":1,"column":32}},"1":{"start":{"line":2,"column":11},"end":{"line":2,"column":26}},"2":{"start":{"line":3,"column":14},"end":{"line":3,"column":38}},"3":{"start":{"line":4,"column":13},"end":{"line":4,"column":30}},"4":{"start":{"line":5,"column":19},"end":{"line":5,"column":43}},"5":{"start":{"line":6,"column":17},"end":{"line":6,"column":39}},"6":{"start":{"line":8,"column":10},"end":{"line":8,"column":33}},"7":{"start":{"line":9,"column":10},"end":{"line":9,"column":19}},"8":{"start":{"line":11,"column":11},"end":{"line":11,"column":26}},"9":{"start":{"line":13,"column":0},"end":{"line":13,"column":47}},"10":{"start":{"line":15,"column":0},"end":{"line":15,"column":48}},"11":{"start":{"line":16,"column":0},"end":{"line":16,"column":31}},"12":{"start":{"line":20,"column":0},"end":{"line":20,"column":23}},"13":{"start":{"line":21,"column":0},"end":{"line":21,"column":27}},"14":{"start":{"line":22,"column":0},"end":{"line":22,"column":52}},"15":{"start":{"line":23,"column":0},"end":{"line":23,"column":24}},"16":{"start":{"line":24,"column":0},"end":{"line":24,"column":56}},"17":{"start":{"line":26,"column":0},"end":{"line":26,"column":21}},"18":{"start":{"line":28,"column":0},"end":{"line":32,"column":3}},"19":{"start":{"line":29,"column":12},"end":{"line":29,"column":34}},"20":{"start":{"line":30,"column":2},"end":{"line":30,"column":19}},"21":{"start":{"line":31,"column":2},"end":{"line":31,"column":12}},"22":{"start":{"line":35,"column":0},"end":{"line":43,"column":3}},"23":{"start":{"line":37,"column":2},"end":{"line":37,"column":35}},"24":{"start":{"line":38,"column":2},"end":{"line":38,"column":69}},"25":{"start":{"line":41,"column":2},"end":{"line":41,"column":32}},"26":{"start":{"line":42,"column":2},"end":{"line":42,"column":22}},"27":{"start":{"line":46,"column":9},"end":{"line":46,"column":24}},"28":{"start":{"line":53,"column":0},"end":{"line":84,"column":2}},"29":{"start":{"line":55,"column":4},"end":{"line":82,"column":9}},"30":{"start":{"line":56,"column":8},"end":{"line":67,"column":5}},"31":{"start":{"line":57,"column":16},"end":{"line":65,"column":17}},"32":{"start":{"line":58,"column":20},"end":{"line":58,"column":62}},"33":{"start":{"line":59,"column":20},"end":{"line":59,"column":35}},"34":{"start":{"line":61,"column":20},"end":{"line":61,"column":62}},"35":{"start":{"line":67,"column":12},"end":{"line":82,"column":9}},"36":{"start":{"line":68,"column":8},"end":{"line":79,"column":9}},"37":{"start":{"line":69,"column":12},"end":{"line":77,"column":13}},"38":{"start":{"line":70,"column":16},"end":{"line":70,"column":58}},"39":{"start":{"line":71,"column":16},"end":{"line":71,"column":31}},"40":{"start":{"line":73,"column":16},"end":{"line":73,"column":58}},"41":{"start":{"line":80,"column":12},"end":{"line":80,"column":81}},"42":{"start":{"line":81,"column":12},"end":{"line":81,"column":28}},"43":{"start":{"line":83,"column":4},"end":{"line":83,"column":15}}},"fnMap":{"0":{"name":"(anonymous_0)","decl":{"start":{"line":28,"column":8},"end":{"line":28,"column":9}},"loc":{"start":{"line":28,"column":33},"end":{"line":32,"column":1}},"line":28},"1":{"name":"(anonymous_1)","decl":{"start":{"line":35,"column":8},"end":{"line":35,"column":9}},"loc":{"start":{"line":35,"column":38},"end":{"line":43,"column":1}},"line":35},"2":{"name":"(anonymous_2)","decl":{"start":{"line":53,"column":17},"end":{"line":53,"column":18}},"loc":{"start":{"line":53,"column":41},"end":{"line":84,"column":1}},"line":53},"3":{"name":"(anonymous_3)","decl":{"start":{"line":56,"column":39},"end":{"line":56,"column":40}},"loc":{"start":{"line":56,"column":53},"end":{"line":66,"column":13}},"line":56},"4":{"name":"(anonymous_4)","decl":{"start":{"line":68,"column":33},"end":{"line":68,"column":34}},"loc":{"start":{"line":68,"column":47},"end":{"line":78,"column":9}},"line":68}},"branchMap":{"0":{"loc":{"start":{"line":38,"column":21},"end":{"line":38,"column":68}},"type":"cond-expr","locations":[{"start":{"line":38,"column":60},"end":{"line":38,"column":63}},{"start":{"line":38,"column":66},"end":{"line":38,"column":68}}],"line":38},"1":{"loc":{"start":{"line":41,"column":13},"end":{"line":41,"column":30}},"type":"binary-expr","locations":[{"start":{"line":41,"column":13},"end":{"line":41,"column":23}},{"start":{"line":41,"column":27},"end":{"line":41,"column":30}}],"line":41},"2":{"loc":{"start":{"line":55,"column":4},"end":{"line":82,"column":9}},"type":"if","locations":[{"start":{"line":55,"column":4},"end":{"line":82,"column":9}},{"start":{"line":55,"column":4},"end":{"line":82,"column":9}}],"line":55},"3":{"loc":{"start":{"line":57,"column":16},"end":{"line":65,"column":17}},"type":"if","locations":[{"start":{"line":57,"column":16},"end":{"line":65,"column":17}},{"start":{"line":57,"column":16},"end":{"line":65,"column":17}}],"line":57},"4":{"loc":{"start":{"line":67,"column":12},"end":{"line":82,"column":9}},"type":"if","locations":[{"start":{"line":67,"column":12},"end":{"line":82,"column":9}},{"start":{"line":67,"column":12},"end":{"line":82,"column":9}}],"line":67},"5":{"loc":{"start":{"line":69,"column":12},"end":{"line":77,"column":13}},"type":"if","locations":[{"start":{"line":69,"column":12},"end":{"line":77,"column":13}},{"start":{"line":69,"column":12},"end":{"line":77,"column":13}}],"line":69}},"s":{"0":1,"1":1,"2":1,"3":1,"4":1,"5":1,"6":1,"7":1,"8":1,"9":1,"10":1,"11":1,"12":1,"13":1,"14":1,"15":1,"16":1,"17":1,"18":1,"19":0,"20":0,"21":0,"22":1,"23":0,"24":0,"25":0,"26":0,"27":1,"28":1,"29":13,"30":0,"31":0,"32":0,"33":0,"34":0,"35":13,"36":13,"37":13,"38":0,"39":0,"40":13,"41":0,"42":0,"43":13},"f":{"0":0,"1":0,"2":13,"3":0,"4":13},"b":{"0":[0,0],"1":[0,0],"2":[0,13],"3":[0,0],"4":[13,0],"5":[0,13]},"_coverageSchema":"332fd63041d2c1bcb487cc26dd0d5f7d97098a6c","hash":"90f3bb49e44b7661543d34f2dca18ef742af9b69","contentHash":"eba325e029d9c6dc6e029079265bf6aa_11.6.0"},"C:\\Users\\Chase\\Desktop\\506\\hsta-server\\routes\\api.js":{"path":"C:\\Users\\Chase\\Desktop\\506\\hsta-server\\routes\\api.js","statementMap":{"0":{"start":{"line":1,"column":14},"end":{"line":1,"column":32}},"1":{"start":{"line":2,"column":13},"end":{"line":2,"column":29}},"2":{"start":{"line":3,"column":9},"end":{"line":3,"column":26}},"3":{"start":{"line":4,"column":13},"end":{"line":4,"column":40}},"4":{"start":{"line":5,"column":18},"end":{"line":5,"column":40}},"5":{"start":{"line":7,"column":14},"end":{"line":7,"column":36}},"6":{"start":{"line":9,"column":0},"end":{"line":15,"column":1}},"7":{"start":{"line":10,"column":4},"end":{"line":14,"column":5}},"8":{"start":{"line":11,"column":8},"end":{"line":11,"column":44}},"9":{"start":{"line":13,"column":8},"end":{"line":13,"column":19}},"10":{"start":{"line":17,"column":22},"end":{"line":37,"column":1}},"11":{"start":{"line":18,"column":20},"end":{"line":18,"column":22}},"12":{"start":{"line":19,"column":21},"end":{"line":19,"column":23}},"13":{"start":{"line":20,"column":29},"end":{"line":20,"column":31}},"14":{"start":{"line":21,"column":20},"end":{"line":21,"column":22}},"15":{"start":{"line":22,"column":4},"end":{"line":35,"column":5}},"16":{"start":{"line":24,"column":8},"end":{"line":24,"column":40}},"17":{"start":{"line":26,"column":8},"end":{"line":26,"column":50}},"18":{"start":{"line":29,"column":8},"end":{"line":31,"column":9}},"19":{"start":{"line":30,"column":12},"end":{"line":30,"column":36}},"20":{"start":{"line":33,"column":8},"end":{"line":33,"column":41}},"21":{"start":{"line":34,"column":8},"end":{"line":34,"column":42}},"22":{"start":{"line":36,"column":4},"end":{"line":36,"column":69}},"23":{"start":{"line":42,"column":0},"end":{"line":55,"column":3}},"24":{"start":{"line":43,"column":17},"end":{"line":43,"column":33}},"25":{"start":{"line":44,"column":4},"end":{"line":54,"column":7}},"26":{"start":{"line":45,"column":8},"end":{"line":53,"column":9}},"27":{"start":{"line":46,"column":12},"end":{"line":46,"column":37}},"28":{"start":{"line":47,"column":12},"end":{"line":47,"column":78}},"29":{"start":{"line":50,"column":12},"end":{"line":52,"column":14}},"30":{"start":{"line":51,"column":16},"end":{"line":51,"column":35}},"31":{"start":{"line":59,"column":0},"end":{"line":73,"column":3}},"32":{"start":{"line":60,"column":15},"end":{"line":60,"column":31}},"33":{"start":{"line":61,"column":17},"end":{"line":61,"column":35}},"34":{"start":{"line":62,"column":17},"end":{"line":62,"column":35}},"35":{"start":{"line":63,"column":2},"end":{"line":63,"column":39}},"36":{"start":{"line":65,"column":2},"end":{"line":72,"column":5}},"37":{"start":{"line":66,"column":6},"end":{"line":71,"column":7}},"38":{"start":{"line":67,"column":10},"end":{"line":67,"column":44}},"39":{"start":{"line":68,"column":10},"end":{"line":68,"column":74}},"40":{"start":{"line":70,"column":10},"end":{"line":70,"column":54}},"41":{"start":{"line":77,"column":0},"end":{"line":93,"column":3}},"42":{"start":{"line":78,"column":16},"end":{"line":78,"column":32}},"43":{"start":{"line":79,"column":18},"end":{"line":79,"column":36}},"44":{"start":{"line":81,"column":4},"end":{"line":92,"column":7}},"45":{"start":{"line":82,"column":8},"end":{"line":91,"column":9}},"46":{"start":{"line":83,"column":12},"end":{"line":83,"column":37}},"47":{"start":{"line":84,"column":12},"end":{"line":84,"column":46}},"48":{"start":{"line":85,"column":12},"end":{"line":85,"column":76}},"49":{"start":{"line":87,"column":12},"end":{"line":87,"column":42}},"50":{"start":{"line":88,"column":12},"end":{"line":88,"column":44}},"51":{"start":{"line":89,"column":12},"end":{"line":89,"column":30}},"52":{"start":{"line":90,"column":12},"end":{"line":90,"column":56}},"53":{"start":{"line":98,"column":32},"end":{"line":105,"column":1}},"54":{"start":{"line":99,"column":20},"end":{"line":99,"column":22}},"55":{"start":{"line":101,"column":4},"end":{"line":103,"column":5}},"56":{"start":{"line":102,"column":8},"end":{"line":102,"column":51}},"57":{"start":{"line":104,"column":4},"end":{"line":104,"column":20}},"58":{"start":{"line":111,"column":50},"end":{"line":122,"column":1}},"59":{"start":{"line":114,"column":4},"end":{"line":120,"column":5}},"60":{"start":{"line":116,"column":8},"end":{"line":119,"column":9}},"61":{"start":{"line":118,"column":12},"end":{"line":118,"column":25}},"62":{"start":{"line":121,"column":4},"end":{"line":121,"column":16}},"63":{"start":{"line":138,"column":0},"end":{"line":179,"column":3}},"64":{"start":{"line":140,"column":26},"end":{"line":140,"column":38}},"65":{"start":{"line":143,"column":4},"end":{"line":178,"column":7}},"66":{"start":{"line":144,"column":8},"end":{"line":146,"column":9}},"67":{"start":{"line":145,"column":12},"end":{"line":145,"column":34}},"68":{"start":{"line":149,"column":25},"end":{"line":149,"column":29}},"69":{"start":{"line":152,"column":25},"end":{"line":152,"column":30}},"70":{"start":{"line":155,"column":23},"end":{"line":171,"column":10}},"71":{"start":{"line":156,"column":33},"end":{"line":156,"column":54}},"72":{"start":{"line":159,"column":12},"end":{"line":170,"column":13}},"73":{"start":{"line":160,"column":16},"end":{"line":160,"column":34}},"74":{"start":{"line":163,"column":16},"end":{"line":169,"column":19}},"75":{"start":{"line":166,"column":20},"end":{"line":168,"column":21}},"76":{"start":{"line":167,"column":24},"end":{"line":167,"column":43}},"77":{"start":{"line":174,"column":8},"end":{"line":177,"column":10}},"78":{"start":{"line":175,"column":12},"end":{"line":175,"column":50}},"79":{"start":{"line":176,"column":12},"end":{"line":176,"column":80}},"80":{"start":{"line":185,"column":0},"end":{"line":197,"column":3}},"81":{"start":{"line":186,"column":17},"end":{"line":186,"column":33}},"82":{"start":{"line":187,"column":19},"end":{"line":187,"column":37}},"83":{"start":{"line":188,"column":19},"end":{"line":188,"column":37}},"84":{"start":{"line":190,"column":4},"end":{"line":196,"column":7}},"85":{"start":{"line":191,"column":8},"end":{"line":195,"column":9}},"86":{"start":{"line":192,"column":12},"end":{"line":192,"column":50}},"87":{"start":{"line":194,"column":12},"end":{"line":194,"column":31}},"88":{"start":{"line":204,"column":0},"end":{"line":215,"column":3}},"89":{"start":{"line":205,"column":19},"end":{"line":205,"column":38}},"90":{"start":{"line":206,"column":3},"end":{"line":214,"column":5}},"91":{"start":{"line":209,"column":7},"end":{"line":213,"column":9}},"92":{"start":{"line":210,"column":12},"end":{"line":210,"column":98}},"93":{"start":{"line":212,"column":12},"end":{"line":212,"column":68}},"94":{"start":{"line":220,"column":0},"end":{"line":234,"column":3}},"95":{"start":{"line":221,"column":20},"end":{"line":221,"column":39}},"96":{"start":{"line":222,"column":4},"end":{"line":233,"column":7}},"97":{"start":{"line":225,"column":8},"end":{"line":232,"column":9}},"98":{"start":{"line":226,"column":12},"end":{"line":226,"column":37}},"99":{"start":{"line":227,"column":12},"end":{"line":227,"column":76}},"100":{"start":{"line":231,"column":12},"end":{"line":231,"column":68}},"101":{"start":{"line":238,"column":0},"end":{"line":249,"column":3}},"102":{"start":{"line":239,"column":22},"end":{"line":239,"column":44}},"103":{"start":{"line":241,"column":4},"end":{"line":248,"column":7}},"104":{"start":{"line":242,"column":8},"end":{"line":247,"column":9}},"105":{"start":{"line":243,"column":12},"end":{"line":243,"column":37}},"106":{"start":{"line":244,"column":12},"end":{"line":244,"column":76}},"107":{"start":{"line":246,"column":12},"end":{"line":246,"column":54}},"108":{"start":{"line":260,"column":0},"end":{"line":310,"column":3}},"109":{"start":{"line":261,"column":17},"end":{"line":261,"column":33}},"110":{"start":{"line":262,"column":23},"end":{"line":262,"column":45}},"111":{"start":{"line":264,"column":4},"end":{"line":299,"column":7}},"112":{"start":{"line":265,"column":8},"end":{"line":268,"column":9}},"113":{"start":{"line":266,"column":12},"end":{"line":266,"column":37}},"114":{"start":{"line":267,"column":12},"end":{"line":267,"column":76}},"115":{"start":{"line":270,"column":8},"end":{"line":298,"column":10}},"116":{"start":{"line":271,"column":12},"end":{"line":297,"column":13}},"117":{"start":{"line":272,"column":16},"end":{"line":272,"column":41}},"118":{"start":{"line":273,"column":16},"end":{"line":273,"column":80}},"119":{"start":{"line":275,"column":16},"end":{"line":296,"column":19}},"120":{"start":{"line":276,"column":20},"end":{"line":276,"column":53}},"121":{"start":{"line":277,"column":20},"end":{"line":277,"column":56}},"122":{"start":{"line":280,"column":20},"end":{"line":294,"column":21}},"123":{"start":{"line":281,"column":24},"end":{"line":291,"column":26}},"124":{"start":{"line":282,"column":28},"end":{"line":290,"column":29}},"125":{"start":{"line":283,"column":32},"end":{"line":283,"column":57}},"126":{"start":{"line":284,"column":32},"end":{"line":284,"column":96}},"127":{"start":{"line":286,"column":32},"end":{"line":288,"column":33}},"128":{"start":{"line":287,"column":36},"end":{"line":287,"column":71}},"129":{"start":{"line":289,"column":32},"end":{"line":289,"column":52}},"130":{"start":{"line":293,"column":24},"end":{"line":293,"column":44}},"131":{"start":{"line":313,"column":0},"end":{"line":329,"column":3}},"132":{"start":{"line":314,"column":15},"end":{"line":314,"column":29}},"133":{"start":{"line":315,"column":19},"end":{"line":315,"column":37}},"134":{"start":{"line":316,"column":17},"end":{"line":316,"column":33}},"135":{"start":{"line":318,"column":4},"end":{"line":328,"column":7}},"136":{"start":{"line":321,"column":8},"end":{"line":327,"column":9}},"137":{"start":{"line":322,"column":12},"end":{"line":322,"column":37}},"138":{"start":{"line":323,"column":12},"end":{"line":323,"column":76}},"139":{"start":{"line":326,"column":12},"end":{"line":326,"column":74}},"140":{"start":{"line":331,"column":0},"end":{"line":354,"column":3}},"141":{"start":{"line":333,"column":21},"end":{"line":333,"column":41}},"142":{"start":{"line":334,"column":20},"end":{"line":334,"column":40}},"143":{"start":{"line":335,"column":23},"end":{"line":335,"column":46}},"144":{"start":{"line":336,"column":22},"end":{"line":336,"column":44}},"145":{"start":{"line":337,"column":17},"end":{"line":337,"column":34}},"146":{"start":{"line":339,"column":4},"end":{"line":352,"column":7}},"147":{"start":{"line":341,"column":8},"end":{"line":351,"column":9}},"148":{"start":{"line":343,"column":12},"end":{"line":343,"column":33}},"149":{"start":{"line":344,"column":12},"end":{"line":344,"column":37}},"150":{"start":{"line":345,"column":12},"end":{"line":345,"column":76}},"151":{"start":{"line":349,"column":12},"end":{"line":349,"column":33}},"152":{"start":{"line":350,"column":12},"end":{"line":350,"column":69}},"153":{"start":{"line":356,"column":0},"end":{"line":374,"column":3}},"154":{"start":{"line":358,"column":17},"end":{"line":358,"column":34}},"155":{"start":{"line":360,"column":3},"end":{"line":372,"column":5}},"156":{"start":{"line":362,"column":7},"end":{"line":371,"column":8}},"157":{"start":{"line":364,"column":11},"end":{"line":364,"column":47}},"158":{"start":{"line":365,"column":11},"end":{"line":365,"column":74}},"159":{"start":{"line":369,"column":11},"end":{"line":369,"column":47}},"160":{"start":{"line":370,"column":11},"end":{"line":370,"column":53}},"161":{"start":{"line":376,"column":0},"end":{"line":395,"column":3}},"162":{"start":{"line":378,"column":18},"end":{"line":378,"column":35}},"163":{"start":{"line":379,"column":16},"end":{"line":379,"column":32}},"164":{"start":{"line":381,"column":4},"end":{"line":394,"column":6}},"165":{"start":{"line":383,"column":8},"end":{"line":392,"column":9}},"166":{"start":{"line":385,"column":12},"end":{"line":385,"column":48}},"167":{"start":{"line":386,"column":12},"end":{"line":386,"column":75}},"168":{"start":{"line":390,"column":12},"end":{"line":390,"column":48}},"169":{"start":{"line":391,"column":12},"end":{"line":391,"column":54}},"170":{"start":{"line":399,"column":0},"end":{"line":411,"column":2}},"171":{"start":{"line":400,"column":17},"end":{"line":400,"column":33}},"172":{"start":{"line":401,"column":4},"end":{"line":410,"column":6}},"173":{"start":{"line":402,"column":8},"end":{"line":409,"column":9}},"174":{"start":{"line":403,"column":12},"end":{"line":403,"column":48}},"175":{"start":{"line":404,"column":12},"end":{"line":404,"column":75}},"176":{"start":{"line":407,"column":12},"end":{"line":407,"column":54}},"177":{"start":{"line":413,"column":0},"end":{"line":428,"column":3}},"178":{"start":{"line":414,"column":17},"end":{"line":414,"column":33}},"179":{"start":{"line":415,"column":23},"end":{"line":415,"column":45}},"180":{"start":{"line":416,"column":19},"end":{"line":416,"column":48}},"181":{"start":{"line":417,"column":4},"end":{"line":427,"column":6}},"182":{"start":{"line":418,"column":8},"end":{"line":426,"column":9}},"183":{"start":{"line":419,"column":12},"end":{"line":419,"column":63}},"184":{"start":{"line":420,"column":12},"end":{"line":420,"column":48}},"185":{"start":{"line":421,"column":12},"end":{"line":421,"column":75}},"186":{"start":{"line":424,"column":12},"end":{"line":424,"column":48}},"187":{"start":{"line":425,"column":12},"end":{"line":425,"column":54}},"188":{"start":{"line":430,"column":0},"end":{"line":445,"column":3}},"189":{"start":{"line":431,"column":17},"end":{"line":431,"column":33}},"190":{"start":{"line":432,"column":23},"end":{"line":432,"column":45}},"191":{"start":{"line":433,"column":19},"end":{"line":433,"column":37}},"192":{"start":{"line":434,"column":4},"end":{"line":444,"column":6}},"193":{"start":{"line":435,"column":8},"end":{"line":443,"column":9}},"194":{"start":{"line":436,"column":12},"end":{"line":436,"column":53}},"195":{"start":{"line":437,"column":12},"end":{"line":437,"column":48}},"196":{"start":{"line":438,"column":12},"end":{"line":438,"column":75}},"197":{"start":{"line":441,"column":12},"end":{"line":441,"column":48}},"198":{"start":{"line":442,"column":12},"end":{"line":442,"column":54}},"199":{"start":{"line":449,"column":0},"end":{"line":464,"column":3}},"200":{"start":{"line":450,"column":18},"end":{"line":450,"column":35}},"201":{"start":{"line":451,"column":19},"end":{"line":451,"column":37}},"202":{"start":{"line":453,"column":4},"end":{"line":463,"column":6}},"203":{"start":{"line":454,"column":8},"end":{"line":461,"column":9}},"204":{"start":{"line":455,"column":12},"end":{"line":455,"column":48}},"205":{"start":{"line":456,"column":12},"end":{"line":456,"column":75}},"206":{"start":{"line":459,"column":12},"end":{"line":459,"column":48}},"207":{"start":{"line":460,"column":12},"end":{"line":460,"column":54}},"208":{"start":{"line":466,"column":0},"end":{"line":466,"column":24}}},"fnMap":{"0":{"name":"(anonymous_0)","decl":{"start":{"line":9,"column":9},"end":{"line":9,"column":10}},"loc":{"start":{"line":9,"column":28},"end":{"line":15,"column":1}},"line":9},"1":{"name":"(anonymous_1)","decl":{"start":{"line":17,"column":22},"end":{"line":17,"column":23}},"loc":{"start":{"line":17,"column":44},"end":{"line":37,"column":1}},"line":17},"2":{"name":"(anonymous_2)","decl":{"start":{"line":42,"column":34},"end":{"line":42,"column":35}},"loc":{"start":{"line":42,"column":53},"end":{"line":55,"column":1}},"line":42},"3":{"name":"(anonymous_3)","decl":{"start":{"line":44,"column":38},"end":{"line":44,"column":39}},"loc":{"start":{"line":44,"column":57},"end":{"line":54,"column":5}},"line":44},"4":{"name":"(anonymous_4)","decl":{"start":{"line":50,"column":34},"end":{"line":50,"column":35}},"loc":{"start":{"line":50,"column":54},"end":{"line":52,"column":13}},"line":50},"5":{"name":"(anonymous_5)","decl":{"start":{"line":59,"column":24},"end":{"line":59,"column":25}},"loc":{"start":{"line":59,"column":43},"end":{"line":73,"column":1}},"line":59},"6":{"name":"(anonymous_6)","decl":{"start":{"line":65,"column":46},"end":{"line":65,"column":47}},"loc":{"start":{"line":65,"column":70},"end":{"line":72,"column":3}},"line":65},"7":{"name":"(anonymous_7)","decl":{"start":{"line":77,"column":27},"end":{"line":77,"column":28}},"loc":{"start":{"line":77,"column":46},"end":{"line":93,"column":1}},"line":77},"8":{"name":"(anonymous_8)","decl":{"start":{"line":81,"column":41},"end":{"line":81,"column":42}},"loc":{"start":{"line":81,"column":60},"end":{"line":92,"column":5}},"line":81},"9":{"name":"(anonymous_9)","decl":{"start":{"line":98,"column":32},"end":{"line":98,"column":33}},"loc":{"start":{"line":98,"column":58},"end":{"line":105,"column":1}},"line":98},"10":{"name":"(anonymous_10)","decl":{"start":{"line":111,"column":50},"end":{"line":111,"column":51}},"loc":{"start":{"line":111,"column":92},"end":{"line":122,"column":1}},"line":111},"11":{"name":"(anonymous_11)","decl":{"start":{"line":138,"column":34},"end":{"line":138,"column":35}},"loc":{"start":{"line":138,"column":57},"end":{"line":179,"column":1}},"line":138},"12":{"name":"(anonymous_12)","decl":{"start":{"line":143,"column":57},"end":{"line":143,"column":58}},"loc":{"start":{"line":143,"column":86},"end":{"line":178,"column":5}},"line":143},"13":{"name":"(anonymous_13)","decl":{"start":{"line":155,"column":40},"end":{"line":155,"column":41}},"loc":{"start":{"line":155,"column":56},"end":{"line":171,"column":9}},"line":155},"14":{"name":"(anonymous_14)","decl":{"start":{"line":163,"column":67},"end":{"line":163,"column":68}},"loc":{"start":{"line":163,"column":92},"end":{"line":169,"column":17}},"line":163},"15":{"name":"(anonymous_15)","decl":{"start":{"line":174,"column":35},"end":{"line":174,"column":36}},"loc":{"start":{"line":174,"column":46},"end":{"line":177,"column":9}},"line":174},"16":{"name":"(anonymous_16)","decl":{"start":{"line":185,"column":36},"end":{"line":185,"column":37}},"loc":{"start":{"line":185,"column":55},"end":{"line":197,"column":1}},"line":185},"17":{"name":"(anonymous_17)","decl":{"start":{"line":190,"column":59},"end":{"line":190,"column":60}},"loc":{"start":{"line":190,"column":82},"end":{"line":196,"column":5}},"line":190},"18":{"name":"(anonymous_18)","decl":{"start":{"line":204,"column":21},"end":{"line":204,"column":22}},"loc":{"start":{"line":204,"column":40},"end":{"line":215,"column":1}},"line":204},"19":{"name":"(anonymous_19)","decl":{"start":{"line":206,"column":27},"end":{"line":206,"column":28}},"loc":{"start":{"line":206,"column":49},"end":{"line":214,"column":4}},"line":206},"20":{"name":"(anonymous_20)","decl":{"start":{"line":220,"column":27},"end":{"line":220,"column":28}},"loc":{"start":{"line":220,"column":46},"end":{"line":234,"column":1}},"line":220},"21":{"name":"(anonymous_21)","decl":{"start":{"line":222,"column":34},"end":{"line":222,"column":35}},"loc":{"start":{"line":222,"column":56},"end":{"line":233,"column":5}},"line":222},"22":{"name":"(anonymous_22)","decl":{"start":{"line":238,"column":33},"end":{"line":238,"column":34}},"loc":{"start":{"line":238,"column":52},"end":{"line":249,"column":1}},"line":238},"23":{"name":"(anonymous_23)","decl":{"start":{"line":241,"column":43},"end":{"line":241,"column":44}},"loc":{"start":{"line":241,"column":62},"end":{"line":248,"column":5}},"line":241},"24":{"name":"(anonymous_24)","decl":{"start":{"line":260,"column":31},"end":{"line":260,"column":32}},"loc":{"start":{"line":260,"column":50},"end":{"line":310,"column":1}},"line":260},"25":{"name":"(anonymous_25)","decl":{"start":{"line":264,"column":63},"end":{"line":264,"column":64}},"loc":{"start":{"line":264,"column":83},"end":{"line":299,"column":5}},"line":264},"26":{"name":"(anonymous_26)","decl":{"start":{"line":270,"column":53},"end":{"line":270,"column":54}},"loc":{"start":{"line":270,"column":77},"end":{"line":298,"column":9}},"line":270},"27":{"name":"(anonymous_27)","decl":{"start":{"line":275,"column":38},"end":{"line":275,"column":39}},"loc":{"start":{"line":275,"column":58},"end":{"line":296,"column":17}},"line":275},"28":{"name":"(anonymous_28)","decl":{"start":{"line":281,"column":87},"end":{"line":281,"column":88}},"loc":{"start":{"line":281,"column":108},"end":{"line":291,"column":25}},"line":281},"29":{"name":"(anonymous_29)","decl":{"start":{"line":313,"column":33},"end":{"line":313,"column":34}},"loc":{"start":{"line":313,"column":52},"end":{"line":329,"column":1}},"line":313},"30":{"name":"(anonymous_30)","decl":{"start":{"line":318,"column":53},"end":{"line":318,"column":54}},"loc":{"start":{"line":318,"column":81},"end":{"line":328,"column":5}},"line":318},"31":{"name":"(anonymous_31)","decl":{"start":{"line":331,"column":28},"end":{"line":331,"column":29}},"loc":{"start":{"line":332,"column":0},"end":{"line":354,"column":1}},"line":332},"32":{"name":"(anonymous_32)","decl":{"start":{"line":339,"column":86},"end":{"line":339,"column":87}},"loc":{"start":{"line":340,"column":4},"end":{"line":352,"column":5}},"line":340},"33":{"name":"(anonymous_33)","decl":{"start":{"line":356,"column":28},"end":{"line":356,"column":29}},"loc":{"start":{"line":357,"column":0},"end":{"line":374,"column":1}},"line":357},"34":{"name":"(anonymous_34)","decl":{"start":{"line":360,"column":32},"end":{"line":360,"column":33}},"loc":{"start":{"line":361,"column":3},"end":{"line":372,"column":4}},"line":361},"35":{"name":"(anonymous_35)","decl":{"start":{"line":376,"column":25},"end":{"line":376,"column":26}},"loc":{"start":{"line":377,"column":0},"end":{"line":395,"column":1}},"line":377},"36":{"name":"(anonymous_36)","decl":{"start":{"line":381,"column":38},"end":{"line":381,"column":39}},"loc":{"start":{"line":382,"column":4},"end":{"line":394,"column":5}},"line":382},"37":{"name":"(anonymous_37)","decl":{"start":{"line":399,"column":31},"end":{"line":399,"column":32}},"loc":{"start":{"line":399,"column":49},"end":{"line":411,"column":1}},"line":399},"38":{"name":"(anonymous_38)","decl":{"start":{"line":401,"column":35},"end":{"line":401,"column":36}},"loc":{"start":{"line":401,"column":56},"end":{"line":410,"column":5}},"line":401},"39":{"name":"(anonymous_39)","decl":{"start":{"line":413,"column":35},"end":{"line":413,"column":36}},"loc":{"start":{"line":413,"column":53},"end":{"line":428,"column":1}},"line":413},"40":{"name":"(anonymous_40)","decl":{"start":{"line":417,"column":63},"end":{"line":417,"column":64}},"loc":{"start":{"line":417,"column":84},"end":{"line":427,"column":5}},"line":417},"41":{"name":"(anonymous_41)","decl":{"start":{"line":430,"column":35},"end":{"line":430,"column":36}},"loc":{"start":{"line":430,"column":53},"end":{"line":445,"column":1}},"line":430},"42":{"name":"(anonymous_42)","decl":{"start":{"line":434,"column":63},"end":{"line":434,"column":64}},"loc":{"start":{"line":434,"column":84},"end":{"line":444,"column":5}},"line":434},"43":{"name":"(anonymous_43)","decl":{"start":{"line":449,"column":35},"end":{"line":449,"column":36}},"loc":{"start":{"line":449,"column":54},"end":{"line":464,"column":1}},"line":449},"44":{"name":"(anonymous_44)","decl":{"start":{"line":453,"column":50},"end":{"line":453,"column":51}},"loc":{"start":{"line":453,"column":71},"end":{"line":463,"column":5}},"line":453}},"branchMap":{"0":{"loc":{"start":{"line":29,"column":8},"end":{"line":31,"column":9}},"type":"if","locations":[{"start":{"line":29,"column":8},"end":{"line":31,"column":9}},{"start":{"line":29,"column":8},"end":{"line":31,"column":9}}],"line":29},"1":{"loc":{"start":{"line":45,"column":8},"end":{"line":53,"column":9}},"type":"if","locations":[{"start":{"line":45,"column":8},"end":{"line":53,"column":9}},{"start":{"line":45,"column":8},"end":{"line":53,"column":9}}],"line":45},"2":{"loc":{"start":{"line":66,"column":6},"end":{"line":71,"column":7}},"type":"if","locations":[{"start":{"line":66,"column":6},"end":{"line":71,"column":7}},{"start":{"line":66,"column":6},"end":{"line":71,"column":7}}],"line":66},"3":{"loc":{"start":{"line":82,"column":8},"end":{"line":91,"column":9}},"type":"if","locations":[{"start":{"line":82,"column":8},"end":{"line":91,"column":9}},{"start":{"line":82,"column":8},"end":{"line":91,"column":9}}],"line":82},"4":{"loc":{"start":{"line":116,"column":8},"end":{"line":119,"column":9}},"type":"if","locations":[{"start":{"line":116,"column":8},"end":{"line":119,"column":9}},{"start":{"line":116,"column":8},"end":{"line":119,"column":9}}],"line":116},"5":{"loc":{"start":{"line":116,"column":12},"end":{"line":116,"column":89}},"type":"binary-expr","locations":[{"start":{"line":116,"column":12},"end":{"line":116,"column":36}},{"start":{"line":116,"column":40},"end":{"line":116,"column":89}}],"line":116},"6":{"loc":{"start":{"line":144,"column":8},"end":{"line":146,"column":9}},"type":"if","locations":[{"start":{"line":144,"column":8},"end":{"line":146,"column":9}},{"start":{"line":144,"column":8},"end":{"line":146,"column":9}}],"line":144},"7":{"loc":{"start":{"line":159,"column":12},"end":{"line":170,"column":13}},"type":"if","locations":[{"start":{"line":159,"column":12},"end":{"line":170,"column":13}},{"start":{"line":159,"column":12},"end":{"line":170,"column":13}}],"line":159},"8":{"loc":{"start":{"line":166,"column":20},"end":{"line":168,"column":21}},"type":"if","locations":[{"start":{"line":166,"column":20},"end":{"line":168,"column":21}},{"start":{"line":166,"column":20},"end":{"line":168,"column":21}}],"line":166},"9":{"loc":{"start":{"line":175,"column":25},"end":{"line":175,"column":49}},"type":"binary-expr","locations":[{"start":{"line":175,"column":25},"end":{"line":175,"column":35}},{"start":{"line":175,"column":39},"end":{"line":175,"column":49}}],"line":175},"10":{"loc":{"start":{"line":191,"column":8},"end":{"line":195,"column":9}},"type":"if","locations":[{"start":{"line":191,"column":8},"end":{"line":195,"column":9}},{"start":{"line":191,"column":8},"end":{"line":195,"column":9}}],"line":191},"11":{"loc":{"start":{"line":209,"column":7},"end":{"line":213,"column":9}},"type":"if","locations":[{"start":{"line":209,"column":7},"end":{"line":213,"column":9}},{"start":{"line":209,"column":7},"end":{"line":213,"column":9}}],"line":209},"12":{"loc":{"start":{"line":225,"column":8},"end":{"line":232,"column":9}},"type":"if","locations":[{"start":{"line":225,"column":8},"end":{"line":232,"column":9}},{"start":{"line":225,"column":8},"end":{"line":232,"column":9}}],"line":225},"13":{"loc":{"start":{"line":242,"column":8},"end":{"line":247,"column":9}},"type":"if","locations":[{"start":{"line":242,"column":8},"end":{"line":247,"column":9}},{"start":{"line":242,"column":8},"end":{"line":247,"column":9}}],"line":242},"14":{"loc":{"start":{"line":265,"column":8},"end":{"line":268,"column":9}},"type":"if","locations":[{"start":{"line":265,"column":8},"end":{"line":268,"column":9}},{"start":{"line":265,"column":8},"end":{"line":268,"column":9}}],"line":265},"15":{"loc":{"start":{"line":271,"column":12},"end":{"line":297,"column":13}},"type":"if","locations":[{"start":{"line":271,"column":12},"end":{"line":297,"column":13}},{"start":{"line":271,"column":12},"end":{"line":297,"column":13}}],"line":271},"16":{"loc":{"start":{"line":280,"column":20},"end":{"line":294,"column":21}},"type":"if","locations":[{"start":{"line":280,"column":20},"end":{"line":294,"column":21}},{"start":{"line":280,"column":20},"end":{"line":294,"column":21}}],"line":280},"17":{"loc":{"start":{"line":282,"column":28},"end":{"line":290,"column":29}},"type":"if","locations":[{"start":{"line":282,"column":28},"end":{"line":290,"column":29}},{"start":{"line":282,"column":28},"end":{"line":290,"column":29}}],"line":282},"18":{"loc":{"start":{"line":286,"column":32},"end":{"line":288,"column":33}},"type":"if","locations":[{"start":{"line":286,"column":32},"end":{"line":288,"column":33}},{"start":{"line":286,"column":32},"end":{"line":288,"column":33}}],"line":286},"19":{"loc":{"start":{"line":321,"column":8},"end":{"line":327,"column":9}},"type":"if","locations":[{"start":{"line":321,"column":8},"end":{"line":327,"column":9}},{"start":{"line":321,"column":8},"end":{"line":327,"column":9}}],"line":321},"20":{"loc":{"start":{"line":341,"column":8},"end":{"line":351,"column":9}},"type":"if","locations":[{"start":{"line":341,"column":8},"end":{"line":351,"column":9}},{"start":{"line":341,"column":8},"end":{"line":351,"column":9}}],"line":341},"21":{"loc":{"start":{"line":362,"column":7},"end":{"line":371,"column":8}},"type":"if","locations":[{"start":{"line":362,"column":7},"end":{"line":371,"column":8}},{"start":{"line":362,"column":7},"end":{"line":371,"column":8}}],"line":362},"22":{"loc":{"start":{"line":383,"column":8},"end":{"line":392,"column":9}},"type":"if","locations":[{"start":{"line":383,"column":8},"end":{"line":392,"column":9}},{"start":{"line":383,"column":8},"end":{"line":392,"column":9}}],"line":383},"23":{"loc":{"start":{"line":402,"column":8},"end":{"line":409,"column":9}},"type":"if","locations":[{"start":{"line":402,"column":8},"end":{"line":409,"column":9}},{"start":{"line":402,"column":8},"end":{"line":409,"column":9}}],"line":402},"24":{"loc":{"start":{"line":418,"column":8},"end":{"line":426,"column":9}},"type":"if","locations":[{"start":{"line":418,"column":8},"end":{"line":426,"column":9}},{"start":{"line":418,"column":8},"end":{"line":426,"column":9}}],"line":418},"25":{"loc":{"start":{"line":435,"column":8},"end":{"line":443,"column":9}},"type":"if","locations":[{"start":{"line":435,"column":8},"end":{"line":443,"column":9}},{"start":{"line":435,"column":8},"end":{"line":443,"column":9}}],"line":435},"26":{"loc":{"start":{"line":454,"column":8},"end":{"line":461,"column":9}},"type":"if","locations":[{"start":{"line":454,"column":8},"end":{"line":461,"column":9}},{"start":{"line":454,"column":8},"end":{"line":461,"column":9}}],"line":454}},"s":{"0":1,"1":1,"2":1,"3":1,"4":1,"5":1,"6":1,"7":0,"8":0,"9":0,"10":1,"11":1,"12":1,"13":1,"14":1,"15":1,"16":0,"17":0,"18":0,"19":0,"20":0,"21":0,"22":1,"23":1,"24":0,"25":0,"26":0,"27":0,"28":0,"29":0,"30":0,"31":1,"32":0,"33":0,"34":0,"35":0,"36":0,"37":0,"38":0,"39":0,"40":0,"41":1,"42":0,"43":0,"44":0,"45":0,"46":0,"47":0,"48":0,"49":0,"50":0,"51":0,"52":0,"53":1,"54":2,"55":2,"56":8,"57":2,"58":1,"59":2,"60":4,"61":1,"62":1,"63":1,"64":2,"65":2,"66":2,"67":0,"68":2,"69":2,"70":2,"71":2,"72":2,"73":2,"74":2,"75":2,"76":1,"77":2,"78":2,"79":2,"80":1,"81":0,"82":0,"83":0,"84":0,"85":0,"86":0,"87":0,"88":1,"89":0,"90":0,"91":0,"92":0,"93":0,"94":1,"95":0,"96":0,"97":0,"98":0,"99":0,"100":0,"101":1,"102":1,"103":1,"104":1,"105":0,"106":0,"107":1,"108":1,"109":1,"110":1,"111":1,"112":1,"113":0,"114":0,"115":1,"116":1,"117":0,"118":0,"119":1,"120":1,"121":1,"122":1,"123":0,"124":0,"125":0,"126":0,"127":0,"128":0,"129":0,"130":1,"131":1,"132":1,"133":1,"134":1,"135":1,"136":1,"137":0,"138":0,"139":1,"140":1,"141":1,"142":1,"143":1,"144":1,"145":1,"146":1,"147":1,"148":0,"149":0,"150":0,"151":1,"152":1,"153":1,"154":1,"155":1,"156":1,"157":0,"158":0,"159":1,"160":1,"161":1,"162":0,"163":0,"164":0,"165":0,"166":0,"167":0,"168":0,"169":0,"170":1,"171":0,"172":0,"173":0,"174":0,"175":0,"176":0,"177":1,"178":2,"179":2,"180":2,"181":2,"182":2,"183":0,"184":0,"185":0,"186":2,"187":2,"188":1,"189":1,"190":1,"191":1,"192":1,"193":1,"194":0,"195":0,"196":0,"197":1,"198":1,"199":1,"200":0,"201":0,"202":0,"203":0,"204":0,"205":0,"206":0,"207":0,"208":1},"f":{"0":0,"1":1,"2":0,"3":0,"4":0,"5":0,"6":0,"7":0,"8":0,"9":2,"10":2,"11":2,"12":2,"13":2,"14":2,"15":2,"16":0,"17":0,"18":0,"19":0,"20":0,"21":0,"22":1,"23":1,"24":1,"25":1,"26":1,"27":1,"28":0,"29":1,"30":1,"31":1,"32":1,"33":1,"34":1,"35":0,"36":0,"37":0,"38":0,"39":2,"40":2,"41":1,"42":1,"43":0,"44":0},"b":{"0":[0,0],"1":[0,0],"2":[0,0],"3":[0,0],"4":[3,1],"5":[4,4],"6":[0,2],"7":[2,0],"8":[1,1],"9":[2,1],"10":[0,0],"11":[0,0],"12":[0,0],"13":[0,1],"14":[0,1],"15":[0,1],"16":[0,1],"17":[0,0],"18":[0,0],"19":[0,1],"20":[0,1],"21":[0,1],"22":[0,0],"23":[0,0],"24":[0,2],"25":[0,1],"26":[0,0]},"_coverageSchema":"332fd63041d2c1bcb487cc26dd0d5f7d97098a6c","hash":"5e488cc7bb83a567009845f83499a69d38b9e0f1","contentHash":"c89ea60a0db0b7790392c72d3c7d9d28_11.6.0"},"C:\\Users\\Chase\\Desktop\\506\\hsta-server\\models\\db_api.js":{"path":"C:\\Users\\Chase\\Desktop\\506\\hsta-server\\models\\db_api.js","statementMap":{"0":{"start":{"line":1,"column":9},"end":{"line":1,"column":28}},"1":{"start":{"line":2,"column":12},"end":{"line":2,"column":28}},"2":{"start":{"line":5,"column":0},"end":{"line":14,"column":2}},"3":{"start":{"line":6,"column":15},"end":{"line":6,"column":26}},"4":{"start":{"line":7,"column":2},"end":{"line":13,"column":4}},"5":{"start":{"line":8,"column":6},"end":{"line":11,"column":7}},"6":{"start":{"line":9,"column":10},"end":{"line":9,"column":35}},"7":{"start":{"line":10,"column":10},"end":{"line":10,"column":27}},"8":{"start":{"line":12,"column":6},"end":{"line":12,"column":33}},"9":{"start":{"line":16,"column":0},"end":{"line":25,"column":2}},"10":{"start":{"line":17,"column":4},"end":{"line":24,"column":6}},"11":{"start":{"line":18,"column":8},"end":{"line":22,"column":9}},"12":{"start":{"line":19,"column":12},"end":{"line":19,"column":42}},"13":{"start":{"line":20,"column":12},"end":{"line":20,"column":37}},"14":{"start":{"line":21,"column":12},"end":{"line":21,"column":29}},"15":{"start":{"line":23,"column":8},"end":{"line":23,"column":24}},"16":{"start":{"line":27,"column":0},"end":{"line":40,"column":2}},"17":{"start":{"line":30,"column":4},"end":{"line":39,"column":6}},"18":{"start":{"line":33,"column":8},"end":{"line":37,"column":9}},"19":{"start":{"line":34,"column":12},"end":{"line":34,"column":42}},"20":{"start":{"line":35,"column":12},"end":{"line":35,"column":37}},"21":{"start":{"line":36,"column":12},"end":{"line":36,"column":29}},"22":{"start":{"line":38,"column":8},"end":{"line":38,"column":24}},"23":{"start":{"line":42,"column":0},"end":{"line":51,"column":1}},"24":{"start":{"line":43,"column":4},"end":{"line":50,"column":10}},"25":{"start":{"line":45,"column":8},"end":{"line":48,"column":9}},"26":{"start":{"line":46,"column":12},"end":{"line":46,"column":37}},"27":{"start":{"line":47,"column":12},"end":{"line":47,"column":29}},"28":{"start":{"line":49,"column":8},"end":{"line":49,"column":26}},"29":{"start":{"line":53,"column":0},"end":{"line":62,"column":2}},"30":{"start":{"line":54,"column":17},"end":{"line":54,"column":45}},"31":{"start":{"line":55,"column":4},"end":{"line":61,"column":6}},"32":{"start":{"line":56,"column":8},"end":{"line":59,"column":9}},"33":{"start":{"line":57,"column":12},"end":{"line":57,"column":37}},"34":{"start":{"line":58,"column":12},"end":{"line":58,"column":29}},"35":{"start":{"line":60,"column":8},"end":{"line":60,"column":35}},"36":{"start":{"line":64,"column":0},"end":{"line":73,"column":2}},"37":{"start":{"line":66,"column":16},"end":{"line":66,"column":34}},"38":{"start":{"line":67,"column":4},"end":{"line":72,"column":6}},"39":{"start":{"line":68,"column":6},"end":{"line":70,"column":7}},"40":{"start":{"line":69,"column":10},"end":{"line":69,"column":27}},"41":{"start":{"line":71,"column":6},"end":{"line":71,"column":25}},"42":{"start":{"line":75,"column":0},"end":{"line":86,"column":2}},"43":{"start":{"line":76,"column":17},"end":{"line":76,"column":45}},"44":{"start":{"line":77,"column":4},"end":{"line":85,"column":6}},"45":{"start":{"line":80,"column":8},"end":{"line":83,"column":9}},"46":{"start":{"line":81,"column":12},"end":{"line":81,"column":37}},"47":{"start":{"line":82,"column":12},"end":{"line":82,"column":29}},"48":{"start":{"line":84,"column":8},"end":{"line":84,"column":27}},"49":{"start":{"line":88,"column":0},"end":{"line":98,"column":2}},"50":{"start":{"line":89,"column":17},"end":{"line":89,"column":35}},"51":{"start":{"line":90,"column":4},"end":{"line":97,"column":6}},"52":{"start":{"line":92,"column":8},"end":{"line":95,"column":9}},"53":{"start":{"line":93,"column":12},"end":{"line":93,"column":37}},"54":{"start":{"line":94,"column":12},"end":{"line":94,"column":29}},"55":{"start":{"line":96,"column":8},"end":{"line":96,"column":28}},"56":{"start":{"line":100,"column":0},"end":{"line":112,"column":2}},"57":{"start":{"line":101,"column":17},"end":{"line":101,"column":28}},"58":{"start":{"line":102,"column":4},"end":{"line":111,"column":6}},"59":{"start":{"line":103,"column":8},"end":{"line":110,"column":9}},"60":{"start":{"line":104,"column":12},"end":{"line":104,"column":37}},"61":{"start":{"line":105,"column":12},"end":{"line":105,"column":31}},"62":{"start":{"line":106,"column":15},"end":{"line":110,"column":9}},"63":{"start":{"line":107,"column":12},"end":{"line":107,"column":36}},"64":{"start":{"line":109,"column":12},"end":{"line":109,"column":42}},"65":{"start":{"line":114,"column":0},"end":{"line":123,"column":2}},"66":{"start":{"line":115,"column":17},"end":{"line":115,"column":41}},"67":{"start":{"line":116,"column":4},"end":{"line":122,"column":6}},"68":{"start":{"line":117,"column":8},"end":{"line":120,"column":9}},"69":{"start":{"line":118,"column":12},"end":{"line":118,"column":37}},"70":{"start":{"line":119,"column":12},"end":{"line":119,"column":29}},"71":{"start":{"line":121,"column":8},"end":{"line":121,"column":35}},"72":{"start":{"line":125,"column":0},"end":{"line":133,"column":2}},"73":{"start":{"line":126,"column":16},"end":{"line":126,"column":30}},"74":{"start":{"line":127,"column":4},"end":{"line":132,"column":6}},"75":{"start":{"line":128,"column":8},"end":{"line":130,"column":9}},"76":{"start":{"line":129,"column":12},"end":{"line":129,"column":29}},"77":{"start":{"line":131,"column":8},"end":{"line":131,"column":27}},"78":{"start":{"line":135,"column":31},"end":{"line":143,"column":1}},"79":{"start":{"line":136,"column":4},"end":{"line":142,"column":6}},"80":{"start":{"line":137,"column":8},"end":{"line":140,"column":9}},"81":{"start":{"line":138,"column":12},"end":{"line":138,"column":37}},"82":{"start":{"line":139,"column":12},"end":{"line":139,"column":29}},"83":{"start":{"line":141,"column":8},"end":{"line":141,"column":36}},"84":{"start":{"line":146,"column":0},"end":{"line":228,"column":2}},"85":{"start":{"line":147,"column":4},"end":{"line":227,"column":6}},"86":{"start":{"line":148,"column":8},"end":{"line":152,"column":9}},"87":{"start":{"line":149,"column":12},"end":{"line":149,"column":42}},"88":{"start":{"line":150,"column":12},"end":{"line":150,"column":37}},"89":{"start":{"line":151,"column":12},"end":{"line":151,"column":29}},"90":{"start":{"line":153,"column":8},"end":{"line":157,"column":9}},"91":{"start":{"line":154,"column":12},"end":{"line":154,"column":55}},"92":{"start":{"line":155,"column":12},"end":{"line":155,"column":48}},"93":{"start":{"line":156,"column":12},"end":{"line":156,"column":29}},"94":{"start":{"line":159,"column":8},"end":{"line":165,"column":15}},"95":{"start":{"line":163,"column":16},"end":{"line":163,"column":35}},"96":{"start":{"line":164,"column":16},"end":{"line":164,"column":59}},"97":{"start":{"line":168,"column":12},"end":{"line":225,"column":13}},"98":{"start":{"line":171,"column":32},"end":{"line":171,"column":52}},"99":{"start":{"line":172,"column":36},"end":{"line":172,"column":37}},"100":{"start":{"line":173,"column":20},"end":{"line":223,"column":21}},"101":{"start":{"line":175,"column":38},"end":{"line":175,"column":39}},"102":{"start":{"line":178,"column":28},"end":{"line":185,"column":30}},"103":{"start":{"line":180,"column":32},"end":{"line":184,"column":35}},"104":{"start":{"line":181,"column":36},"end":{"line":182,"column":59}},"105":{"start":{"line":182,"column":40},"end":{"line":182,"column":59}},"106":{"start":{"line":183,"column":36},"end":{"line":183,"column":55}},"107":{"start":{"line":187,"column":24},"end":{"line":222,"column":31}},"108":{"start":{"line":191,"column":42},"end":{"line":191,"column":59}},"109":{"start":{"line":193,"column":32},"end":{"line":196,"column":35}},"110":{"start":{"line":197,"column":32},"end":{"line":197,"column":60}},"111":{"start":{"line":199,"column":32},"end":{"line":211,"column":33}},"112":{"start":{"line":200,"column":46},"end":{"line":200,"column":63}},"113":{"start":{"line":201,"column":36},"end":{"line":207,"column":39}},"114":{"start":{"line":209,"column":36},"end":{"line":209,"column":64}},"115":{"start":{"line":212,"column":32},"end":{"line":212,"column":42}},"116":{"start":{"line":213,"column":32},"end":{"line":213,"column":44}},"117":{"start":{"line":214,"column":32},"end":{"line":217,"column":33}},"118":{"start":{"line":215,"column":36},"end":{"line":215,"column":74}},"119":{"start":{"line":216,"column":36},"end":{"line":216,"column":54}},"120":{"start":{"line":220,"column":32},"end":{"line":220,"column":72}},"121":{"start":{"line":221,"column":32},"end":{"line":221,"column":49}},"122":{"start":{"line":230,"column":37},"end":{"line":237,"column":1}},"123":{"start":{"line":231,"column":4},"end":{"line":231,"column":19}},"124":{"start":{"line":232,"column":19},"end":{"line":234,"column":6}},"125":{"start":{"line":233,"column":8},"end":{"line":233,"column":55}},"126":{"start":{"line":236,"column":4},"end":{"line":236,"column":48}},"127":{"start":{"line":239,"column":0},"end":{"line":252,"column":2}},"128":{"start":{"line":240,"column":4},"end":{"line":251,"column":10}},"129":{"start":{"line":242,"column":8},"end":{"line":249,"column":9}},"130":{"start":{"line":243,"column":12},"end":{"line":243,"column":46}},"131":{"start":{"line":244,"column":12},"end":{"line":244,"column":37}},"132":{"start":{"line":245,"column":12},"end":{"line":245,"column":29}},"133":{"start":{"line":248,"column":12},"end":{"line":248,"column":31}},"134":{"start":{"line":254,"column":0},"end":{"line":279,"column":2}},"135":{"start":{"line":256,"column":4},"end":{"line":276,"column":7}},"136":{"start":{"line":257,"column":8},"end":{"line":275,"column":9}},"137":{"start":{"line":258,"column":12},"end":{"line":258,"column":64}},"138":{"start":{"line":259,"column":12},"end":{"line":259,"column":37}},"139":{"start":{"line":260,"column":12},"end":{"line":260,"column":29}},"140":{"start":{"line":263,"column":12},"end":{"line":274,"column":14}},"141":{"start":{"line":264,"column":16},"end":{"line":273,"column":18}},"142":{"start":{"line":265,"column":20},"end":{"line":272,"column":21}},"143":{"start":{"line":266,"column":24},"end":{"line":266,"column":78}},"144":{"start":{"line":267,"column":24},"end":{"line":267,"column":49}},"145":{"start":{"line":268,"column":24},"end":{"line":268,"column":41}},"146":{"start":{"line":271,"column":24},"end":{"line":271,"column":43}},"147":{"start":{"line":281,"column":0},"end":{"line":303,"column":2}},"148":{"start":{"line":282,"column":17},"end":{"line":282,"column":39}},"149":{"start":{"line":284,"column":4},"end":{"line":301,"column":6}},"150":{"start":{"line":285,"column":8},"end":{"line":288,"column":9}},"151":{"start":{"line":286,"column":12},"end":{"line":286,"column":68}},"152":{"start":{"line":287,"column":12},"end":{"line":287,"column":22}},"153":{"start":{"line":289,"column":8},"end":{"line":300,"column":10}},"154":{"start":{"line":290,"column":12},"end":{"line":294,"column":13}},"155":{"start":{"line":291,"column":16},"end":{"line":291,"column":73}},"156":{"start":{"line":292,"column":16},"end":{"line":292,"column":41}},"157":{"start":{"line":293,"column":16},"end":{"line":293,"column":33}},"158":{"start":{"line":297,"column":12},"end":{"line":299,"column":15}},"159":{"start":{"line":298,"column":16},"end":{"line":298,"column":49}},"160":{"start":{"line":305,"column":0},"end":{"line":319,"column":2}},"161":{"start":{"line":307,"column":16},"end":{"line":307,"column":78}},"162":{"start":{"line":309,"column":4},"end":{"line":318,"column":6}},"163":{"start":{"line":311,"column":8},"end":{"line":314,"column":9}},"164":{"start":{"line":313,"column":12},"end":{"line":313,"column":29}},"165":{"start":{"line":316,"column":8},"end":{"line":316,"column":44}},"166":{"start":{"line":317,"column":8},"end":{"line":317,"column":35}},"167":{"start":{"line":322,"column":0},"end":{"line":333,"column":2}},"168":{"start":{"line":324,"column":4},"end":{"line":332,"column":6}},"169":{"start":{"line":326,"column":8},"end":{"line":330,"column":9}},"170":{"start":{"line":328,"column":12},"end":{"line":328,"column":37}},"171":{"start":{"line":329,"column":12},"end":{"line":329,"column":29}},"172":{"start":{"line":331,"column":8},"end":{"line":331,"column":27}},"173":{"start":{"line":336,"column":0},"end":{"line":402,"column":2}},"174":{"start":{"line":340,"column":15},"end":{"line":340,"column":21}},"175":{"start":{"line":342,"column":4},"end":{"line":400,"column":6}},"176":{"start":{"line":344,"column":6},"end":{"line":399,"column":7}},"177":{"start":{"line":346,"column":10},"end":{"line":346,"column":35}},"178":{"start":{"line":347,"column":10},"end":{"line":347,"column":27}},"179":{"start":{"line":354,"column":10},"end":{"line":366,"column":11}},"180":{"start":{"line":356,"column":14},"end":{"line":356,"column":48}},"181":{"start":{"line":358,"column":15},"end":{"line":366,"column":11}},"182":{"start":{"line":360,"column":14},"end":{"line":360,"column":47}},"183":{"start":{"line":364,"column":14},"end":{"line":364,"column":78}},"184":{"start":{"line":365,"column":14},"end":{"line":365,"column":50}},"185":{"start":{"line":369,"column":10},"end":{"line":390,"column":13}},"186":{"start":{"line":371,"column":14},"end":{"line":389,"column":15}},"187":{"start":{"line":373,"column":18},"end":{"line":373,"column":43}},"188":{"start":{"line":374,"column":18},"end":{"line":374,"column":35}},"189":{"start":{"line":383,"column":29},"end":{"line":385,"column":75}},"190":{"start":{"line":387,"column":18},"end":{"line":387,"column":36}},"191":{"start":{"line":409,"column":0},"end":{"line":418,"column":1}},"192":{"start":{"line":410,"column":4},"end":{"line":417,"column":6}},"193":{"start":{"line":412,"column":8},"end":{"line":415,"column":9}},"194":{"start":{"line":413,"column":12},"end":{"line":413,"column":37}},"195":{"start":{"line":414,"column":12},"end":{"line":414,"column":29}},"196":{"start":{"line":416,"column":8},"end":{"line":416,"column":27}}},"fnMap":{"0":{"name":"(anonymous_0)","decl":{"start":{"line":5,"column":22},"end":{"line":5,"column":23}},"loc":{"start":{"line":5,"column":48},"end":{"line":14,"column":1}},"line":5},"1":{"name":"(anonymous_1)","decl":{"start":{"line":7,"column":67},"end":{"line":7,"column":68}},"loc":{"start":{"line":7,"column":89},"end":{"line":13,"column":3}},"line":7},"2":{"name":"(anonymous_2)","decl":{"start":{"line":16,"column":29},"end":{"line":16,"column":30}},"loc":{"start":{"line":16,"column":52},"end":{"line":25,"column":1}},"line":16},"3":{"name":"(anonymous_3)","decl":{"start":{"line":17,"column":88},"end":{"line":17,"column":89}},"loc":{"start":{"line":17,"column":109},"end":{"line":24,"column":5}},"line":17},"4":{"name":"(anonymous_4)","decl":{"start":{"line":27,"column":40},"end":{"line":27,"column":41}},"loc":{"start":{"line":27,"column":77},"end":{"line":40,"column":1}},"line":27},"5":{"name":"(anonymous_5)","decl":{"start":{"line":32,"column":48},"end":{"line":32,"column":49}},"loc":{"start":{"line":32,"column":69},"end":{"line":39,"column":5}},"line":32},"6":{"name":"(anonymous_6)","decl":{"start":{"line":42,"column":44},"end":{"line":42,"column":45}},"loc":{"start":{"line":42,"column":81},"end":{"line":51,"column":1}},"line":42},"7":{"name":"(anonymous_7)","decl":{"start":{"line":44,"column":44},"end":{"line":44,"column":45}},"loc":{"start":{"line":44,"column":65},"end":{"line":50,"column":9}},"line":44},"8":{"name":"(anonymous_8)","decl":{"start":{"line":53,"column":19},"end":{"line":53,"column":20}},"loc":{"start":{"line":53,"column":62},"end":{"line":62,"column":1}},"line":53},"9":{"name":"(anonymous_9)","decl":{"start":{"line":55,"column":93},"end":{"line":55,"column":94}},"loc":{"start":{"line":55,"column":115},"end":{"line":61,"column":5}},"line":55},"10":{"name":"(anonymous_10)","decl":{"start":{"line":64,"column":22},"end":{"line":64,"column":23}},"loc":{"start":{"line":64,"column":54},"end":{"line":73,"column":1}},"line":64},"11":{"name":"(anonymous_11)","decl":{"start":{"line":67,"column":96},"end":{"line":67,"column":97}},"loc":{"start":{"line":67,"column":117},"end":{"line":72,"column":5}},"line":67},"12":{"name":"(anonymous_12)","decl":{"start":{"line":75,"column":31},"end":{"line":75,"column":32}},"loc":{"start":{"line":75,"column":74},"end":{"line":86,"column":1}},"line":75},"13":{"name":"(anonymous_13)","decl":{"start":{"line":79,"column":75},"end":{"line":79,"column":76}},"loc":{"start":{"line":79,"column":96},"end":{"line":85,"column":5}},"line":79},"14":{"name":"(anonymous_14)","decl":{"start":{"line":88,"column":28},"end":{"line":88,"column":29}},"loc":{"start":{"line":88,"column":61},"end":{"line":98,"column":1}},"line":88},"15":{"name":"(anonymous_15)","decl":{"start":{"line":91,"column":53},"end":{"line":91,"column":54}},"loc":{"start":{"line":91,"column":76},"end":{"line":97,"column":5}},"line":91},"16":{"name":"(anonymous_16)","decl":{"start":{"line":100,"column":16},"end":{"line":100,"column":17}},"loc":{"start":{"line":100,"column":42},"end":{"line":112,"column":1}},"line":100},"17":{"name":"(anonymous_17)","decl":{"start":{"line":102,"column":74},"end":{"line":102,"column":75}},"loc":{"start":{"line":102,"column":97},"end":{"line":111,"column":5}},"line":102},"18":{"name":"(anonymous_18)","decl":{"start":{"line":114,"column":28},"end":{"line":114,"column":29}},"loc":{"start":{"line":114,"column":67},"end":{"line":123,"column":1}},"line":114},"19":{"name":"(anonymous_19)","decl":{"start":{"line":116,"column":92},"end":{"line":116,"column":93}},"loc":{"start":{"line":116,"column":114},"end":{"line":122,"column":5}},"line":116},"20":{"name":"(anonymous_20)","decl":{"start":{"line":125,"column":28},"end":{"line":125,"column":29}},"loc":{"start":{"line":125,"column":56},"end":{"line":133,"column":1}},"line":125},"21":{"name":"(anonymous_21)","decl":{"start":{"line":127,"column":76},"end":{"line":127,"column":77}},"loc":{"start":{"line":127,"column":97},"end":{"line":132,"column":5}},"line":127},"22":{"name":"(anonymous_22)","decl":{"start":{"line":135,"column":31},"end":{"line":135,"column":32}},"loc":{"start":{"line":135,"column":60},"end":{"line":143,"column":1}},"line":135},"23":{"name":"(anonymous_23)","decl":{"start":{"line":136,"column":91},"end":{"line":136,"column":92}},"loc":{"start":{"line":136,"column":115},"end":{"line":142,"column":5}},"line":136},"24":{"name":"(anonymous_24)","decl":{"start":{"line":146,"column":26},"end":{"line":146,"column":27}},"loc":{"start":{"line":146,"column":49},"end":{"line":228,"column":1}},"line":146},"25":{"name":"(anonymous_25)","decl":{"start":{"line":147,"column":91},"end":{"line":147,"column":92}},"loc":{"start":{"line":147,"column":112},"end":{"line":227,"column":5}},"line":147},"26":{"name":"(anonymous_26)","decl":{"start":{"line":160,"column":18},"end":{"line":160,"column":19}},"loc":{"start":{"line":160,"column":29},"end":{"line":161,"column":13}},"line":160},"27":{"name":"(anonymous_27)","decl":{"start":{"line":162,"column":19},"end":{"line":162,"column":20}},"loc":{"start":{"line":162,"column":28},"end":{"line":165,"column":13}},"line":162},"28":{"name":"process","decl":{"start":{"line":167,"column":17},"end":{"line":167,"column":24}},"loc":{"start":{"line":167,"column":41},"end":{"line":226,"column":9}},"line":167},"29":{"name":"(anonymous_29)","decl":{"start":{"line":170,"column":16},"end":{"line":170,"column":17}},"loc":{"start":{"line":170,"column":42},"end":{"line":224,"column":17}},"line":170},"30":{"name":"query","decl":{"start":{"line":176,"column":33},"end":{"line":176,"column":38}},"loc":{"start":{"line":177,"column":24},"end":{"line":186,"column":25}},"line":177},"31":{"name":"(anonymous_31)","decl":{"start":{"line":178,"column":47},"end":{"line":178,"column":48}},"loc":{"start":{"line":179,"column":28},"end":{"line":185,"column":29}},"line":179},"32":{"name":"(anonymous_32)","decl":{"start":{"line":180,"column":58},"end":{"line":180,"column":59}},"loc":{"start":{"line":180,"column":78},"end":{"line":184,"column":33}},"line":180},"33":{"name":"(anonymous_33)","decl":{"start":{"line":188,"column":34},"end":{"line":188,"column":35}},"loc":{"start":{"line":189,"column":28},"end":{"line":218,"column":29}},"line":189},"34":{"name":"(anonymous_34)","decl":{"start":{"line":219,"column":35},"end":{"line":219,"column":36}},"loc":{"start":{"line":219,"column":43},"end":{"line":222,"column":29}},"line":219},"35":{"name":"(anonymous_35)","decl":{"start":{"line":230,"column":37},"end":{"line":230,"column":38}},"loc":{"start":{"line":230,"column":84},"end":{"line":237,"column":1}},"line":230},"36":{"name":"(anonymous_36)","decl":{"start":{"line":232,"column":32},"end":{"line":232,"column":33}},"loc":{"start":{"line":232,"column":47},"end":{"line":234,"column":5}},"line":232},"37":{"name":"(anonymous_37)","decl":{"start":{"line":239,"column":30},"end":{"line":239,"column":31}},"loc":{"start":{"line":239,"column":76},"end":{"line":252,"column":1}},"line":239},"38":{"name":"(anonymous_38)","decl":{"start":{"line":241,"column":45},"end":{"line":241,"column":46}},"loc":{"start":{"line":241,"column":66},"end":{"line":251,"column":9}},"line":241},"39":{"name":"(anonymous_39)","decl":{"start":{"line":254,"column":30},"end":{"line":254,"column":31}},"loc":{"start":{"line":254,"column":77},"end":{"line":279,"column":1}},"line":254},"40":{"name":"(anonymous_40)","decl":{"start":{"line":256,"column":114},"end":{"line":256,"column":115}},"loc":{"start":{"line":256,"column":127},"end":{"line":276,"column":5}},"line":256},"41":{"name":"(anonymous_41)","decl":{"start":{"line":263,"column":75},"end":{"line":263,"column":76}},"loc":{"start":{"line":263,"column":95},"end":{"line":274,"column":13}},"line":263},"42":{"name":"(anonymous_42)","decl":{"start":{"line":264,"column":127},"end":{"line":264,"column":128}},"loc":{"start":{"line":264,"column":148},"end":{"line":273,"column":17}},"line":264},"43":{"name":"(anonymous_43)","decl":{"start":{"line":281,"column":26},"end":{"line":281,"column":27}},"loc":{"start":{"line":281,"column":63},"end":{"line":303,"column":1}},"line":281},"44":{"name":"(anonymous_44)","decl":{"start":{"line":284,"column":98},"end":{"line":284,"column":99}},"loc":{"start":{"line":284,"column":120},"end":{"line":301,"column":5}},"line":284},"45":{"name":"(anonymous_45)","decl":{"start":{"line":289,"column":100},"end":{"line":289,"column":101}},"loc":{"start":{"line":289,"column":122},"end":{"line":300,"column":9}},"line":289},"46":{"name":"(anonymous_46)","decl":{"start":{"line":297,"column":62},"end":{"line":297,"column":63}},"loc":{"start":{"line":297,"column":86},"end":{"line":299,"column":13}},"line":297},"47":{"name":"(anonymous_47)","decl":{"start":{"line":305,"column":22},"end":{"line":305,"column":23}},"loc":{"start":{"line":306,"column":0},"end":{"line":319,"column":1}},"line":306},"48":{"name":"(anonymous_48)","decl":{"start":{"line":309,"column":132},"end":{"line":309,"column":133}},"loc":{"start":{"line":310,"column":4},"end":{"line":318,"column":5}},"line":310},"49":{"name":"(anonymous_49)","decl":{"start":{"line":322,"column":23},"end":{"line":322,"column":24}},"loc":{"start":{"line":323,"column":0},"end":{"line":333,"column":1}},"line":323},"50":{"name":"(anonymous_50)","decl":{"start":{"line":324,"column":69},"end":{"line":324,"column":70}},"loc":{"start":{"line":325,"column":4},"end":{"line":332,"column":5}},"line":325},"51":{"name":"(anonymous_51)","decl":{"start":{"line":336,"column":19},"end":{"line":336,"column":20}},"loc":{"start":{"line":337,"column":0},"end":{"line":402,"column":1}},"line":337},"52":{"name":"(anonymous_52)","decl":{"start":{"line":342,"column":71},"end":{"line":342,"column":72}},"loc":{"start":{"line":343,"column":4},"end":{"line":400,"column":5}},"line":343},"53":{"name":"(anonymous_53)","decl":{"start":{"line":369,"column":92},"end":{"line":369,"column":93}},"loc":{"start":{"line":370,"column":10},"end":{"line":390,"column":11}},"line":370},"54":{"name":"(anonymous_54)","decl":{"start":{"line":409,"column":30},"end":{"line":409,"column":31}},"loc":{"start":{"line":409,"column":63},"end":{"line":418,"column":1}},"line":409},"55":{"name":"(anonymous_55)","decl":{"start":{"line":411,"column":50},"end":{"line":411,"column":51}},"loc":{"start":{"line":411,"column":71},"end":{"line":417,"column":5}},"line":411}},"branchMap":{"0":{"loc":{"start":{"line":8,"column":6},"end":{"line":11,"column":7}},"type":"if","locations":[{"start":{"line":8,"column":6},"end":{"line":11,"column":7}},{"start":{"line":8,"column":6},"end":{"line":11,"column":7}}],"line":8},"1":{"loc":{"start":{"line":18,"column":8},"end":{"line":22,"column":9}},"type":"if","locations":[{"start":{"line":18,"column":8},"end":{"line":22,"column":9}},{"start":{"line":18,"column":8},"end":{"line":22,"column":9}}],"line":18},"2":{"loc":{"start":{"line":33,"column":8},"end":{"line":37,"column":9}},"type":"if","locations":[{"start":{"line":33,"column":8},"end":{"line":37,"column":9}},{"start":{"line":33,"column":8},"end":{"line":37,"column":9}}],"line":33},"3":{"loc":{"start":{"line":45,"column":8},"end":{"line":48,"column":9}},"type":"if","locations":[{"start":{"line":45,"column":8},"end":{"line":48,"column":9}},{"start":{"line":45,"column":8},"end":{"line":48,"column":9}}],"line":45},"4":{"loc":{"start":{"line":56,"column":8},"end":{"line":59,"column":9}},"type":"if","locations":[{"start":{"line":56,"column":8},"end":{"line":59,"column":9}},{"start":{"line":56,"column":8},"end":{"line":59,"column":9}}],"line":56},"5":{"loc":{"start":{"line":68,"column":6},"end":{"line":70,"column":7}},"type":"if","locations":[{"start":{"line":68,"column":6},"end":{"line":70,"column":7}},{"start":{"line":68,"column":6},"end":{"line":70,"column":7}}],"line":68},"6":{"loc":{"start":{"line":80,"column":8},"end":{"line":83,"column":9}},"type":"if","locations":[{"start":{"line":80,"column":8},"end":{"line":83,"column":9}},{"start":{"line":80,"column":8},"end":{"line":83,"column":9}}],"line":80},"7":{"loc":{"start":{"line":92,"column":8},"end":{"line":95,"column":9}},"type":"if","locations":[{"start":{"line":92,"column":8},"end":{"line":95,"column":9}},{"start":{"line":92,"column":8},"end":{"line":95,"column":9}}],"line":92},"8":{"loc":{"start":{"line":103,"column":8},"end":{"line":110,"column":9}},"type":"if","locations":[{"start":{"line":103,"column":8},"end":{"line":110,"column":9}},{"start":{"line":103,"column":8},"end":{"line":110,"column":9}}],"line":103},"9":{"loc":{"start":{"line":106,"column":15},"end":{"line":110,"column":9}},"type":"if","locations":[{"start":{"line":106,"column":15},"end":{"line":110,"column":9}},{"start":{"line":106,"column":15},"end":{"line":110,"column":9}}],"line":106},"10":{"loc":{"start":{"line":117,"column":8},"end":{"line":120,"column":9}},"type":"if","locations":[{"start":{"line":117,"column":8},"end":{"line":120,"column":9}},{"start":{"line":117,"column":8},"end":{"line":120,"column":9}}],"line":117},"11":{"loc":{"start":{"line":128,"column":8},"end":{"line":130,"column":9}},"type":"if","locations":[{"start":{"line":128,"column":8},"end":{"line":130,"column":9}},{"start":{"line":128,"column":8},"end":{"line":130,"column":9}}],"line":128},"12":{"loc":{"start":{"line":137,"column":8},"end":{"line":140,"column":9}},"type":"if","locations":[{"start":{"line":137,"column":8},"end":{"line":140,"column":9}},{"start":{"line":137,"column":8},"end":{"line":140,"column":9}}],"line":137},"13":{"loc":{"start":{"line":148,"column":8},"end":{"line":152,"column":9}},"type":"if","locations":[{"start":{"line":148,"column":8},"end":{"line":152,"column":9}},{"start":{"line":148,"column":8},"end":{"line":152,"column":9}}],"line":148},"14":{"loc":{"start":{"line":153,"column":8},"end":{"line":157,"column":9}},"type":"if","locations":[{"start":{"line":153,"column":8},"end":{"line":157,"column":9}},{"start":{"line":153,"column":8},"end":{"line":157,"column":9}}],"line":153},"15":{"loc":{"start":{"line":181,"column":36},"end":{"line":182,"column":59}},"type":"if","locations":[{"start":{"line":181,"column":36},"end":{"line":182,"column":59}},{"start":{"line":181,"column":36},"end":{"line":182,"column":59}}],"line":181},"16":{"loc":{"start":{"line":214,"column":32},"end":{"line":217,"column":33}},"type":"if","locations":[{"start":{"line":214,"column":32},"end":{"line":217,"column":33}},{"start":{"line":214,"column":32},"end":{"line":217,"column":33}}],"line":214},"17":{"loc":{"start":{"line":242,"column":8},"end":{"line":249,"column":9}},"type":"if","locations":[{"start":{"line":242,"column":8},"end":{"line":249,"column":9}},{"start":{"line":242,"column":8},"end":{"line":249,"column":9}}],"line":242},"18":{"loc":{"start":{"line":257,"column":8},"end":{"line":275,"column":9}},"type":"if","locations":[{"start":{"line":257,"column":8},"end":{"line":275,"column":9}},{"start":{"line":257,"column":8},"end":{"line":275,"column":9}}],"line":257},"19":{"loc":{"start":{"line":265,"column":20},"end":{"line":272,"column":21}},"type":"if","locations":[{"start":{"line":265,"column":20},"end":{"line":272,"column":21}},{"start":{"line":265,"column":20},"end":{"line":272,"column":21}}],"line":265},"20":{"loc":{"start":{"line":285,"column":8},"end":{"line":288,"column":9}},"type":"if","locations":[{"start":{"line":285,"column":8},"end":{"line":288,"column":9}},{"start":{"line":285,"column":8},"end":{"line":288,"column":9}}],"line":285},"21":{"loc":{"start":{"line":290,"column":12},"end":{"line":294,"column":13}},"type":"if","locations":[{"start":{"line":290,"column":12},"end":{"line":294,"column":13}},{"start":{"line":290,"column":12},"end":{"line":294,"column":13}}],"line":290},"22":{"loc":{"start":{"line":311,"column":8},"end":{"line":314,"column":9}},"type":"if","locations":[{"start":{"line":311,"column":8},"end":{"line":314,"column":9}},{"start":{"line":311,"column":8},"end":{"line":314,"column":9}}],"line":311},"23":{"loc":{"start":{"line":326,"column":8},"end":{"line":330,"column":9}},"type":"if","locations":[{"start":{"line":326,"column":8},"end":{"line":330,"column":9}},{"start":{"line":326,"column":8},"end":{"line":330,"column":9}}],"line":326},"24":{"loc":{"start":{"line":344,"column":6},"end":{"line":399,"column":7}},"type":"if","locations":[{"start":{"line":344,"column":6},"end":{"line":399,"column":7}},{"start":{"line":344,"column":6},"end":{"line":399,"column":7}}],"line":344},"25":{"loc":{"start":{"line":354,"column":10},"end":{"line":366,"column":11}},"type":"if","locations":[{"start":{"line":354,"column":10},"end":{"line":366,"column":11}},{"start":{"line":354,"column":10},"end":{"line":366,"column":11}}],"line":354},"26":{"loc":{"start":{"line":358,"column":15},"end":{"line":366,"column":11}},"type":"if","locations":[{"start":{"line":358,"column":15},"end":{"line":366,"column":11}},{"start":{"line":358,"column":15},"end":{"line":366,"column":11}}],"line":358},"27":{"loc":{"start":{"line":371,"column":14},"end":{"line":389,"column":15}},"type":"if","locations":[{"start":{"line":371,"column":14},"end":{"line":389,"column":15}},{"start":{"line":371,"column":14},"end":{"line":389,"column":15}}],"line":371},"28":{"loc":{"start":{"line":412,"column":8},"end":{"line":415,"column":9}},"type":"if","locations":[{"start":{"line":412,"column":8},"end":{"line":415,"column":9}},{"start":{"line":412,"column":8},"end":{"line":415,"column":9}}],"line":412}},"s":{"0":1,"1":1,"2":1,"3":1,"4":1,"5":1,"6":0,"7":0,"8":1,"9":1,"10":4,"11":4,"12":0,"13":0,"14":0,"15":4,"16":1,"17":1,"18":1,"19":0,"20":0,"21":0,"22":1,"23":1,"24":0,"25":0,"26":0,"27":0,"28":0,"29":1,"30":1,"31":1,"32":1,"33":0,"34":0,"35":1,"36":1,"37":2,"38":2,"39":2,"40":0,"41":2,"42":1,"43":1,"44":1,"45":1,"46":0,"47":0,"48":1,"49":1,"50":0,"51":0,"52":0,"53":0,"54":0,"55":0,"56":1,"57":0,"58":0,"59":0,"60":0,"61":0,"62":0,"63":0,"64":0,"65":1,"66":1,"67":1,"68":1,"69":0,"70":0,"71":1,"72":1,"73":1,"74":1,"75":1,"76":0,"77":1,"78":1,"79":1,"80":1,"81":0,"82":0,"83":1,"84":1,"85":3,"86":3,"87":0,"88":0,"89":0,"90":3,"91":1,"92":1,"93":1,"94":2,"95":0,"96":0,"97":2,"98":2,"99":2,"100":2,"101":3,"102":3,"103":3,"104":3,"105":0,"106":3,"107":3,"108":3,"109":3,"110":3,"111":3,"112":7,"113":7,"114":7,"115":3,"116":3,"117":3,"118":2,"119":2,"120":0,"121":0,"122":1,"123":2,"124":2,"125":4,"126":2,"127":1,"128":1,"129":1,"130":0,"131":0,"132":0,"133":1,"134":1,"135":2,"136":2,"137":0,"138":0,"139":0,"140":2,"141":2,"142":2,"143":0,"144":0,"145":0,"146":2,"147":1,"148":1,"149":1,"150":1,"151":0,"152":0,"153":1,"154":1,"155":0,"156":0,"157":0,"158":1,"159":1,"160":1,"161":2,"162":2,"163":2,"164":0,"165":2,"166":2,"167":1,"168":1,"169":1,"170":0,"171":0,"172":1,"173":1,"174":1,"175":1,"176":1,"177":0,"178":0,"179":1,"180":0,"181":1,"182":1,"183":0,"184":0,"185":1,"186":1,"187":0,"188":0,"189":1,"190":1,"191":1,"192":1,"193":1,"194":0,"195":0,"196":1},"f":{"0":1,"1":1,"2":4,"3":4,"4":1,"5":1,"6":0,"7":0,"8":1,"9":1,"10":2,"11":2,"12":1,"13":1,"14":0,"15":0,"16":0,"17":0,"18":1,"19":1,"20":1,"21":1,"22":1,"23":1,"24":3,"25":3,"26":0,"27":0,"28":2,"29":2,"30":3,"31":3,"32":3,"33":3,"34":0,"35":2,"36":4,"37":1,"38":1,"39":2,"40":2,"41":2,"42":2,"43":1,"44":1,"45":1,"46":1,"47":2,"48":2,"49":1,"50":1,"51":1,"52":1,"53":1,"54":1,"55":1},"b":{"0":[0,1],"1":[0,4],"2":[0,1],"3":[0,0],"4":[0,1],"5":[0,2],"6":[0,1],"7":[0,0],"8":[0,0],"9":[0,0],"10":[0,1],"11":[0,1],"12":[0,1],"13":[0,3],"14":[1,2],"15":[0,3],"16":[2,1],"17":[0,1],"18":[0,2],"19":[0,2],"20":[0,1],"21":[0,1],"22":[0,2],"23":[0,1],"24":[0,1],"25":[0,1],"26":[1,0],"27":[0,1],"28":[0,1]},"_coverageSchema":"332fd63041d2c1bcb487cc26dd0d5f7d97098a6c","hash":"e8defb14c64bdc2f52be0a79b905ccbe6912cf45","contentHash":"b2536b51aac4922241c107b0235a9ae0_11.6.0"},"C:\\Users\\Chase\\Desktop\\506\\hsta-server\\db.js":{"path":"C:\\Users\\Chase\\Desktop\\506\\hsta-server\\db.js","statementMap":{"0":{"start":{"line":1,"column":12},"end":{"line":1,"column":28}},"1":{"start":{"line":2,"column":14},"end":{"line":2,"column":30}},"2":{"start":{"line":4,"column":20},"end":{"line":4,"column":26}},"3":{"start":{"line":5,"column":16},"end":{"line":5,"column":27}},"4":{"start":{"line":7,"column":0},"end":{"line":7,"column":31}},"5":{"start":{"line":8,"column":0},"end":{"line":8,"column":43}},"6":{"start":{"line":10,"column":12},"end":{"line":13,"column":1}},"7":{"start":{"line":15,"column":0},"end":{"line":29,"column":1}},"8":{"start":{"line":16,"column":4},"end":{"line":25,"column":5}},"9":{"start":{"line":17,"column":8},"end":{"line":22,"column":10}},"10":{"start":{"line":24,"column":8},"end":{"line":24,"column":62}},"11":{"start":{"line":27,"column":4},"end":{"line":27,"column":21}},"12":{"start":{"line":28,"column":4},"end":{"line":28,"column":10}},"13":{"start":{"line":31,"column":0},"end":{"line":33,"column":1}},"14":{"start":{"line":32,"column":4},"end":{"line":32,"column":21}},"15":{"start":{"line":35,"column":0},"end":{"line":48,"column":1}},"16":{"start":{"line":36,"column":15},"end":{"line":36,"column":25}},"17":{"start":{"line":37,"column":4},"end":{"line":37,"column":69}},"18":{"start":{"line":37,"column":15},"end":{"line":37,"column":69}},"19":{"start":{"line":39,"column":16},"end":{"line":39,"column":40}},"20":{"start":{"line":40,"column":4},"end":{"line":47,"column":12}},"21":{"start":{"line":41,"column":8},"end":{"line":46,"column":14}},"22":{"start":{"line":42,"column":23},"end":{"line":42,"column":39}},"23":{"start":{"line":43,"column":27},"end":{"line":43,"column":82}},"24":{"start":{"line":43,"column":52},"end":{"line":43,"column":79}},"25":{"start":{"line":45,"column":12},"end":{"line":45,"column":113}},"26":{"start":{"line":50,"column":0},"end":{"line":57,"column":1}},"27":{"start":{"line":51,"column":15},"end":{"line":51,"column":25}},"28":{"start":{"line":52,"column":4},"end":{"line":52,"column":69}},"29":{"start":{"line":52,"column":15},"end":{"line":52,"column":69}},"30":{"start":{"line":54,"column":4},"end":{"line":56,"column":12}},"31":{"start":{"line":55,"column":8},"end":{"line":55,"column":47}}},"fnMap":{"0":{"name":"(anonymous_0)","decl":{"start":{"line":15,"column":18},"end":{"line":15,"column":19}},"loc":{"start":{"line":15,"column":39},"end":{"line":29,"column":1}},"line":15},"1":{"name":"(anonymous_1)","decl":{"start":{"line":31,"column":14},"end":{"line":31,"column":15}},"loc":{"start":{"line":31,"column":25},"end":{"line":33,"column":1}},"line":31},"2":{"name":"(anonymous_2)","decl":{"start":{"line":35,"column":19},"end":{"line":35,"column":20}},"loc":{"start":{"line":35,"column":34},"end":{"line":48,"column":1}},"line":35},"3":{"name":"(anonymous_3)","decl":{"start":{"line":40,"column":22},"end":{"line":40,"column":23}},"loc":{"start":{"line":40,"column":41},"end":{"line":47,"column":5}},"line":40},"4":{"name":"(anonymous_4)","decl":{"start":{"line":41,"column":38},"end":{"line":41,"column":39}},"loc":{"start":{"line":41,"column":56},"end":{"line":46,"column":9}},"line":41},"5":{"name":"(anonymous_5)","decl":{"start":{"line":43,"column":36},"end":{"line":43,"column":37}},"loc":{"start":{"line":43,"column":50},"end":{"line":43,"column":81}},"line":43},"6":{"name":"(anonymous_6)","decl":{"start":{"line":50,"column":15},"end":{"line":50,"column":16}},"loc":{"start":{"line":50,"column":38},"end":{"line":57,"column":1}},"line":50},"7":{"name":"(anonymous_7)","decl":{"start":{"line":54,"column":23},"end":{"line":54,"column":24}},"loc":{"start":{"line":54,"column":42},"end":{"line":56,"column":5}},"line":54}},"branchMap":{"0":{"loc":{"start":{"line":16,"column":4},"end":{"line":25,"column":5}},"type":"if","locations":[{"start":{"line":16,"column":4},"end":{"line":25,"column":5}},{"start":{"line":16,"column":4},"end":{"line":25,"column":5}}],"line":16},"1":{"loc":{"start":{"line":21,"column":22},"end":{"line":21,"column":80}},"type":"cond-expr","locations":[{"start":{"line":21,"column":57},"end":{"line":21,"column":70}},{"start":{"line":21,"column":73},"end":{"line":21,"column":80}}],"line":21},"2":{"loc":{"start":{"line":37,"column":4},"end":{"line":37,"column":69}},"type":"if","locations":[{"start":{"line":37,"column":4},"end":{"line":37,"column":69}},{"start":{"line":37,"column":4},"end":{"line":37,"column":69}}],"line":37},"3":{"loc":{"start":{"line":52,"column":4},"end":{"line":52,"column":69}},"type":"if","locations":[{"start":{"line":52,"column":4},"end":{"line":52,"column":69}},{"start":{"line":52,"column":4},"end":{"line":52,"column":69}}],"line":52}},"s":{"0":1,"1":1,"2":1,"3":1,"4":1,"5":1,"6":1,"7":1,"8":29,"9":29,"10":0,"11":29,"12":29,"13":1,"14":42,"15":1,"16":0,"17":0,"18":0,"19":0,"20":0,"21":0,"22":0,"23":0,"24":0,"25":0,"26":1,"27":0,"28":0,"29":0,"30":0,"31":0},"f":{"0":29,"1":42,"2":0,"3":0,"4":0,"5":0,"6":0,"7":0},"b":{"0":[29,0],"1":[0,29],"2":[0,0],"3":[0,0]},"_coverageSchema":"332fd63041d2c1bcb487cc26dd0d5f7d97098a6c","hash":"94ae9e09676e319e060f9938f29025a226c50170","contentHash":"6bbf227261a4a9ee7fab67f8c8ef1ef9_11.6.0"},"C:\\Users\\Chase\\Desktop\\506\\hsta-server\\tests\\test_add_deck.js":{"path":"C:\\Users\\Chase\\Desktop\\506\\hsta-server\\tests\\test_add_deck.js","statementMap":{"0":{"start":{"line":1,"column":13},"end":{"line":1,"column":40}},"1":{"start":{"line":2,"column":9},"end":{"line":2,"column":28}},"2":{"start":{"line":5,"column":0},"end":{"line":12,"column":3}},"3":{"start":{"line":6,"column":4},"end":{"line":11,"column":5}},"4":{"start":{"line":7,"column":8},"end":{"line":7,"column":51}},"5":{"start":{"line":8,"column":8},"end":{"line":8,"column":23}},"6":{"start":{"line":10,"column":8},"end":{"line":10,"column":50}},"7":{"start":{"line":14,"column":0},"end":{"line":47,"column":3}},"8":{"start":{"line":15,"column":4},"end":{"line":46,"column":7}},"9":{"start":{"line":20,"column":8},"end":{"line":44,"column":11}},"10":{"start":{"line":21,"column":12},"end":{"line":43,"column":13}},"11":{"start":{"line":22,"column":16},"end":{"line":22,"column":41}},"12":{"start":{"line":23,"column":16},"end":{"line":23,"column":74}},"13":{"start":{"line":27,"column":16},"end":{"line":42,"column":18}},"14":{"star
[...]
mn":47}},"loc":{"start":{"line":29,"column":8},"end":{"line":57,"column":9}},"line":29},"5":{"name":"(anonymous_5)","decl":{"start":{"line":36,"column":41},"end":{"line":36,"column":42}},"loc":{"start":{"line":37,"column":12},"end":{"line":55,"column":13}},"line":37}},"branchMap":{"0":{"loc":{"start":{"line":15,"column":4},"end":{"line":20,"column":5}},"type":"if","locations":[{"start":{"line":15,"column":4},"end":{"line":20,"column":5}},{"start":{"line":15,"column":4},"end":{"line":20,"column":5}}],"line":15},"1":{"loc":{"start":{"line":31,"column":12},"end":{"line":35,"column":13}},"type":"if","locations":[{"start":{"line":31,"column":12},"end":{"line":35,"column":13}},{"start":{"line":31,"column":12},"end":{"line":35,"column":13}}],"line":31},"2":{"loc":{"start":{"line":38,"column":16},"end":{"line":53,"column":17}},"type":"if","locations":[{"start":{"line":38,"column":16},"end":{"line":53,"column":17}},{"start":{"line":38,"column":16},"end":{"line":53,"column":17}}],"line":38},"3":{"loc":{"start":{"line":45,"column":18},"end":{"line":52,"column":21}},"type":"if","locations":[{"start":{"line":45,"column":18},"end":{"line":52,"column":21}},{"start":{"line":45,"column":18},"end":{"line":52,"column":21}}],"line":45},"4":{"loc":{"start":{"line":45,"column":21},"end":{"line":47,"column":59}},"type":"binary-expr","locations":[{"start":{"line":45,"column":22},"end":{"line":45,"column":40}},{"start":{"line":45,"column":46},"end":{"line":45,"column":60}},{"start":{"line":46,"column":23},"end":{"line":46,"column":37}},{"start":{"line":46,"column":43},"end":{"line":46,"column":57}},{"start":{"line":46,"column":63},"end":{"line":46,"column":76}},{"start":{"line":47,"column":26},"end":{"line":47,"column":39}},{"start":{"line":47,"column":45},"end":{"line":47,"column":58}}],"line":45}},"s":{"0":1,"1":1,"2":1,"3":1,"4":4,"5":4,"6":0,"7":1,"8":1,"9":0,"10":0,"11":1,"12":1,"13":1,"14":1,"15":1,"16":1,"17":0,"18":0,"19":1,"20":1,"21":0,"22":0,"23":1,"24":1,"25":1},"f":{"0":4,"1":1,"2":1,"3":1,"4":1,"5":1},"b":{"0":[0,1],"1":[0,1],"2":[0,1],"3":[1,0],"4":[1,1,1,1,1,1,1]},"_coverageSchema":"332fd63041d2c1bcb487cc26dd0d5f7d97098a6c","hash":"791fd79874b9f16678b38f935569b7dc5dc1e014","contentHash":"f29270d5df6837972ec05cb357a2e030_11.6.0"},"C:\\Users\\Chase\\Desktop\\506\\hsta-server\\tests\\test_update_match_result.js":{"path":"C:\\Users\\Chase\\Desktop\\506\\hsta-server\\tests\\test_update_match_result.js","statementMap":{"0":{"start":{"line":1,"column":16},"end":{"line":1,"column":36}},"1":{"start":{"line":2,"column":13},"end":{"line":2,"column":30}},"2":{"start":{"line":3,"column":13},"end":{"line":3,"column":53}},"3":{"start":{"line":5,"column":13},"end":{"line":5,"column":40}},"4":{"start":{"line":6,"column":9},"end":{"line":6,"column":28}},"5":{"start":{"line":9,"column":10},"end":{"line":9,"column":38}},"6":{"start":{"line":14,"column":0},"end":{"line":21,"column":3}},"7":{"start":{"line":15,"column":4},"end":{"line":20,"column":5}},"8":{"start":{"line":16,"column":8},"end":{"line":16,"column":51}},"9":{"start":{"line":17,"column":8},"end":{"line":17,"column":23}},"10":{"start":{"line":19,"column":8},"end":{"line":19,"column":50}},"11":{"start":{"line":25,"column":0},"end":{"line":48,"column":3}},"12":{"start":{"line":27,"column":4},"end":{"line":47,"column":6}},"13":{"start":{"line":29,"column":8},"end":{"line":45,"column":10}},"14":{"start":{"line":30,"column":12},"end":{"line":44,"column":15}},"15":{"start":{"line":31,"column":16},"end":{"line":42,"column":17}},"16":{"start":{"line":32,"column":20},"end":{"line":32,"column":72}},"17":{"start":{"line":35,"column":20},"end":{"line":40,"column":21}},"18":{"start":{"line":36,"column":24},"end":{"line":36,"column":31}},"19":{"start":{"line":39,"column":24},"end":{"line":39,"column":121}}},"fnMap":{"0":{"name":"(anonymous_0)","decl":{"start":{"line":14,"column":25},"end":{"line":14,"column":26}},"loc":{"start":{"line":14,"column":39},"end":{"line":21,"column":1}},"line":14},"1":{"name":"(anonymous_1)","decl":{"start":{"line":25,"column":53},"end":{"line":25,"column":54}},"loc":{"start":{"line":26,"column":0},"end":{"line":48,"column":1}},"line":26},"2":{"name":"(anonymous_2)","decl":{"start":{"line":27,"column":50},"end":{"line":27,"column":51}},"loc":{"start":{"line":28,"column":4},"end":{"line":47,"column":5}},"line":28},"3":{"name":"(anonymous_3)","decl":{"start":{"line":29,"column":147},"end":{"line":29,"column":148}},"loc":{"start":{"line":29,"column":170},"end":{"line":45,"column":9}},"line":29},"4":{"name":"(anonymous_4)","decl":{"start":{"line":30,"column":47},"end":{"line":30,"column":48}},"loc":{"start":{"line":30,"column":68},"end":{"line":44,"column":13}},"line":30}},"branchMap":{"0":{"loc":{"start":{"line":15,"column":4},"end":{"line":20,"column":5}},"type":"if","locations":[{"start":{"line":15,"column":4},"end":{"line":20,"column":5}},{"start":{"line":15,"column":4},"end":{"line":20,"column":5}}],"line":15},"1":{"loc":{"start":{"line":31,"column":16},"end":{"line":42,"column":17}},"type":"if","locations":[{"start":{"line":31,"column":16},"end":{"line":42,"column":17}},{"start":{"line":31,"column":16},"end":{"line":42,"column":17}}],"line":31},"2":{"loc":{"start":{"line":35,"column":20},"end":{"line":40,"column":21}},"type":"if","locations":[{"start":{"line":35,"column":20},"end":{"line":40,"column":21}},{"start":{"line":35,"column":20},"end":{"line":40,"column":21}}],"line":35}},"s":{"0":1,"1":1,"2":1,"3":1,"4":1,"5":1,"6":1,"7":1,"8":0,"9":0,"10":1,"11":1,"12":1,"13":1,"14":1,"15":1,"16":0,"17":1,"18":1,"19":0},"f":{"0":1,"1":1,"2":1,"3":1,"4":1},"b":{"0":[0,1],"1":[0,1],"2":[1,0]},"_coverageSchema":"332fd63041d2c1bcb487cc26dd0d5f7d97098a6c","hash":"e3870e57501bc8a3afe43a84158c78cd55890a05","contentHash":"2424b63e039e77126bf8f98d9abc932d_11.6.0"},"C:\\Users\\Chase\\Desktop\\506\\hsta-server\\tests\\test_add_tournament_deck.js":{"path":"C:\\Users\\Chase\\Desktop\\506\\hsta-server\\tests\\test_add_tournament_deck.js","statementMap":{"0":{"start":{"line":1,"column":16},"end":{"line":1,"column":36}},"1":{"start":{"line":2,"column":13},"end":{"line":2,"column":30}},"2":{"start":{"line":3,"column":13},"end":{"line":3,"column":53}},"3":{"start":{"line":5,"column":13},"end":{"line":5,"column":40}},"4":{"start":{"line":6,"column":9},"end":{"line":6,"column":28}},"5":{"start":{"line":9,"column":10},"end":{"line":9,"column":38}},"6":{"start":{"line":13,"column":0},"end":{"line":20,"column":3}},"7":{"start":{"line":14,"column":4},"end":{"line":19,"column":5}},"8":{"start":{"line":15,"column":8},"end":{"line":15,"column":51}},"9":{"start":{"line":16,"column":8},"end":{"line":16,"column":23}},"10":{"start":{"line":18,"column":8},"end":{"line":18,"column":50}},"11":{"start":{"line":22,"column":0},"end":{"line":58,"column":3}},"12":{"start":{"line":23,"column":4},"end":{"line":42,"column":11}},"13":{"start":{"line":29,"column":12},"end":{"line":41,"column":18}},"14":{"start":{"line":33,"column":20},"end":{"line":34,"column":53}},"15":{"start":{"line":34,"column":24},"end":{"line":34,"column":53}},"16":{"start":{"line":36,"column":20},"end":{"line":36,"column":49}},"17":{"start":{"line":39,"column":20},"end":{"line":39,"column":65}},"18":{"start":{"line":40,"column":20},"end":{"line":40,"column":27}},"19":{"start":{"line":43,"column":4},"end":{"line":57,"column":6}},"20":{"start":{"line":44,"column":8},"end":{"line":56,"column":14}},"21":{"start":{"line":48,"column":16},"end":{"line":49,"column":49}},"22":{"start":{"line":49,"column":20},"end":{"line":49,"column":49}},"23":{"start":{"line":51,"column":16},"end":{"line":51,"column":45}},"24":{"start":{"line":54,"column":16},"end":{"line":54,"column":61}},"25":{"start":{"line":55,"column":16},"end":{"line":55,"column":23}}},"fnMap":{"0":{"name":"(anonymous_0)","decl":{"start":{"line":13,"column":25},"end":{"line":13,"column":26}},"loc":{"start":{"line":13,"column":39},"end":{"line":20,"column":1}},"line":13},"1":{"name":"(anonymous_1)","decl":{"start":{"line":22,"column":46},"end":{"line":22,"column":47}},"loc":{"start":{"line":22,"column":57},"end":{"line":58,"column":1}},"line":22},"2":{"name":"(anonymous_2)","decl":{"start":{"line":23,"column":48},"end":{"line":23,"column":49}},"loc":{"start":{"line":23,"column":64},"end":{"line":42,"column":9}},"line":23},"3":{"name":"(anonymous_3)","decl":{"start":{"line":32,"column":21},"end":{"line":32,"column":22}},"loc":{"start":{"line":32,"column":41},"end":{"line":41,"column":17}},"line":32},"4":{"name":"(anonymous_4)","decl":{"start":{"line":43,"column":54},"end":{"line":43,"column":55}},"loc":{"start":{"line":43,"column":69},"end":{"line":57,"column":5}},"line":43},"5":{"name":"(anonymous_5)","decl":{"start":{"line":47,"column":17},"end":{"line":47,"column":18}},"loc":{"start":{"line":47,"column":37},"end":{"line":56,"column":13}},"line":47}},"branchMap":{"0":{"loc":{"start":{"line":14,"column":4},"end":{"line":19,"column":5}},"type":"if","locations":[{"start":{"line":14,"column":4},"end":{"line":19,"column":5}},{"start":{"line":14,"column":4},"end":{"line":19,"column":5}}],"line":14},"1":{"loc":{"start":{"line":33,"column":20},"end":{"line":34,"column":53}},"type":"if","locations":[{"start":{"line":33,"column":20},"end":{"line":34,"column":53}},{"start":{"line":33,"column":20},"end":{"line":34,"column":53}}],"line":33},"2":{"loc":{"start":{"line":48,"column":16},"end":{"line":49,"column":49}},"type":"if","locations":[{"start":{"line":48,"column":16},"end":{"line":49,"column":49}},{"start":{"line":48,"column":16},"end":{"line":49,"column":49}}],"line":48}},"s":{"0":1,"1":1,"2":1,"3":1,"4":1,"5":1,"6":1,"7":1,"8":0,"9":0,"10":1,"11":1,"12":1,"13":1,"14":1,"15":0,"16":1,"17":1,"18":1,"19":1,"20":1,"21":1,"22":0,"23":1,"24":1,"25":1},"f":{"0":1,"1":1,"2":1,"3":1,"4":1,"5":1},"b":{"0":[0,1],"1":[0,1],"2":[0,1]},"_coverageSchema":"332fd63041d2c1bcb487cc26dd0d5f7d97098a6c","hash":"c32175c2ff147a73238541269a5cf19a41483d4b","contentHash":"2272d4a6164df3e1082664a4dead8bd6_11.6.0"},"C:\\Users\\Chase\\Desktop\\506\\hsta-server\\tests\\test_ban_tournament_deck.js":{"path":"C:\\Users\\Chase\\Desktop\\506\\hsta-server\\tests\\test_ban_tournament_deck.js","statementMap":{"0":{"start":{"line":1,"column":16},"end":{"line":1,"column":36}},"1":{"start":{"line":2,"column":13},"end":{"line":2,"column":30}},"2":{"start":{"line":3,"column":13},"end":{"line":3,"column":53}},"3":{"start":{"line":5,"column":13},"end":{"line":5,"column":40}},"4":{"start":{"line":6,"column":9},"end":{"line":6,"column":28}},"5":{"start":{"line":9,"column":10},"end":{"line":9,"column":38}},"6":{"start":{"line":13,"column":0},"end":{"line":20,"column":3}},"7":{"start":{"line":14,"column":4},"end":{"line":19,"column":5}},"8":{"start":{"line":15,"column":8},"end":{"line":15,"column":51}},"9":{"start":{"line":16,"column":8},"end":{"line":16,"column":23}},"10":{"start":{"line":18,"column":8},"end":{"line":18,"column":50}},"11":{"start":{"line":22,"column":0},"end":{"line":42,"column":3}},"12":{"start":{"line":23,"column":4},"end":{"line":41,"column":7}},"13":{"start":{"line":25,"column":8},"end":{"line":39,"column":11}},"14":{"start":{"line":26,"column":12},"end":{"line":26,"column":48}},"15":{"start":{"line":26,"column":21},"end":{"line":26,"column":48}},"16":{"start":{"line":27,"column":12},"end":{"line":38,"column":18}},"17":{"start":{"line":30,"column":20},"end":{"line":31,"column":53}},"18":{"start":{"line":31,"column":24},"end":{"line":31,"column":53}},"19":{"start":{"line":33,"column":20},"end":{"line":33,"column":49}},"20":{"start":{"line":36,"column":20},"end":{"line":36,"column":65}},"21":{"start":{"line":37,"column":20},"end":{"line":37,"column":27}}},"fnMap":{"0":{"name":"(anonymous_0)","decl":{"start":{"line":13,"column":25},"end":{"line":13,"column":26}},"loc":{"start":{"line":13,"column":39},"end":{"line":20,"column":1}},"line":13},"1":{"name":"(anonymous_1)","decl":{"start":{"line":22,"column":46},"end":{"line":22,"column":47}},"loc":{"start":{"line":22,"column":57},"end":{"line":42,"column":1}},"line":22},"2":{"name":"(anonymous_2)","decl":{"start":{"line":23,"column":34},"end":{"line":23,"column":35}},"loc":{"start":{"line":23,"column":50},"end":{"line":41,"column":5}},"line":23},"3":{"name":"(anonymous_3)","decl":{"start":{"line":25,"column":122},"end":{"line":25,"column":123}},"loc":{"start":{"line":25,"column":145},"end":{"line":39,"column":9}},"line":25},"4":{"name":"(anonymous_4)","decl":{"start":{"line":29,"column":21},"end":{"line":29,"column":22}},"loc":{"start":{"line":29,"column":41},"end":{"line":38,"column":17}},"line":29}},"branchMap":{"0":{"loc":{"start":{"line":14,"column":4},"end":{"line":19,"column":5}},"type":"if","locations":[{"start":{"line":14,"column":4},"end":{"line":19,"column":5}},{"start":{"line":14,"column":4},"end":{"line":19,"column":5}}],"line":14},"1":{"loc":{"start":{"line":26,"column":12},"end":{"line":26,"column":48}},"type":"if","locations":[{"start":{"line":26,"column":12},"end":{"line":26,"column":48}},{"start":{"line":26,"column":12},"end":{"line":26,"column":48}}],"line":26},"2":{"loc":{"start":{"line":30,"column":20},"end":{"line":31,"column":53}},"type":"if","locations":[{"start":{"line":30,"column":20},"end":{"line":31,"column":53}},{"start":{"line":30,"column":20},"end":{"line":31,"column":53}}],"line":30}},"s":{"0":1,"1":1,"2":1,"3":1,"4":1,"5":1,"6":1,"7":1,"8":0,"9":0,"10":1,"11":1,"12":1,"13":1,"14":1,"15":1,"16":1,"17":1,"18":0,"19":1,"20":1,"21":1},"f":{"0":1,"1":1,"2":1,"3":1,"4":1},"b":{"0":[0,1],"1":[1,0],"2":[0,1]},"_coverageSchema":"332fd63041d2c1bcb487cc26dd0d5f7d97098a6c","hash":"e00fa837e530c99ebc0377301fd3e2ac75345a11","contentHash":"d900fbc7662d21e550f5f8e83fbe0cf8_11.6.0"},"C:\\Users\\Chase\\Desktop\\506\\hsta-server\\tests\\test_get_tournaments.js":{"path":"C:\\Users\\Chase\\Desktop\\506\\hsta-server\\tests\\test_get_tournaments.js","statementMap":{"0":{"start":{"line":1,"column":16},"end":{"line":1,"column":36}},"1":{"start":{"line":2,"column":13},"end":{"line":2,"column":30}},"2":{"start":{"line":3,"column":13},"end":{"line":3,"column":53}},"3":{"start":{"line":5,"column":13},"end":{"line":5,"column":40}},"4":{"start":{"line":6,"column":9},"end":{"line":6,"column":28}},"5":{"start":{"line":9,"column":10},"end":{"line":9,"column":38}},"6":{"start":{"line":12,"column":0},"end":{"line":19,"column":3}},"7":{"start":{"line":13,"column":4},"end":{"line":18,"column":5}},"8":{"start":{"line":14,"column":8},"end":{"line":14,"column":51}},"9":{"start":{"line":15,"column":8},"end":{"line":15,"column":23}},"10":{"start":{"line":17,"column":8},"end":{"line":17,"column":50}},"11":{"start":{"line":27,"column":0},"end":{"line":86,"column":3}},"12":{"start":{"line":28,"column":4},"end":{"line":55,"column":7}},"13":{"start":{"line":39,"column":16},"end":{"line":53,"column":19}},"14":{"start":{"line":40,"column":20},"end":{"line":44,"column":21}},"15":{"start":{"line":41,"column":24},"end":{"line":41,"column":65}},"16":{"start":{"line":42,"column":24},"end":{"line":42,"column":41}},"17":{"start":{"line":43,"column":24},"end":{"line":43,"column":53}},"18":{"start":{"line":45,"column":20},"end":{"line":45,"column":40}},"19":{"start":{"line":46,"column":30},"end":{"line":46,"column":48}},"20":{"start":{"line":47,"column":20},"end":{"line":47,"column":45}},"21":{"start":{"line":48,"column":20},"end":{"line":48,"column":37}},"22":{"start":{"line":49,"column":20},"end":{"line":49,"column":60}},"23":{"start":{"line":50,"column":20},"end":{"line":50,"column":89}},"24":{"start":{"line":51,"column":20},"end":{"line":51,"column":70}},"25":{"start":{"line":52,"column":20},"end":{"line":52,"column":27}},"26":{"start":{"line":56,"column":4},"end":{"line":66,"column":6}},"27":{"start":{"line":58,"column":8},"end":{"line":65,"column":10}},"28":{"start":{"line":59,"column":12},"end":{"line":64,"column":13}},"29":{"start":{"line":60,"column":16},"end":{"line":60,"column":57}},"30":{"start":{"line":61,"column":16},"end":{"line":61,"column":64}},"31":{"start":{"line":62,"column":16},"end":{"line":62,"column":23}},"32":{"start":{"line":67,"column":4},"end":{"line":84,"column":6}},"33":{"start":{"line":69,"column":8},"end":{"line":83,"column":19}},"34":{"start":{"line":70,"column":20},"end":{"line":74,"column":21}},"35":{"start":{"line":71,"column":24},"end":{"line":71,"column":65}},"36":{"start":{"line":72,"column":24},"end":{"line":72,"column":41}},"37":{"start":{"line":73,"column":24},"end":{"line":73,"column":53}},"38":{"start":{"line":75,"column":20},"end":{"line":75,"column":40}},"39":{"start":{"line":76,"column":30},"end":{"line":76,"column":48}},"40":{"start":{"line":77,"column":20},"end":{"line":77,"column":45}},"41":{"start":{"line":78,"column":20},"end":{"line":78,"column":37}},"42":{"start":{"line":79,"column":20},"end":{"line":79,"column":60}},"43":{"start":{"line":80,"column":20},"end":{"line":80,"column":89}},"44":{"start":{"line":81,"column":20},"end":{"line":81,"column":70}},"45":{"start":{"line":82,"column":20},"end":{"line":82,"column":27}}},"fnMap":{"0":{"name":"(anonymous_0)","decl":{"start":{"line":12,"column":25},"end":{"line":12,"column":26}},"loc":{"start":{"line":12,"column":39},"end":{"line":19,"column":1}},"line":12},"1":{"name":"(anonymous_1)","decl":{"start":{"line":27,"column":49},"end":{"line":27,"column":50}},"loc":{"start":{"line":27,"column":60},"end":{"line":86,"column":1}},"line":27},"2":{"name":"(anonymous_2)","decl":{"start":{"line":28,"column":75},"end":{"line":28,"column":76}},"loc":{"start":{"line":29,"column":4},"end":{"line":55,"column":5}},"line":29},"3":{"name":"(anonymous_3)","decl":{"start":{"line":39,"column":43},"end":{"line":39,"column":44}},"loc":{"start":{"line":39,"column":65},"end":{"line":53,"column":17}},"line":39},"4":{"name":"(anonymous_4)","decl":{"start":{"line":56,"column":65},"end":{"line":56,"column":66}},"loc":{"start":{"line":57,"column":4},"end":{"line":66,"column":5}},"line":57},"5":{"name":"(anonymous_5)","decl":{"start":{"line":58,"column":35},"end":{"line":58,"column":36}},"loc":{"start":{"line":58,"column":56},"end":{"line":65,"column":9}},"line":58},"6":{"name":"(anonymous_6)","decl":{"start":{"line":67,"column":89},"end":{"line":67,"column":90}},"loc":{"start":{"line":68,"column":4},"end":{"line":84,"column":5}},"line":68},"7":{"name":"(anonymous_7)","decl":{"start":{"line":69,"column":35},"end":{"line":69,"column":36}},"loc":{"start":{"line":69,"column":57},"end":{"line":83,"column":17}},"line":69}},"branchMap":{"0":{"loc":{"start":{"line":13,"column":4},"end":{"line":18,"column":5}},"type":"if","locations":[{"start":{"line":13,"column":4},"end":{"line":18,"column":5}},{"start":{"line":13,"column":4},"end":{"line":18,"column":5}}],"line":13},"1":{"loc":{"start":{"line":40,"column":20},"end":{"line":44,"column":21}},"type":"if","locations":[{"start":{"line":40,"column":20},"end":{"line":44,"column":21}},{"start":{"line":40,"column":20},"end":{"line":44,"column":21}}],"line":40},"2":{"loc":{"start":{"line":59,"column":12},"end":{"line":64,"column":13}},"type":"if","locations":[{"start":{"line":59,"column":12},"end":{"line":64,"column":13}},{"start":{"line":59,"column":12},"end":{"line":64,"column":13}}],"line":59},"3":{"loc":{"start":{"line":70,"column":20},"end":{"line":74,"column":21}},"type":"if","locations":[{"start":{"line":70,"column":20},"end":{"line":74,"column":21}},{"start":{"line":70,"column":20},"end":{"line":74,"column":21}}],"line":70}},"s":{"0":1,"1":1,"2":1,"3":1,"4":1,"5":1,"6":1,"7":1,"8":0,"9":0,"10":1,"11":1,"12":1,"13":1,"14":1,"15":0,"16":0,"17":0,"18":1,"19":1,"20":1,"21":1,"22":1,"23":1,"24":1,"25":1,"26":1,"27":1,"28":1,"29":1,"30":1,"31":1,"32":1,"33":1,"34":1,"35":0,"36":0,"37":0,"38":1,"39":1,"40":1,"41":1,"42":1,"43":1,"44":1,"45":1},"f":{"0":1,"1":1,"2":1,"3":1,"4":1,"5":1,"6":1,"7":1},"b":{"0":[0,1],"1":[0,1],"2":[1,0],"3":[0,1]},"_coverageSchema":"332fd63041d2c1bcb487cc26dd0d5f7d97098a6c","hash":"acf94763c20e3eef637685ae624c60c07a65093d","contentHash":"d33611e378f7db1c264b2b526503c64b_11.6.0"}}