{"C:\\Users\\Owner\\Desktop\\projects\\hsta-server\\tests\\test_masterfile.js":{"path":"C:\\Users\\Owner\\Desktop\\projects\\hsta-server\\tests\\test_masterfile.js","statementMap":{"0":{"start":{"line":1,"column":16},"end":{"line":1,"column":36}},"1":{"start":{"line":2,"column":13},"end":{"line":2,"column":30}},"2":{"start":{"line":3,"column":13},"end":{"line":3,"column":53}},"3":{"start":{"line":6,"column":10},"end":{"line":6,"column":38}},"4":{"start":{"line":9,"column":0},"end":{"line":9,"column":17}},"5":{"start":{"line":13,"column":0},"end":{"line":13,"column":37}},"6":{"start":{"line":14,"column":0},"end":{"line":14,"column":40}},"7":{"start":{"line":15,"column":0},"end":{"line":15,"column":40}},"8":{"start":{"line":16,"column":0},"end":{"line":16,"column":42}},"9":{"start":{"line":17,"column":0},"end":{"line":17,"column":49}},"10":{"start":{"line":18,"column":0},"end":{"line":18,"column":46}},"11":{"start":{"line":19,"column":0},"end":{"line":19,"column":46}},"12":{"start":{"line":20,"column":0},"end":{"line":20,"column":46}},"13":{"start":{"line":21,"column":0},"end":{"line":21,"column":44}},"14":{"start":{"line":22,"column":0},"end":{"line":22,"column":41}},"15":{"start":{"line":23,"column":0},"end":{"line":23,"column":41}},"16":{"start":{"line":24,"column":0},"end":{"line":24,"column":38}},"17":{"start":{"line":25,"column":0},"end":{"line":25,"column":45}},"18":{"start":{"line":26,"column":0},"end":{"line":26,"column":45}},"19":{"start":{"line":27,"column":0},"end":{"line":27,"column":45}},"20":{"start":{"line":28,"column":0},"end":{"line":28,"column":41}},"21":{"start":{"line":29,"column":0},"end":{"line":29,"column":51}}},"fnMap":{},"branchMap":{},"s":{"0":1,"1":1,"2":1,"3":1,"4":1,"5":1,"6":1,"7":1,"8":1,"9":1,"10":1,"11":1,"12":1,"13":1,"14":1,"15":1,"16":1,"17":1,"18":1,"19":1,"20":1,"21":1},"f":{},"b":{},"_coverageSchema":"332fd63041d2c1bcb487cc26dd0d5f7d97098a6c","hash":"1e902ee04e9663e8939c6e06e9af5f8507d9e386","contentHash":"87805ba7669ff5a7bb67500c5e4d77ac_11.6.0"},"C:\\Users\\Owner\\Desktop\\projects\\hsta-server\\app.js":{"path":"C:\\Users\\Owner\\Desktop\\projects\\hsta-server\\app.js","statementMap":{"0":{"start":{"line":1,"column":14},"end":{"line":1,"column":32}},"1":{"start":{"line":2,"column":11},"end":{"line":2,"column":26}},"2":{"start":{"line":3,"column":14},"end":{"line":3,"column":38}},"3":{"start":{"line":4,"column":13},"end":{"line":4,"column":30}},"4":{"start":{"line":5,"column":19},"end":{"line":5,"column":43}},"5":{"start":{"line":6,"column":17},"end":{"line":6,"column":39}},"6":{"start":{"line":8,"column":10},"end":{"line":8,"column":33}},"7":{"start":{"line":9,"column":10},"end":{"line":9,"column":19}},"8":{"start":{"line":11,"column":11},"end":{"line":11,"column":26}},"9":{"start":{"line":13,"column":0},"end":{"line":13,"column":47}},"10":{"start":{"line":15,"column":0},"end":{"line":15,"column":48}},"11":{"start":{"line":16,"column":0},"end":{"line":16,"column":31}},"12":{"start":{"line":20,"column":0},"end":{"line":20,"column":23}},"13":{"start":{"line":21,"column":0},"end":{"line":21,"column":27}},"14":{"start":{"line":22,"column":0},"end":{"line":22,"column":52}},"15":{"start":{"line":23,"column":0},"end":{"line":23,"column":24}},"16":{"start":{"line":24,"column":0},"end":{"line":24,"column":56}},"17":{"start":{"line":26,"column":0},"end":{"line":26,"column":21}},"18":{"start":{"line":28,"column":0},"end":{"line":32,"column":3}},"19":{"start":{"line":29,"column":12},"end":{"line":29,"column":34}},"20":{"start":{"line":30,"column":2},"end":{"line":30,"column":19}},"21":{"start":{"line":31,"column":2},"end":{"line":31,"column":12}},"22":{"start":{"line":35,"column":0},"end":{"line":43,"column":3}},"23":{"start":{"line":37,"column":2},"end":{"line":37,"column":35}},"24":{"start":{"line":38,"column":2},"end":{"line":38,"column":69}},"25":{"start":{"line":41,"column":2},"end":{"line":41,"column":32}},"26":{"start":{"line":42,"column":2},"end":{"line":42,"column":22}},"27":{"start":{"line":46,"column":9},"end":{"line":46,"column":24}},"28":{"start":{"line":53,"column":0},"end":{"line":84,"column":2}},"29":{"start":{"line":55,"column":4},"end":{"line":82,"column":9}},"30":{"start":{"line":56,"column":8},"end":{"line":67,"column":5}},"31":{"start":{"line":57,"column":16},"end":{"line":65,"column":17}},"32":{"start":{"line":58,"column":20},"end":{"line":58,"column":62}},"33":{"start":{"line":59,"column":20},"end":{"line":59,"column":35}},"34":{"start":{"line":61,"column":20},"end":{"line":61,"column":62}},"35":{"start":{"line":67,"column":12},"end":{"line":82,"column":9}},"36":{"start":{"line":68,"column":8},"end":{"line":79,"column":9}},"37":{"start":{"line":69,"column":12},"end":{"line":77,"column":13}},"38":{"start":{"line":70,"column":16},"end":{"line":70,"column":58}},"39":{"start":{"line":71,"column":16},"end":{"line":71,"column":31}},"40":{"start":{"line":73,"column":16},"end":{"line":73,"column":58}},"41":{"start":{"line":80,"column":12},"end":{"line":80,"column":81}},"42":{"start":{"line":81,"column":12},"end":{"line":81,"column":28}},"43":{"start":{"line":83,"column":4},"end":{"line":83,"column":15}}},"fnMap":{"0":{"name":"(anonymous_0)","decl":{"start":{"line":28,"column":8},"end":{"line":28,"column":9}},"loc":{"start":{"line":28,"column":33},"end":{"line":32,"column":1}},"line":28},"1":{"name":"(anonymous_1)","decl":{"start":{"line":35,"column":8},"end":{"line":35,"column":9}},"loc":{"start":{"line":35,"column":38},"end":{"line":43,"column":1}},"line":35},"2":{"name":"(anonymous_2)","decl":{"start":{"line":53,"column":17},"end":{"line":53,"column":18}},"loc":{"start":{"line":53,"column":41},"end":{"line":84,"column":1}},"line":53},"3":{"name":"(anonymous_3)","decl":{"start":{"line":56,"column":39},"end":{"line":56,"column":40}},"loc":{"start":{"line":56,"column":53},"end":{"line":66,"column":13}},"line":56},"4":{"name":"(anonymous_4)","decl":{"start":{"line":68,"column":33},"end":{"line":68,"column":34}},"loc":{"start":{"line":68,"column":47},"end":{"line":78,"column":9}},"line":68}},"branchMap":{"0":{"loc":{"start":{"line":38,"column":21},"end":{"line":38,"column":68}},"type":"cond-expr","locations":[{"start":{"line":38,"column":60},"end":{"line":38,"column":63}},{"start":{"line":38,"column":66},"end":{"line":38,"column":68}}],"line":38},"1":{"loc":{"start":{"line":41,"column":13},"end":{"line":41,"column":30}},"type":"binary-expr","locations":[{"start":{"line":41,"column":13},"end":{"line":41,"column":23}},{"start":{"line":41,"column":27},"end":{"line":41,"column":30}}],"line":41},"2":{"loc":{"start":{"line":55,"column":4},"end":{"line":82,"column":9}},"type":"if","locations":[{"start":{"line":55,"column":4},"end":{"line":82,"column":9}},{"start":{"line":55,"column":4},"end":{"line":82,"column":9}}],"line":55},"3":{"loc":{"start":{"line":57,"column":16},"end":{"line":65,"column":17}},"type":"if","locations":[{"start":{"line":57,"column":16},"end":{"line":65,"column":17}},{"start":{"line":57,"column":16},"end":{"line":65,"column":17}}],"line":57},"4":{"loc":{"start":{"line":67,"column":12},"end":{"line":82,"column":9}},"type":"if","locations":[{"start":{"line":67,"column":12},"end":{"line":82,"column":9}},{"start":{"line":67,"column":12},"end":{"line":82,"column":9}}],"line":67},"5":{"loc":{"start":{"line":69,"column":12},"end":{"line":77,"column":13}},"type":"if","locations":[{"start":{"line":69,"column":12},"end":{"line":77,"column":13}},{"start":{"line":69,"column":12},"end":{"line":77,"column":13}}],"line":69}},"s":{"0":1,"1":1,"2":1,"3":1,"4":1,"5":1,"6":1,"7":1,"8":1,"9":1,"10":1,"11":1,"12":1,"13":1,"14":1,"15":1,"16":1,"17":1,"18":1,"19":0,"20":0,"21":0,"22":1,"23":0,"24":0,"25":0,"26":0,"27":1,"28":1,"29":14,"30":0,"31":0,"32":0,"33":0,"34":0,"35":14,"36":14,"37":14,"38":0,"39":0,"40":14,"41":0,"42":0,"43":14},"f":{"0":0,"1":0,"2":14,"3":0,"4":14},"b":{"0":[0,0],"1":[0,0],"2":[0,14],"3":[0,0],"4":[14,0],"5":[0,14]},"_coverageSchema":"332fd63041d2c1bcb487cc26dd0d5f7d97098a6c","hash":"8918add3ae4955849011d67ed06d841ce40821ae","contentHash":"adb1c5bc2fb9b607c71e4920284fb856_11.6.0"},"C:\\Users\\Owner\\Desktop\\projects\\hsta-server\\routes\\api.js":{"path":"C:\\Users\\Owner\\Desktop\\projects\\hsta-server\\routes\\api.js","statementMap":{"0":{"start":{"line":1,"column":14},"end":{"line":1,"column":32}},"1":{"start":{"line":2,"column":13},"end":{"line":2,"column":29}},"2":{"start":{"line":3,"column":9},"end":{"line":3,"column":26}},"3":{"start":{"line":4,"column":13},"end":{"line":4,"column":40}},"4":{"start":{"line":5,"column":18},"end":{"line":5,"column":40}},"5":{"start":{"line":6,"column":9},"end":{"line":6,"column":22}},"6":{"start":{"line":7,"column":15},"end":{"line":7,"column":43}},"7":{"start":{"line":9,"column":14},"end":{"line":9,"column":36}},"8":{"start":{"line":11,"column":18},"end":{"line":11,"column":20}},"9":{"start":{"line":13,"column":0},"end":{"line":19,"column":1}},"10":{"start":{"line":14,"column":4},"end":{"line":18,"column":5}},"11":{"start":{"line":15,"column":8},"end":{"line":15,"column":44}},"12":{"start":{"line":17,"column":8},"end":{"line":17,"column":19}},"13":{"start":{"line":21,"column":22},"end":{"line":41,"column":1}},"14":{"start":{"line":22,"column":20},"end":{"line":22,"column":22}},"15":{"start":{"line":23,"column":21},"end":{"line":23,"column":23}},"16":{"start":{"line":24,"column":29},"end":{"line":24,"column":31}},"17":{"start":{"line":25,"column":20},"end":{"line":25,"column":22}},"18":{"start":{"line":26,"column":4},"end":{"line":39,"column":5}},"19":{"start":{"line":28,"column":8},"end":{"line":28,"column":40}},"20":{"start":{"line":30,"column":8},"end":{"line":30,"column":50}},"21":{"start":{"line":33,"column":8},"end":{"line":35,"column":9}},"22":{"start":{"line":34,"column":12},"end":{"line":34,"column":36}},"23":{"start":{"line":37,"column":8},"end":{"line":37,"column":41}},"24":{"start":{"line":38,"column":8},"end":{"line":38,"column":42}},"25":{"start":{"line":40,"column":4},"end":{"line":40,"column":69}},"26":{"start":{"line":46,"column":0},"end":{"line":59,"column":3}},"27":{"start":{"line":47,"column":17},"end":{"line":47,"column":33}},"28":{"start":{"line":48,"column":4},"end":{"line":58,"column":7}},"29":{"start":{"line":49,"column":8},"end":{"line":57,"column":9}},"30":{"start":{"line":50,"column":12},"end":{"line":50,"column":37}},"31":{"start":{"line":51,"column":12},"end":{"line":51,"column":78}},"32":{"start":{"line":54,"column":12},"end":{"line":56,"column":14}},"33":{"start":{"line":55,"column":16},"end":{"line":55,"column":35}},"34":{"start":{"line":63,"column":0},"end":{"line":77,"column":3}},"35":{"start":{"line":64,"column":15},"end":{"line":64,"column":31}},"36":{"start":{"line":65,"column":17},"end":{"line":65,"column":35}},"37":{"start":{"line":66,"column":17},"end":{"line":66,"column":35}},"38":{"start":{"line":67,"column":2},"end":{"line":67,"column":39}},"39":{"start":{"line":69,"column":2},"end":{"line":76,"column":5}},"40":{"start":{"line":70,"column":6},"end":{"line":75,"column":7}},"41":{"start":{"line":71,"column":10},"end":{"line":71,"column":44}},"42":{"start":{"line":72,"column":10},"end":{"line":72,"column":74}},"43":{"start":{"line":74,"column":10},"end":{"line":74,"column":54}},"44":{"start":{"line":81,"column":0},"end":{"line":97,"column":3}},"45":{"start":{"line":82,"column":16},"end":{"line":82,"column":32}},"46":{"start":{"line":83,"column":18},"end":{"line":83,"column":36}},"47":{"start":{"line":85,"column":4},"end":{"line":96,"column":7}},"48":{"start":{"line":86,"column":8},"end":{"line":95,"column":9}},"49":{"start":{"line":87,"column":12},"end":{"line":87,"column":37}},"50":{"start":{"line":88,"column":12},"end":{"line":88,"column":46}},"51":{"start":{"line":89,"column":12},"end":{"line":89,"column":76}},"52":{"start":{"line":91,"column":12},"end":{"line":91,"column":42}},"53":{"start":{"line":92,"column":12},"end":{"line":92,"column":44}},"54":{"start":{"line":93,"column":12},"end":{"line":93,"column":30}},"55":{"start":{"line":94,"column":12},"end":{"line":94,"column":56}},"56":{"start":{"line":102,"column":32},"end":{"line":111,"column":1}},"57":{"start":{"line":103,"column":20},"end":{"line":103,"column":22}},"58":{"start":{"line":105,"column":4},"end":{"line":109,"column":5}},"59":{"start":{"line":106,"column":8},"end":{"line":106,"column":33}},"60":{"start":{"line":107,"column":8},"end":{"line":107,"column":51}},"61":{"start":{"line":108,"column":8},"end":{"line":108,"column":70}},"62":{"start":{"line":110,"column":4},"end":{"line":110,"column":20}},"63":{"start":{"line":117,"column":50},"end":{"line":129,"column":1}},"64":{"start":{"line":120,"column":4},"end":{"line":127,"column":5}},"65":{"start":{"line":122,"column":8},"end":{"line":122,"column":92}},"66":{"start":{"line":123,"column":8},"end":{"line":126,"column":9}},"67":{"start":{"line":125,"column":12},"end":{"line":125,"column":25}},"68":{"start":{"line":128,"column":4},"end":{"line":128,"column":16}},"69":{"start":{"line":145,"column":0},"end":{"line":186,"column":3}},"70":{"start":{"line":147,"column":26},"end":{"line":147,"column":38}},"71":{"start":{"line":150,"column":4},"end":{"line":185,"column":7}},"72":{"start":{"line":151,"column":8},"end":{"line":153,"column":9}},"73":{"start":{"line":152,"column":12},"end":{"line":152,"column":34}},"74":{"start":{"line":156,"column":25},"end":{"line":156,"column":29}},"75":{"start":{"line":159,"column":25},"end":{"line":159,"column":30}},"76":{"start":{"line":162,"column":23},"end":{"line":178,"column":10}},"77":{"start":{"line":163,"column":33},"end":{"line":163,"column":54}},"78":{"start":{"line":166,"column":12},"end":{"line":177,"column":13}},"79":{"start":{"line":167,"column":16},"end":{"line":167,"column":34}},"80":{"start":{"line":170,"column":16},"end":{"line":176,"column":19}},"81":{"start":{"line":173,"column":20},"end":{"line":175,"column":21}},"82":{"start":{"line":174,"column":24},"end":{"line":174,"column":43}},"83":{"start":{"line":181,"column":8},"end":{"line":184,"column":10}},"84":{"start":{"line":182,"column":12},"end":{"line":182,"column":50}},"85":{"start":{"line":183,"column":12},"end":{"line":183,"column":80}},"86":{"start":{"line":192,"column":0},"end":{"line":204,"column":3}},"87":{"start":{"line":193,"column":17},"end":{"line":193,"column":33}},"88":{"start":{"line":194,"column":19},"end":{"line":194,"column":37}},"89":{"start":{"line":195,"column":19},"end":{"line":195,"column":37}},"90":{"start":{"line":197,"column":4},"end":{"line":203,"column":7}},"91":{"start":{"line":198,"column":8},"end":{"line":202,"column":9}},"92":{"start":{"line":199,"column":12},"end":{"line":199,"column":50}},"93":{"start":{"line":201,"column":12},"end":{"line":201,"column":31}},"94":{"start":{"line":211,"column":0},"end":{"line":222,"column":3}},"95":{"start":{"line":212,"column":19},"end":{"line":212,"column":38}},"96":{"start":{"line":213,"column":3},"end":{"line":221,"column":5}},"97":{"start":{"line":216,"column":7},"end":{"line":220,"column":9}},"98":{"start":{"line":217,"column":12},"end":{"line":217,"column":98}},"99":{"start":{"line":219,"column":12},"end":{"line":219,"column":68}},"100":{"start":{"line":227,"column":0},"end":{"line":241,"column":3}},"101":{"start":{"line":228,"column":20},"end":{"line":228,"column":39}},"102":{"start":{"line":229,"column":4},"end":{"line":240,"column":7}},"103":{"start":{"line":232,"column":8},"end":{"line":239,"column":9}},"104":{"start":{"line":233,"column":12},"end":{"line":233,"column":37}},"105":{"start":{"line":234,"column":12},"end":{"line":234,"column":76}},"106":{"start":{"line":238,"column":12},"end":{"line":238,"column":68}},"107":{"start":{"line":245,"column":0},"end":{"line":256,"column":3}},"108":{"start":{"line":246,"column":22},"end":{"line":246,"column":44}},"109":{"start":{"line":248,"column":4},"end":{"line":255,"column":7}},"110":{"start":{"line":249,"column":8},"end":{"line":254,"column":9}},"111":{"start":{"line":250,"column":12},"end":{"line":250,"column":37}},"112":{"start":{"line":251,"column":12},"end":{"line":251,"column":76}},"113":{"start":{"line":253,"column":12},"end":{"line":253,"column":54}},"114":{"start":{"line":267,"column":0},"end":{"line":317,"column":3}},"115":{"start":{"line":268,"column":17},"end":{"line":268,"column":33}},"116":{"start":{"line":269,"column":23},"end":{"line":269,"column":45}},"117":{"start":{"line":271,"column":4},"end":{"line":306,"column":7}},"118":{"start":{"line":272,"column":8},"end":{"line":275,"column":9}},"119":{"start":{"line":273,"column":12},"end":{"line":273,"column":37}},"120":{"start":{"line":274,"column":12},"end":{"line":274,"column":76}},"121":{"start":{"line":277,"column":8},"end":{"line":305,"column":10}},"122":{"start":{"line":278,"column":12},"end":{"line":304,"column":13}},"123":{"start":{"line":279,"column":16},"end":{"line":279,"column":41}},"124":{"start":{"line":280,"column":16},"end":{"line":280,"column":80}},"125":{"start":{"line":282,"column":16},"end":{"line":303,"column":19}},"126":{"start":{"line":283,"column":20},"end":{"line":283,"column":53}},"127":{"start":{"line":284,"column":20},"end":{"line":284,"column":56}},"128":{"start":{"line":287,"column":20},"end":{"line":301,"column":21}},"129":{"start":{"line":288,"column":24},"end":{"line":298,"column":26}},"130":{"start":{"line":289,"column":28},"end":{"line":297,"column":29}},"131":{"start":{"line":290,"column":32},"end":{"line":290,"column":57}},"132":{"start":{"line":291,"column":32},"end":{"line":291,"column":96}},"133":{"start":{"line":293,"column":32},"end":{"line":295,"column":33}},"134":{"start":{"line":294,"column":36},"end":{"line":294,"column":71}},"135":{"start":{"line":296,"column":32},"end":{"line":296,"column":52}},"136":{"start":{"line":300,"column":24},"end":{"line":300,"column":44}},"137":{"start":{"line":319,"column":0},"end":{"line":333,"column":2}},"138":{"start":{"line":320,"column":23},"end":{"line":320,"column":45}},"139":{"start":{"line":321,"column":4},"end":{"line":332,"column":6}},"140":{"start":{"line":322,"column":8},"end":{"line":331,"column":9}},"141":{"start":{"line":323,"column":12},"end":{"line":323,"column":77}},"142":{"start":{"line":326,"column":23},"end":{"line":326,"column":25}},"143":{"start":{"line":327,"column":12},"end":{"line":329,"column":13}},"144":{"start":{"line":328,"column":16},"end":{"line":328,"column":51}},"145":{"start":{"line":330,"column":12},"end":{"line":330,"column":73}},"146":{"start":{"line":336,"column":0},"end":{"line":352,"column":3}},"147":{"start":{"line":337,"column":15},"end":{"line":337,"column":29}},"148":{"start":{"line":338,"column":19},"end":{"line":338,"column":37}},"149":{"start":{"line":339,"column":17},"end":{"line":339,"column":33}},"150":{"start":{"line":341,"column":4},"end":{"line":351,"column":7}},"151":{"start":{"line":344,"column":8},"end":{"line":350,"column":9}},"152":{"start":{"line":345,"column":12},"end":{"line":345,"column":37}},"153":{"start":{"line":346,"column":12},"end":{"line":346,"column":76}},"154":{"start":{"line":349,"column":12},"end":{"line":349,"column":74}},"155":{"start":{"line":354,"column":0},"end":{"line":377,"column":3}},"156":{"start":{"line":356,"column":21},"end":{"line":356,"column":41}},"157":{"start":{"line":357,"column":20},"end":{"line":357,"column":40}},"158":{"start":{"line":358,"column":23},"end":{"line":358,"column":46}},"159":{"start":{"line":359,"column":22},"end":{"line":359,"column":44}},"160":{"start":{"line":360,"column":17},"end":{"line":360,"column":34}},"161":{"start":{"line":362,"column":4},"end":{"line":375,"column":7}},"162":{"start":{"line":364,"column":8},"end":{"line":374,"column":9}},"163":{"start":{"line":366,"column":12},"end":{"line":366,"column":33}},"164":{"start":{"line":367,"column":12},"end":{"line":367,"column":37}},"165":{"start":{"line":368,"column":12},"end":{"line":368,"column":76}},"166":{"start":{"line":372,"column":12},"end":{"line":372,"column":33}},"167":{"start":{"line":373,"column":12},"end":{"line":373,"column":69}},"168":{"start":{"line":379,"column":0},"end":{"line":397,"column":3}},"169":{"start":{"line":381,"column":17},"end":{"line":381,"column":34}},"170":{"start":{"line":383,"column":3},"end":{"line":395,"column":5}},"171":{"start":{"line":385,"column":7},"end":{"line":394,"column":8}},"172":{"start":{"line":387,"column":11},"end":{"line":387,"column":47}},"173":{"start":{"line":388,"column":11},"end":{"line":388,"column":74}},"174":{"start":{"line":392,"column":11},"end":{"line":392,"column":47}},"175":{"start":{"line":393,"column":11},"end":{"line":393,"column":53}},"176":{"start":{"line":399,"column":0},"end":{"line":418,"column":3}},"177":{"start":{"line":401,"column":18},"end":{"line":401,"column":35}},"178":{"start":{"line":402,"column":16},"end":{"line":402,"column":32}},"179":{"start":{"line":404,"column":4},"end":{"line":417,"column":6}},"180":{"start":{"line":406,"column":8},"end":{"line":415,"column":9}},"181":{"start":{"line":408,"column":12},"end":{"line":408,"column":48}},"182":{"start":{"line":409,"column":12},"end":{"line":409,"column":75}},"183":{"start":{"line":413,"column":12},"end":{"line":413,"column":48}},"184":{"start":{"line":414,"column":12},"end":{"line":414,"column":54}},"185":{"start":{"line":432,"column":0},"end":{"line":444,"column":3}},"186":{"start":{"line":433,"column":17},"end":{"line":433,"column":33}},"187":{"start":{"line":434,"column":4},"end":{"line":443,"column":6}},"188":{"start":{"line":435,"column":8},"end":{"line":442,"column":9}},"189":{"start":{"line":436,"column":12},"end":{"line":436,"column":48}},"190":{"start":{"line":437,"column":12},"end":{"line":437,"column":75}},"191":{"start":{"line":440,"column":12},"end":{"line":440,"column":48}},"192":{"start":{"line":441,"column":12},"end":{"line":441,"column":68}},"193":{"start":{"line":450,"column":0},"end":{"line":465,"column":3}},"194":{"start":{"line":451,"column":17},"end":{"line":451,"column":33}},"195":{"start":{"line":452,"column":23},"end":{"line":452,"column":45}},"196":{"start":{"line":453,"column":19},"end":{"line":453,"column":48}},"197":{"start":{"line":454,"column":4},"end":{"line":464,"column":6}},"198":{"start":{"line":455,"column":8},"end":{"line":463,"column":9}},"199":{"start":{"line":456,"column":12},"end":{"line":456,"column":63}},"200":{"start":{"line":457,"column":12},"end":{"line":457,"column":48}},"201":{"start":{"line":458,"column":12},"end":{"line":458,"column":75}},"202":{"start":{"line":461,"column":12},"end":{"line":461,"column":48}},"203":{"start":{"line":462,"column":12},"end":{"line":462,"column":54}},"204":{"start":{"line":467,"column":0},"end":{"line":482,"column":3}},"205":{"start":{"line":468,"column":17},"end":{"line":468,"column":33}},"206":{"start":{"line":469,"column":23},"end":{"line":469,"column":45}},"207":{"start":{"line":470,"column":19},"end":{"line":470,"column":37}},"208":{"start":{"line":471,"column":4},"end":{"line":481,"column":6}},"209":{"start":{"line":472,"column":8},"end":{"line":480,"column":9}},"210":{"start":{"line":473,"column":12},"end":{"line":473,"column":53}},"211":{"start":{"line":474,"column":12},"end":{"line":474,"column":48}},"212":{"start":{"line":475,"column":12},"end":{"line":475,"column":75}},"213":{"start":{"line":478,"column":12},"end":{"line":478,"column":48}},"214":{"start":{"line":479,"column":12},"end":{"line":479,"column":54}},"215":{"start":{"line":486,"column":0},"end":{"line":501,"column":3}},"216":{"start":{"line":487,"column":18},"end":{"line":487,"column":35}},"217":{"start":{"line":488,"column":19},"end":{"line":488,"column":37}},"218":{"start":{"line":490,"column":4},"end":{"line":500,"column":6}},"219":{"start":{"line":491,"column":8},"end":{"line":498,"column":9}},"220":{"start":{"line":492,"column":12},"end":{"line":492,"column":48}},"221":{"start":{"line":493,"column":12},"end":{"line":493,"column":75}},"222":{"start":{"line":496,"column":12},"end":{"line":496,"column":48}},"223":{"start":{"line":497,"column":12},"end":{"line":497,"column":54}},"224":{"start":{"line":503,"column":0},"end":{"line":513,"column":3}},"225":{"start":{"line":504,"column":4},"end":{"line":504,"column":23}},"226":{"start":{"line":504,"column":13},"end":{"line":504,"column":23}},"227":{"start":{"line":507,"column":4},"end":{"line":507,"column":28}},"228":{"start":{"line":508,"column":4},"end":{"line":512,"column":5}},"229":{"start":{"line":511,"column":8},"end":{"line":511,"column":48}},"230":{"start":{"line":515,"column":0},"end":{"line":515,"column":24}}},"fnMap":{"0":{"name":"(anonymous_0)","decl":{"start":{"line":13,"column":9},"end":{"line":13,"column":10}},"loc":{"start":{"line":13,"column":28},"end":{"line":19,"column":1}},"line":13},"1":{"name":"(anonymous_1)","decl":{"start":{"line":21,"column":22},"end":{"line":21,"column":23}},"loc":{"start":{"line":21,"column":44},"end":{"line":41,"column":1}},"line":21},"2":{"name":"(anonymous_2)","decl":{"start":{"line":46,"column":34},"end":{"line":46,"column":35}},"loc":{"start":{"line":46,"column":53},"end":{"line":59,"column":1}},"line":46},"3":{"name":"(anonymous_3)","decl":{"start":{"line":48,"column":38},"end":{"line":48,"column":39}},"loc":{"start":{"line":48,"column":57},"end":{"line":58,"column":5}},"line":48},"4":{"name":"(anonymous_4)","decl":{"start":{"line":54,"column":34},"end":{"line":54,"column":35}},"loc":{"start":{"line":54,"column":54},"end":{"line":56,"column":13}},"line":54},"5":{"name":"(anonymous_5)","decl":{"start":{"line":63,"column":24},"end":{"line":63,"column":25}},"loc":{"start":{"line":63,"column":43},"end":{"line":77,"column":1}},"line":63},"6":{"name":"(anonymous_6)","decl":{"start":{"line":69,"column":46},"end":{"line":69,"column":47}},"loc":{"start":{"line":69,"column":70},"end":{"line":76,"column":3}},"line":69},"7":{"name":"(anonymous_7)","decl":{"start":{"line":81,"column":27},"end":{"line":81,"column":28}},"loc":{"start":{"line":81,"column":46},"end":{"line":97,"column":1}},"line":81},"8":{"name":"(anonymous_8)","decl":{"start":{"line":85,"column":41},"end":{"line":85,"column":42}},"loc":{"start":{"line":85,"column":60},"end":{"line":96,"column":5}},"line":85},"9":{"name":"(anonymous_9)","decl":{"start":{"line":102,"column":32},"end":{"line":102,"column":33}},"loc":{"start":{"line":102,"column":58},"end":{"line":111,"column":1}},"line":102},"10":{"name":"(anonymous_10)","decl":{"start":{"line":117,"column":50},"end":{"line":117,"column":51}},"loc":{"start":{"line":117,"column":92},"end":{"line":129,"column":1}},"line":117},"11":{"name":"(anonymous_11)","decl":{"start":{"line":145,"column":34},"end":{"line":145,"column":35}},"loc":{"start":{"line":145,"column":57},"end":{"line":186,"column":1}},"line":145},"12":{"name":"(anonymous_12)","decl":{"start":{"line":150,"column":101},"end":{"line":150,"column":102}},"loc":{"start":{"line":150,"column":130},"end":{"line":185,"column":5}},"line":150},"13":{"name":"(anonymous_13)","decl":{"start":{"line":162,"column":40},"end":{"line":162,"column":41}},"loc":{"start":{"line":162,"column":56},"end":{"line":178,"column":9}},"line":162},"14":{"name":"(anonymous_14)","decl":{"start":{"line":170,"column":67},"end":{"line":170,"column":68}},"loc":{"start":{"line":170,"column":92},"end":{"line":176,"column":17}},"line":170},"15":{"name":"(anonymous_15)","decl":{"start":{"line":181,"column":35},"end":{"line":181,"column":36}},"loc":{"start":{"line":181,"column":46},"end":{"line":184,"column":9}},"line":181},"16":{"name":"(anonymous_16)","decl":{"start":{"line":192,"column":36},"end":{"line":192,"column":37}},"loc":{"start":{"line":192,"column":55},"end":{"line":204,"column":1}},"line":192},"17":{"name":"(anonymous_17)","decl":{"start":{"line":197,"column":59},"end":{"line":197,"column":60}},"loc":{"start":{"line":197,"column":82},"end":{"line":203,"column":5}},"line":197},"18":{"name":"(anonymous_18)","decl":{"start":{"line":211,"column":21},"end":{"line":211,"column":22}},"loc":{"start":{"line":211,"column":40},"end":{"line":222,"column":1}},"line":211},"19":{"name":"(anonymous_19)","decl":{"start":{"line":213,"column":27},"end":{"line":213,"column":28}},"loc":{"start":{"line":213,"column":49},"end":{"line":221,"column":4}},"line":213},"20":{"name":"(anonymous_20)","decl":{"start":{"line":227,"column":27},"end":{"line":227,"column":28}},"loc":{"start":{"line":227,"column":46},"end":{"line":241,"column":1}},"line":227},"21":{"name":"(anonymous_21)","decl":{"start":{"line":229,"column":34},"end":{"line":229,"column":35}},"loc":{"start":{"line":229,"column":56},"end":{"line":240,"column":5}},"line":229},"22":{"name":"(anonymous_22)","decl":{"start":{"line":245,"column":33},"end":{"line":245,"column":34}},"loc":{"start":{"line":245,"column":52},"end":{"line":256,"column":1}},"line":245},"23":{"name":"(anonymous_23)","decl":{"start":{"line":248,"column":43},"end":{"line":248,"column":44}},"loc":{"start":{"line":248,"column":62},"end":{"line":255,"column":5}},"line":248},"24":{"name":"(anonymous_24)","decl":{"start":{"line":267,"column":31},"end":{"line":267,"column":32}},"loc":{"start":{"line":267,"column":50},"end":{"line":317,"column":1}},"line":267},"25":{"name":"(anonymous_25)","decl":{"start":{"line":271,"column":63},"end":{"line":271,"column":64}},"loc":{"start":{"line":271,"column":83},"end":{"line":306,"column":5}},"line":271},"26":{"name":"(anonymous_26)","decl":{"start":{"line":277,"column":53},"end":{"line":277,"column":54}},"loc":{"start":{"line":277,"column":77},"end":{"line":305,"column":9}},"line":277},"27":{"name":"(anonymous_27)","decl":{"start":{"line":282,"column":38},"end":{"line":282,"column":39}},"loc":{"start":{"line":282,"column":58},"end":{"line":303,"column":17}},"line":282},"28":{"name":"(anonymous_28)","decl":{"start":{"line":288,"column":87},"end":{"line":288,"column":88}},"loc":{"start":{"line":288,"column":108},"end":{"line":298,"column":25}},"line":288},"29":{"name":"(anonymous_29)","decl":{"start":{"line":319,"column":41},"end":{"line":319,"column":42}},"loc":{"start":{"line":319,"column":60},"end":{"line":333,"column":1}},"line":319},"30":{"name":"(anonymous_30)","decl":{"start":{"line":321,"column":51},"end":{"line":321,"column":52}},"loc":{"start":{"line":321,"column":77},"end":{"line":332,"column":5}},"line":321},"31":{"name":"(anonymous_31)","decl":{"start":{"line":336,"column":33},"end":{"line":336,"column":34}},"loc":{"start":{"line":336,"column":52},"end":{"line":352,"column":1}},"line":336},"32":{"name":"(anonymous_32)","decl":{"start":{"line":341,"column":53},"end":{"line":341,"column":54}},"loc":{"start":{"line":341,"column":81},"end":{"line":351,"column":5}},"line":341},"33":{"name":"(anonymous_33)","decl":{"start":{"line":354,"column":28},"end":{"line":354,"column":29}},"loc":{"start":{"line":355,"column":0},"end":{"line":377,"column":1}},"line":355},"34":{"name":"(anonymous_34)","decl":{"start":{"line":362,"column":86},"end":{"line":362,"column":87}},"loc":{"start":{"line":363,"column":4},"end":{"line":375,"column":5}},"line":363},"35":{"name":"(anonymous_35)","decl":{"start":{"line":379,"column":28},"end":{"line":379,"column":29}},"loc":{"start":{"line":380,"column":0},"end":{"line":397,"column":1}},"line":380},"36":{"name":"(anonymous_36)","decl":{"start":{"line":383,"column":32},"end":{"line":383,"column":33}},"loc":{"start":{"line":384,"column":3},"end":{"line":395,"column":4}},"line":384},"37":{"name":"(anonymous_37)","decl":{"start":{"line":399,"column":25},"end":{"line":399,"column":26}},"loc":{"start":{"line":400,"column":0},"end":{"line":418,"column":1}},"line":400},"38":{"name":"(anonymous_38)","decl":{"start":{"line":404,"column":38},"end":{"line":404,"column":39}},"loc":{"start":{"line":405,"column":4},"end":{"line":417,"column":5}},"line":405},"39":{"name":"(anonymous_39)","decl":{"start":{"line":432,"column":31},"end":{"line":432,"column":32}},"loc":{"start":{"line":432,"column":49},"end":{"line":444,"column":1}},"line":432},"40":{"name":"(anonymous_40)","decl":{"start":{"line":434,"column":35},"end":{"line":434,"column":36}},"loc":{"start":{"line":434,"column":56},"end":{"line":443,"column":5}},"line":434},"41":{"name":"(anonymous_41)","decl":{"start":{"line":450,"column":35},"end":{"line":450,"column":36}},"loc":{"start":{"line":450,"column":53},"end":{"line":465,"column":1}},"line":450},"42":{"name":"(anonymous_42)","decl":{"start":{"line":454,"column":63},"end":{"line":454,"column":64}},"loc":{"start":{"line":454,"column":84},"end":{"line":464,"column":5}},"line":454},"43":{"name":"(anonymous_43)","decl":{"start":{"line":467,"column":35},"end":{"line":467,"column":36}},"loc":{"start":{"line":467,"column":53},"end":{"line":482,"column":1}},"line":467},"44":{"name":"(anonymous_44)","decl":{"start":{"line":471,"column":63},"end":{"line":471,"column":64}},"loc":{"start":{"line":471,"column":84},"end":{"line":481,"column":5}},"line":471},"45":{"name":"(anonymous_45)","decl":{"start":{"line":486,"column":35},"end":{"line":486,"column":36}},"loc":{"start":{"line":486,"column":54},"end":{"line":501,"column":1}},"line":486},"46":{"name":"(anonymous_46)","decl":{"start":{"line":490,"column":50},"end":{"line":490,"column":51}},"loc":{"start":{"line":490,"column":71},"end":{"line":500,"column":5}},"line":490},"47":{"name":"(anonymous_47)","decl":{"start":{"line":503,"column":30},"end":{"line":503,"column":31}},"loc":{"start":{"line":503,"column":51},"end":{"line":513,"column":1}},"line":503}},"branchMap":{"0":{"loc":{"start":{"line":33,"column":8},"end":{"line":35,"column":9}},"type":"if","locations":[{"start":{"line":33,"column":8},"end":{"line":35,"column":9}},{"start":{"line":33,"column":8},"end":{"line":35,"column":9}}],"line":33},"1":{"loc":{"start":{"line":49,"column":8},"end":{"line":57,"column":9}},"type":"if","locations":[{"start":{"line":49,"column":8},"end":{"line":57,"column":9}},{"start":{"line":49,"column":8},"end":{"line":57,"column":9}}],"line":49},"2":{"loc":{"start":{"line":70,"column":6},"end":{"line":75,"column":7}},"type":"if","locations":[{"start":{"line":70,"column":6},"end":{"line":75,"column":7}},{"start":{"line":70,"column":6},"end":{"line":75,"column":7}}],"line":70},"3":{"loc":{"start":{"line":86,"column":8},"end":{"line":95,"column":9}},"type":"if","locations":[{"start":{"line":86,"column":8},"end":{"line":95,"column":9}},{"start":{"line":86,"column":8},"end":{"line":95,"column":9}}],"line":86},"4":{"loc":{"start":{"line":123,"column":8},"end":{"line":126,"column":9}},"type":"if","locations":[{"start":{"line":123,"column":8},"end":{"line":126,"column":9}},{"start":{"line":123,"column":8},"end":{"line":126,"column":9}}],"line":123},"5":{"loc":{"start":{"line":123,"column":12},"end":{"line":123,"column":102}},"type":"binary-expr","locations":[{"start":{"line":123,"column":12},"end":{"line":123,"column":49}},{"start":{"line":123,"column":53},"end":{"line":123,"column":102}}],"line":123},"6":{"loc":{"start":{"line":151,"column":8},"end":{"line":153,"column":9}},"type":"if","locations":[{"start":{"line":151,"column":8},"end":{"line":153,"column":9}},{"start":{"line":151,"column":8},"end":{"line":153,"column":9}}],"line":151},"7":{"loc":{"start":{"line":166,"column":12},"end":{"line":177,"column":13}},"type":"if","locations":[{"start":{"line":166,"column":12},"end":{"line":177,"column":13}},{"start":{"line":166,"column":12},"end":{"line":177,"column":13}}],"line":166},"8":{"loc":{"start":{"line":173,"column":20},"end":{"line":175,"column":21}},"type":"if","locations":[{"start":{"line":173,"column":20},"end":{"line":175,"column":21}},{"start":{"line":173,"column":20},"end":{"line":175,"column":21}}],"line":173},"9":{"loc":{"start":{"line":182,"column":25},"end":{"line":182,"column":49}},"type":"binary-expr","locations":[{"start":{"line":182,"column":25},"end":{"line":182,"column":35}},{"start":{"line":182,"column":39},"end":{"line":182,"column":49}}],"line":182},"10":{"loc":{"start":{"line":198,"column":8},"end":{"line":202,"column":9}},"type":"if","locations":[{"start":{"line":198,"column":8},"end":{"line":202,"column":9}},{"start":{"line":198,"column":8},"end":{"line":202,"column":9}}],"line":198},"11":{"loc":{"start":{"line":216,"column":7},"end":{"line":220,"column":9}},"type":"if","locations":[{"start":{"line":216,"column":7},"end":{"line":220,"column":9}},{"start":{"line":216,"column":7},"end":{"line":220,"column":9}}],"line":216},"12":{"loc":{"start":{"line":232,"column":8},"end":{"line":239,"column":9}},"type":"if","locations":[{"start":{"line":232,"column":8},"end":{"line":239,"column":9}},{"start":{"line":232,"column":8},"end":{"line":239,"column":9}}],"line":232},"13":{"loc":{"start":{"line":249,"column":8},"end":{"line":254,"column":9}},"type":"if","locations":[{"start":{"line":249,"column":8},"end":{"line":254,"column":9}},{"start":{"line":249,"column":8},"end":{"line":254,"column":9}}],"line":249},"14":{"loc":{"start":{"line":272,"column":8},"end":{"line":275,"column":9}},"type":"if","locations":[{"start":{"line":272,"column":8},"end":{"line":275,"column":9}},{"start":{"line":272,"column":8},"end":{"line":275,"column":9}}],"line":272},"15":{"loc":{"start":{"line":278,"column":12},"end":{"line":304,"column":13}},"type":"if","locations":[{"start":{"line":278,"column":12},"end":{"line":304,"column":13}},{"start":{"line":278,"column":12},"end":{"line":304,"column":13}}],"line":278},"16":{"loc":{"start":{"line":287,"column":20},"end":{"line":301,"column":21}},"type":"if","locations":[{"start":{"line":287,"column":20},"end":{"line":301,"column":21}},{"start":{"line":287,"column":20},"end":{"line":301,"column":21}}],"line":287},"17":{"loc":{"start":{"line":289,"column":28},"end":{"line":297,"column":29}},"type":"if","locations":[{"start":{"line":289,"column":28},"end":{"line":297,"column":29}},{"start":{"line":289,"column":28},"end":{"line":297,"column":29}}],"line":289},"18":{"loc":{"start":{"line":293,"column":32},"end":{"line":295,"column":33}},"type":"if","locations":[{"start":{"line":293,"column":32},"end":{"line":295,"column":33}},{"start":{"line":293,"column":32},"end":{"line":295,"column":33}}],"line":293},"19":{"loc":{"start":{"line":322,"column":8},"end":{"line":331,"column":9}},"type":"if","locations":[{"start":{"line":322,"column":8},"end":{"line":331,"column":9}},{"start":{"line":322,"column":8},"end":{"line":331,"column":9}}],"line":322},"20":{"loc":{"start":{"line":344,"column":8},"end":{"line":350,"column":9}},"type":"if","locations":[{"start":{"line":344,"column":8},"end":{"line":350,"column":9}},{"start":{"line":344,"column":8},"end":{"line":350,"column":9}}],"line":344},"21":{"loc":{"start":{"line":364,"column":8},"end":{"line":374,"column":9}},"type":"if","locations":[{"start":{"line":364,"column":8},"end":{"line":374,"column":9}},{"start":{"line":364,"column":8},"end":{"line":374,"column":9}}],"line":364},"22":{"loc":{"start":{"line":385,"column":7},"end":{"line":394,"column":8}},"type":"if","locations":[{"start":{"line":385,"column":7},"end":{"line":394,"column":8}},{"start":{"line":385,"column":7},"end":{"line":394,"column":8}}],"line":385},"23":{"loc":{"start":{"line":406,"column":8},"end":{"line":415,"column":9}},"type":"if","locations":[{"start":{"line":406,"column":8},"end":{"line":415,"column":9}},{"start":{"line":406,"column":8},"end":{"line":415,"column":9}}],"line":406},"24":{"loc":{"start":{"line":435,"column":8},"end":{"line":442,"column":9}},"type":"if","locations":[{"start":{"line":435,"column":8},"end":{"line":442,"column":9}},{"start":{"line":435,"column":8},"end":{"line":442,"column":9}}],"line":435},"25":{"loc":{"start":{"line":455,"column":8},"end":{"line":463,"column":9}},"type":"if","locations":[{"start":{"line":455,"column":8},"end":{"line":463,"column":9}},{"start":{"line":455,"column":8},"end":{"line":463,"column":9}}],"line":455},"26":{"loc":{"start":{"line":472,"column":8},"end":{"line":480,"column":9}},"type":"if","locations":[{"start":{"line":472,"column":8},"end":{"line":480,"column":9}},{"start":{"line":472,"column":8},"end":{"line":480,"column":9}}],"line":472},"27":{"loc":{"start":{"line":491,"column":8},"end":{"line":498,"column":9}},"type":"if","locations":[{"start":{"line":491,"column":8},"end":{"line":498,"column":9}},{"start":{"line":491,"column":8},"end":{"line":498,"column":9}}],"line":491},"28":{"loc":{"start":{"line":504,"column":4},"end":{"line":504,"column":23}},"type":"if","locations":[{"start":{"line":504,"column":4},"end":{"line":504,"column":23}},{"start":{"line":504,"column":4},"end":{"line":504,"column":23}}],"line":504}},"s":{"0":1,"1":1,"2":1,"3":1,"4":1,"5":1,"6":1,"7":1,"8":1,"9":1,"10":0,"11":0,"12":0,"13":1,"14":1,"15":1,"16":1,"17":1,"18":1,"19":0,"20":0,"21":0,"22":0,"23":0,"24":0,"25":1,"26":1,"27":0,"28":0,"29":0,"30":0,"31":0,"32":0,"33":0,"34":1,"35":0,"36":0,"37":0,"38":0,"39":0,"40":0,"41":0,"42":0,"43":0,"44":1,"45":0,"46":0,"47":0,"48":0,"49":0,"50":0,"51":0,"52":0,"53":0,"54":0,"55":0,"56":1,"57":1,"58":1,"59":18,"60":18,"61":18,"62":1,"63":1,"64":1,"65":1,"66":1,"67":1,"68":0,"69":1,"70":2,"71":2,"72":2,"73":0,"74":2,"75":2,"76":2,"77":1,"78":1,"79":1,"80":1,"81":1,"82":1,"83":2,"84":2,"85":2,"86":1,"87":0,"88":0,"89":0,"90":0,"91":0,"92":0,"93":0,"94":1,"95":0,"96":0,"97":0,"98":0,"99":0,"100":1,"101":0,"102":0,"103":0,"104":0,"105":0,"106":0,"107":1,"108":1,"109":1,"110":1,"111":0,"112":0,"113":1,"114":1,"115":1,"116":1,"117":1,"118":1,"119":0,"120":0,"121":1,"122":1,"123":0,"124":0,"125":1,"126":1,"127":1,"128":1,"129":0,"130":0,"131":0,"132":0,"133":0,"134":0,"135":0,"136":1,"137":1,"138":1,"139":1,"140":1,"141":0,"142":1,"143":1,"144":2,"145":1,"146":1,"147":1,"148":1,"149":1,"150":1,"151":1,"152":0,"153":0,"154":1,"155":1,"156":1,"157":1,"158":1,"159":1,"160":1,"161":1,"162":1,"163":0,"164":0,"165":0,"166":1,"167":1,"168":1,"169":1,"170":1,"171":1,"172":0,"173":0,"174":1,"175":1,"176":1,"177":0,"178":0,"179":0,"180":0,"181":0,"182":0,"183":0,"184":0,"185":1,"186":0,"187":0,"188":0,"189":0,"190":0,"191":0,"192":0,"193":1,"194":2,"195":2,"196":2,"197":2,"198":2,"199":0,"200":0,"201":0,"202":2,"203":2,"204":1,"205":1,"206":1,"207":1,"208":1,"209":1,"210":0,"211":0,"212":0,"213":1,"214":1,"215":1,"216":0,"217":0,"218":0,"219":0,"220":0,"221":0,"222":0,"223":0,"224":1,"225":1,"226":0,"227":1,"228":1,"229":4677,"230":1},"f":{"0":0,"1":1,"2":0,"3":0,"4":0,"5":0,"6":0,"7":0,"8":0,"9":1,"10":1,"11":2,"12":2,"13":1,"14":1,"15":2,"16":0,"17":0,"18":0,"19":0,"20":0,"21":0,"22":1,"23":1,"24":1,"25":1,"26":1,"27":1,"28":0,"29":1,"30":1,"31":1,"32":1,"33":1,"34":1,"35":1,"36":1,"37":0,"38":0,"39":0,"40":0,"41":2,"42":2,"43":1,"44":1,"45":0,"46":0,"47":1},"b":{"0":[0,0],"1":[0,0],"2":[0,0],"3":[0,0],"4":[0,1],"5":[1,1],"6":[0,2],"7":[1,0],"8":[1,0],"9":[2,1],"10":[0,0],"11":[0,0],"12":[0,0],"13":[0,1],"14":[0,1],"15":[0,1],"16":[0,1],"17":[0,0],"18":[0,0],"19":[0,1],"20":[0,1],"21":[0,1],"22":[0,1],"23":[0,0],"24":[0,0],"25":[0,2],"26":[0,1],"27":[0,0],"28":[0,1]},"_coverageSchema":"332fd63041d2c1bcb487cc26dd0d5f7d97098a6c","hash":"ba6d3f0d156d6ba8e8a3be9dd0c671ce57c642c0","contentHash":"6b6e4b653d2e0832f03bc548ef6f45a1_11.6.0"},"C:\\Users\\Owner\\Desktop\\projects\\hsta-server\\models\\db_api.js":{"path":"C:\\Users\\Owner\\Desktop\\projects\\hsta-server\\models\\db_api.js","statementMap":{"0":{"start":{"line":1,"column":9},"end":{"line":1,"column":28}},"1":{"start":{"line":2,"column":12},"end":{"line":2,"column":28}},"2":{"start":{"line":5,"column":0},"end":{"line":14,"column":2}},"3":{"start":{"line":6,"column":15},"end":{"line":6,"column":26}},"4":{"start":{"line":7,"column":2},"end":{"line":13,"column":4}},"5":{"start":{"line":8,"column":6},"end":{"line":11,"column":7}},"6":{"start":{"line":9,"column":10},"end":{"line":9,"column":35}},"7":{"start":{"line":10,"column":10},"end":{"line":10,"column":27}},"8":{"start":{"line":12,"column":6},"end":{"line":12,"column":33}},"9":{"start":{"line":16,"column":0},"end":{"line":25,"column":2}},"10":{"start":{"line":17,"column":4},"end":{"line":24,"column":6}},"11":{"start":{"line":18,"column":8},"end":{"line":22,"column":9}},"12":{"start":{"line":19,"column":12},"end":{"line":19,"column":42}},"13":{"start":{"line":20,"column":12},"end":{"line":20,"column":37}},"14":{"start":{"line":21,"column":12},"end":{"line":21,"column":29}},"15":{"start":{"line":23,"column":8},"end":{"line":23,"column":24}},"16":{"start":{"line":27,"column":0},"end":{"line":40,"column":2}},"17":{"start":{"line":30,"column":4},"end":{"line":39,"column":6}},"18":{"start":{"line":33,"column":8},"end":{"line":37,"column":9}},"19":{"start":{"line":34,"column":12},"end":{"line":34,"column":42}},"20":{"start":{"line":35,"column":12},"end":{"line":35,"column":37}},"21":{"start":{"line":36,"column":12},"end":{"line":36,"column":29}},"22":{"start":{"line":38,"column":8},"end":{"line":38,"column":24}},"23":{"start":{"line":42,"column":0},"end":{"line":51,"column":1}},"24":{"start":{"line":43,"column":4},"end":{"line":50,"column":10}},"25":{"start":{"line":45,"column":8},"end":{"line":48,"column":9}},"26":{"start":{"line":46,"column":12},"end":{"line":46,"column":37}},"27":{"start":{"line":47,"column":12},"end":{"line":47,"column":29}},"28":{"start":{"line":49,"column":12},"end":{"line":49,"column":29}},"29":{"start":{"line":53,"column":0},"end":{"line":62,"column":1}},"30":{"start":{"line":54,"column":4},"end":{"line":61,"column":10}},"31":{"start":{"line":56,"column":8},"end":{"line":59,"column":9}},"32":{"start":{"line":57,"column":12},"end":{"line":57,"column":37}},"33":{"start":{"line":58,"column":12},"end":{"line":58,"column":29}},"34":{"start":{"line":60,"column":8},"end":{"line":60,"column":26}},"35":{"start":{"line":64,"column":0},"end":{"line":73,"column":2}},"36":{"start":{"line":65,"column":17},"end":{"line":65,"column":45}},"37":{"start":{"line":66,"column":4},"end":{"line":72,"column":6}},"38":{"start":{"line":67,"column":8},"end":{"line":70,"column":9}},"39":{"start":{"line":68,"column":12},"end":{"line":68,"column":37}},"40":{"start":{"line":69,"column":12},"end":{"line":69,"column":29}},"41":{"start":{"line":71,"column":8},"end":{"line":71,"column":35}},"42":{"start":{"line":75,"column":0},"end":{"line":84,"column":2}},"43":{"start":{"line":77,"column":16},"end":{"line":77,"column":34}},"44":{"start":{"line":78,"column":4},"end":{"line":83,"column":6}},"45":{"start":{"line":79,"column":6},"end":{"line":81,"column":7}},"46":{"start":{"line":80,"column":10},"end":{"line":80,"column":27}},"47":{"start":{"line":82,"column":6},"end":{"line":82,"column":25}},"48":{"start":{"line":86,"column":0},"end":{"line":97,"column":2}},"49":{"start":{"line":87,"column":17},"end":{"line":87,"column":45}},"50":{"start":{"line":88,"column":4},"end":{"line":96,"column":6}},"51":{"start":{"line":91,"column":8},"end":{"line":94,"column":9}},"52":{"start":{"line":92,"column":12},"end":{"line":92,"column":37}},"53":{"start":{"line":93,"column":12},"end":{"line":93,"column":29}},"54":{"start":{"line":95,"column":8},"end":{"line":95,"column":27}},"55":{"start":{"line":99,"column":0},"end":{"line":109,"column":2}},"56":{"start":{"line":100,"column":17},"end":{"line":100,"column":35}},"57":{"start":{"line":101,"column":4},"end":{"line":108,"column":6}},"58":{"start":{"line":103,"column":8},"end":{"line":106,"column":9}},"59":{"start":{"line":104,"column":12},"end":{"line":104,"column":37}},"60":{"start":{"line":105,"column":12},"end":{"line":105,"column":29}},"61":{"start":{"line":107,"column":8},"end":{"line":107,"column":28}},"62":{"start":{"line":111,"column":0},"end":{"line":123,"column":2}},"63":{"start":{"line":112,"column":17},"end":{"line":112,"column":28}},"64":{"start":{"line":113,"column":4},"end":{"line":122,"column":6}},"65":{"start":{"line":114,"column":8},"end":{"line":121,"column":9}},"66":{"start":{"line":115,"column":12},"end":{"line":115,"column":37}},"67":{"start":{"line":116,"column":12},"end":{"line":116,"column":31}},"68":{"start":{"line":117,"column":15},"end":{"line":121,"column":9}},"69":{"start":{"line":118,"column":12},"end":{"line":118,"column":36}},"70":{"start":{"line":120,"column":12},"end":{"line":120,"column":42}},"71":{"start":{"line":125,"column":0},"end":{"line":134,"column":2}},"72":{"start":{"line":126,"column":17},"end":{"line":126,"column":41}},"73":{"start":{"line":127,"column":4},"end":{"line":133,"column":6}},"74":{"start":{"line":128,"column":8},"end":{"line":131,"column":9}},"75":{"start":{"line":129,"column":12},"end":{"line":129,"column":37}},"76":{"start":{"line":130,"column":12},"end":{"line":130,"column":29}},"77":{"start":{"line":132,"column":8},"end":{"line":132,"column":35}},"78":{"start":{"line":136,"column":0},"end":{"line":144,"column":2}},"79":{"start":{"line":137,"column":16},"end":{"line":137,"column":30}},"80":{"start":{"line":138,"column":4},"end":{"line":143,"column":6}},"81":{"start":{"line":139,"column":8},"end":{"line":141,"column":9}},"82":{"start":{"line":140,"column":12},"end":{"line":140,"column":29}},"83":{"start":{"line":142,"column":8},"end":{"line":142,"column":27}},"84":{"start":{"line":146,"column":31},"end":{"line":154,"column":1}},"85":{"start":{"line":147,"column":4},"end":{"line":153,"column":6}},"86":{"start":{"line":148,"column":8},"end":{"line":151,"column":9}},"87":{"start":{"line":149,"column":12},"end":{"line":149,"column":37}},"88":{"start":{"line":150,"column":12},"end":{"line":150,"column":29}},"89":{"start":{"line":152,"column":8},"end":{"line":152,"column":36}},"90":{"start":{"line":157,"column":0},"end":{"line":216,"column":2}},"91":{"start":{"line":158,"column":4},"end":{"line":215,"column":6}},"92":{"start":{"line":159,"column":8},"end":{"line":163,"column":9}},"93":{"start":{"line":160,"column":12},"end":{"line":160,"column":42}},"94":{"start":{"line":161,"column":12},"end":{"line":161,"column":37}},"95":{"start":{"line":162,"column":12},"end":{"line":162,"column":29}},"96":{"start":{"line":164,"column":8},"end":{"line":169,"column":9}},"97":{"start":{"line":166,"column":12},"end":{"line":166,"column":55}},"98":{"start":{"line":167,"column":12},"end":{"line":167,"column":48}},"99":{"start":{"line":168,"column":12},"end":{"line":168,"column":29}},"100":{"start":{"line":170,"column":8},"end":{"line":170,"column":37}},"101":{"start":{"line":171,"column":8},"end":{"line":171,"column":25}},"102":{"start":{"line":173,"column":19},"end":{"line":180,"column":9}},"103":{"start":{"line":175,"column":11},"end":{"line":179,"column":45}},"104":{"start":{"line":176,"column":15},"end":{"line":176,"column":40}},"105":{"start":{"line":177,"column":15},"end":{"line":177,"column":32}},"106":{"start":{"line":179,"column":16},"end":{"line":179,"column":45}},"107":{"start":{"line":182,"column":24},"end":{"line":182,"column":44}},"108":{"start":{"line":183,"column":12},"end":{"line":213,"column":19}},"109":{"start":{"line":184,"column":16},"end":{"line":210,"column":23}},"110":{"start":{"line":187,"column":24},"end":{"line":191,"column":25}},"111":{"start":{"line":188,"column":28},"end":{"line":188,"column":68}},"112":{"start":{"line":189,"column":28},"end":{"line":189,"column":54}},"113":{"start":{"line":190,"column":28},"end":{"line":190,"column":44}},"114":{"start":{"line":192,"column":20},"end":{"line":208,"column":21}},"115":{"start":{"line":194,"column":34},"end":{"line":194,"column":51}},"116":{"start":{"line":196,"column":24},"end":{"line":205,"column":27}},"117":{"start":{"line":207,"column":24},"end":{"line":207,"column":52}},"118":{"start":{"line":209,"column":24},"end":{"line":209,"column":50}},"119":{"start":{"line":212,"column":20},"end":{"line":212,"column":35}},"120":{"start":{"line":218,"column":37},"end":{"line":225,"column":1}},"121":{"start":{"line":219,"column":4},"end":{"line":219,"column":19}},"122":{"start":{"line":220,"column":19},"end":{"line":222,"column":6}},"123":{"start":{"line":221,"column":8},"end":{"line":221,"column":55}},"124":{"start":{"line":224,"column":4},"end":{"line":224,"column":48}},"125":{"start":{"line":227,"column":0},"end":{"line":240,"column":2}},"126":{"start":{"line":228,"column":4},"end":{"line":239,"column":10}},"127":{"start":{"line":230,"column":8},"end":{"line":237,"column":9}},"128":{"start":{"line":231,"column":12},"end":{"line":231,"column":46}},"129":{"start":{"line":232,"column":12},"end":{"line":232,"column":37}},"130":{"start":{"line":233,"column":12},"end":{"line":233,"column":29}},"131":{"start":{"line":236,"column":12},"end":{"line":236,"column":31}},"132":{"start":{"line":242,"column":0},"end":{"line":267,"column":2}},"133":{"start":{"line":244,"column":4},"end":{"line":264,"column":7}},"134":{"start":{"line":245,"column":8},"end":{"line":263,"column":9}},"135":{"start":{"line":246,"column":12},"end":{"line":246,"column":64}},"136":{"start":{"line":247,"column":12},"end":{"line":247,"column":37}},"137":{"start":{"line":248,"column":12},"end":{"line":248,"column":29}},"138":{"start":{"line":251,"column":12},"end":{"line":262,"column":14}},"139":{"start":{"line":252,"column":16},"end":{"line":261,"column":18}},"140":{"start":{"line":253,"column":20},"end":{"line":260,"column":21}},"141":{"start":{"line":254,"column":24},"end":{"line":254,"column":78}},"142":{"start":{"line":255,"column":24},"end":{"line":255,"column":49}},"143":{"start":{"line":256,"column":24},"end":{"line":256,"column":41}},"144":{"start":{"line":259,"column":24},"end":{"line":259,"column":43}},"145":{"start":{"line":269,"column":0},"end":{"line":291,"column":2}},"146":{"start":{"line":270,"column":17},"end":{"line":270,"column":39}},"147":{"start":{"line":272,"column":4},"end":{"line":289,"column":6}},"148":{"start":{"line":273,"column":8},"end":{"line":276,"column":9}},"149":{"start":{"line":274,"column":12},"end":{"line":274,"column":68}},"150":{"start":{"line":275,"column":12},"end":{"line":275,"column":22}},"151":{"start":{"line":277,"column":8},"end":{"line":288,"column":10}},"152":{"start":{"line":278,"column":12},"end":{"line":282,"column":13}},"153":{"start":{"line":279,"column":16},"end":{"line":279,"column":73}},"154":{"start":{"line":280,"column":16},"end":{"line":280,"column":41}},"155":{"start":{"line":281,"column":16},"end":{"line":281,"column":33}},"156":{"start":{"line":285,"column":12},"end":{"line":287,"column":15}},"157":{"start":{"line":286,"column":16},"end":{"line":286,"column":49}},"158":{"start":{"line":293,"column":0},"end":{"line":307,"column":2}},"159":{"start":{"line":295,"column":16},"end":{"line":295,"column":78}},"160":{"start":{"line":297,"column":4},"end":{"line":306,"column":6}},"161":{"start":{"line":299,"column":8},"end":{"line":302,"column":9}},"162":{"start":{"line":301,"column":12},"end":{"line":301,"column":29}},"163":{"start":{"line":304,"column":8},"end":{"line":304,"column":44}},"164":{"start":{"line":305,"column":8},"end":{"line":305,"column":35}},"165":{"start":{"line":310,"column":0},"end":{"line":321,"column":2}},"166":{"start":{"line":312,"column":4},"end":{"line":320,"column":6}},"167":{"start":{"line":314,"column":8},"end":{"line":318,"column":9}},"168":{"start":{"line":316,"column":12},"end":{"line":316,"column":37}},"169":{"start":{"line":317,"column":12},"end":{"line":317,"column":29}},"170":{"start":{"line":319,"column":8},"end":{"line":319,"column":27}},"171":{"start":{"line":324,"column":0},"end":{"line":390,"column":2}},"172":{"start":{"line":328,"column":15},"end":{"line":328,"column":21}},"173":{"start":{"line":330,"column":4},"end":{"line":388,"column":6}},"174":{"start":{"line":332,"column":6},"end":{"line":387,"column":7}},"175":{"start":{"line":334,"column":10},"end":{"line":334,"column":35}},"176":{"start":{"line":335,"column":10},"end":{"line":335,"column":27}},"177":{"start":{"line":342,"column":10},"end":{"line":354,"column":11}},"178":{"start":{"line":344,"column":14},"end":{"line":344,"column":48}},"179":{"start":{"line":346,"column":15},"end":{"line":354,"column":11}},"180":{"start":{"line":348,"column":14},"end":{"line":348,"column":47}},"181":{"start":{"line":352,"column":14},"end":{"line":352,"column":78}},"182":{"start":{"line":353,"column":14},"end":{"line":353,"column":50}},"183":{"start":{"line":357,"column":10},"end":{"line":378,"column":13}},"184":{"start":{"line":359,"column":14},"end":{"line":377,"column":15}},"185":{"start":{"line":361,"column":18},"end":{"line":361,"column":43}},"186":{"start":{"line":362,"column":18},"end":{"line":362,"column":35}},"187":{"start":{"line":371,"column":29},"end":{"line":373,"column":75}},"188":{"start":{"line":375,"column":18},"end":{"line":375,"column":36}},"189":{"start":{"line":397,"column":0},"end":{"line":406,"column":1}},"190":{"start":{"line":398,"column":4},"end":{"line":405,"column":6}},"191":{"start":{"line":400,"column":8},"end":{"line":403,"column":9}},"192":{"start":{"line":401,"column":12},"end":{"line":401,"column":37}},"193":{"start":{"line":402,"column":12},"end":{"line":402,"column":29}},"194":{"start":{"line":404,"column":8},"end":{"line":404,"column":27}}},"fnMap":{"0":{"name":"(anonymous_0)","decl":{"start":{"line":5,"column":22},"end":{"line":5,"column":23}},"loc":{"start":{"line":5,"column":48},"end":{"line":14,"column":1}},"line":5},"1":{"name":"(anonymous_1)","decl":{"start":{"line":7,"column":67},"end":{"line":7,"column":68}},"loc":{"start":{"line":7,"column":89},"end":{"line":13,"column":3}},"line":7},"2":{"name":"(anonymous_2)","decl":{"start":{"line":16,"column":29},"end":{"line":16,"column":30}},"loc":{"start":{"line":16,"column":52},"end":{"line":25,"column":1}},"line":16},"3":{"name":"(anonymous_3)","decl":{"start":{"line":17,"column":88},"end":{"line":17,"column":89}},"loc":{"start":{"line":17,"column":109},"end":{"line":24,"column":5}},"line":17},"4":{"name":"(anonymous_4)","decl":{"start":{"line":27,"column":40},"end":{"line":27,"column":41}},"loc":{"start":{"line":27,"column":77},"end":{"line":40,"column":1}},"line":27},"5":{"name":"(anonymous_5)","decl":{"start":{"line":32,"column":48},"end":{"line":32,"column":49}},"loc":{"start":{"line":32,"column":69},"end":{"line":39,"column":5}},"line":32},"6":{"name":"(anonymous_6)","decl":{"start":{"line":42,"column":36},"end":{"line":42,"column":37}},"loc":{"start":{"line":42,"column":65},"end":{"line":51,"column":1}},"line":42},"7":{"name":"(anonymous_7)","decl":{"start":{"line":44,"column":36},"end":{"line":44,"column":37}},"loc":{"start":{"line":44,"column":57},"end":{"line":50,"column":9}},"line":44},"8":{"name":"(anonymous_8)","decl":{"start":{"line":53,"column":44},"end":{"line":53,"column":45}},"loc":{"start":{"line":53,"column":81},"end":{"line":62,"column":1}},"line":53},"9":{"name":"(anonymous_9)","decl":{"start":{"line":55,"column":44},"end":{"line":55,"column":45}},"loc":{"start":{"line":55,"column":65},"end":{"line":61,"column":9}},"line":55},"10":{"name":"(anonymous_10)","decl":{"start":{"line":64,"column":19},"end":{"line":64,"column":20}},"loc":{"start":{"line":64,"column":62},"end":{"line":73,"column":1}},"line":64},"11":{"name":"(anonymous_11)","decl":{"start":{"line":66,"column":93},"end":{"line":66,"column":94}},"loc":{"start":{"line":66,"column":115},"end":{"line":72,"column":5}},"line":66},"12":{"name":"(anonymous_12)","decl":{"start":{"line":75,"column":22},"end":{"line":75,"column":23}},"loc":{"start":{"line":75,"column":54},"end":{"line":84,"column":1}},"line":75},"13":{"name":"(anonymous_13)","decl":{"start":{"line":78,"column":96},"end":{"line":78,"column":97}},"loc":{"start":{"line":78,"column":117},"end":{"line":83,"column":5}},"line":78},"14":{"name":"(anonymous_14)","decl":{"start":{"line":86,"column":31},"end":{"line":86,"column":32}},"loc":{"start":{"line":86,"column":74},"end":{"line":97,"column":1}},"line":86},"15":{"name":"(anonymous_15)","decl":{"start":{"line":90,"column":75},"end":{"line":90,"column":76}},"loc":{"start":{"line":90,"column":96},"end":{"line":96,"column":5}},"line":90},"16":{"name":"(anonymous_16)","decl":{"start":{"line":99,"column":28},"end":{"line":99,"column":29}},"loc":{"start":{"line":99,"column":61},"end":{"line":109,"column":1}},"line":99},"17":{"name":"(anonymous_17)","decl":{"start":{"line":102,"column":53},"end":{"line":102,"column":54}},"loc":{"start":{"line":102,"column":76},"end":{"line":108,"column":5}},"line":102},"18":{"name":"(anonymous_18)","decl":{"start":{"line":111,"column":16},"end":{"line":111,"column":17}},"loc":{"start":{"line":111,"column":42},"end":{"line":123,"column":1}},"line":111},"19":{"name":"(anonymous_19)","decl":{"start":{"line":113,"column":74},"end":{"line":113,"column":75}},"loc":{"start":{"line":113,"column":97},"end":{"line":122,"column":5}},"line":113},"20":{"name":"(anonymous_20)","decl":{"start":{"line":125,"column":28},"end":{"line":125,"column":29}},"loc":{"start":{"line":125,"column":67},"end":{"line":134,"column":1}},"line":125},"21":{"name":"(anonymous_21)","decl":{"start":{"line":127,"column":92},"end":{"line":127,"column":93}},"loc":{"start":{"line":127,"column":114},"end":{"line":133,"column":5}},"line":127},"22":{"name":"(anonymous_22)","decl":{"start":{"line":136,"column":28},"end":{"line":136,"column":29}},"loc":{"start":{"line":136,"column":56},"end":{"line":144,"column":1}},"line":136},"23":{"name":"(anonymous_23)","decl":{"start":{"line":138,"column":76},"end":{"line":138,"column":77}},"loc":{"start":{"line":138,"column":97},"end":{"line":143,"column":5}},"line":138},"24":{"name":"(anonymous_24)","decl":{"start":{"line":146,"column":31},"end":{"line":146,"column":32}},"loc":{"start":{"line":146,"column":60},"end":{"line":154,"column":1}},"line":146},"25":{"name":"(anonymous_25)","decl":{"start":{"line":147,"column":91},"end":{"line":147,"column":92}},"loc":{"start":{"line":147,"column":115},"end":{"line":153,"column":5}},"line":147},"26":{"name":"(anonymous_26)","decl":{"start":{"line":157,"column":26},"end":{"line":157,"column":27}},"loc":{"start":{"line":157,"column":48},"end":{"line":216,"column":1}},"line":157},"27":{"name":"(anonymous_27)","decl":{"start":{"line":158,"column":91},"end":{"line":158,"column":92}},"loc":{"start":{"line":158,"column":110},"end":{"line":215,"column":5}},"line":158},"28":{"name":"(anonymous_28)","decl":{"start":{"line":173,"column":33},"end":{"line":173,"column":34}},"loc":{"start":{"line":174,"column":7},"end":{"line":180,"column":8}},"line":174},"29":{"name":"process","decl":{"start":{"line":181,"column":17},"end":{"line":181,"column":24}},"loc":{"start":{"line":181,"column":35},"end":{"line":214,"column":9}},"line":181},"30":{"name":"(anonymous_30)","decl":{"start":{"line":183,"column":32},"end":{"line":183,"column":33}},"loc":{"start":{"line":183,"column":58},"end":{"line":211,"column":13}},"line":183},"31":{"name":"(anonymous_31)","decl":{"start":{"line":185,"column":41},"end":{"line":185,"column":42}},"loc":{"start":{"line":186,"column":16},"end":{"line":210,"column":21}},"line":186},"32":{"name":"(anonymous_32)","decl":{"start":{"line":211,"column":14},"end":{"line":211,"column":15}},"loc":{"start":{"line":211,"column":24},"end":{"line":213,"column":17}},"line":211},"33":{"name":"(anonymous_33)","decl":{"start":{"line":218,"column":37},"end":{"line":218,"column":38}},"loc":{"start":{"line":218,"column":84},"end":{"line":225,"column":1}},"line":218},"34":{"name":"(anonymous_34)","decl":{"start":{"line":220,"column":32},"end":{"line":220,"column":33}},"loc":{"start":{"line":220,"column":47},"end":{"line":222,"column":5}},"line":220},"35":{"name":"(anonymous_35)","decl":{"start":{"line":227,"column":30},"end":{"line":227,"column":31}},"loc":{"start":{"line":227,"column":76},"end":{"line":240,"column":1}},"line":227},"36":{"name":"(anonymous_36)","decl":{"start":{"line":229,"column":45},"end":{"line":229,"column":46}},"loc":{"start":{"line":229,"column":66},"end":{"line":239,"column":9}},"line":229},"37":{"name":"(anonymous_37)","decl":{"start":{"line":242,"column":30},"end":{"line":242,"column":31}},"loc":{"start":{"line":242,"column":77},"end":{"line":267,"column":1}},"line":242},"38":{"name":"(anonymous_38)","decl":{"start":{"line":244,"column":114},"end":{"line":244,"column":115}},"loc":{"start":{"line":244,"column":127},"end":{"line":264,"column":5}},"line":244},"39":{"name":"(anonymous_39)","decl":{"start":{"line":251,"column":75},"end":{"line":251,"column":76}},"loc":{"start":{"line":251,"column":95},"end":{"line":262,"column":13}},"line":251},"40":{"name":"(anonymous_40)","decl":{"start":{"line":252,"column":127},"end":{"line":252,"column":128}},"loc":{"start":{"line":252,"column":148},"end":{"line":261,"column":17}},"line":252},"41":{"name":"(anonymous_41)","decl":{"start":{"line":269,"column":26},"end":{"line":269,"column":27}},"loc":{"start":{"line":269,"column":63},"end":{"line":291,"column":1}},"line":269},"42":{"name":"(anonymous_42)","decl":{"start":{"line":272,"column":98},"end":{"line":272,"column":99}},"loc":{"start":{"line":272,"column":120},"end":{"line":289,"column":5}},"line":272},"43":{"name":"(anonymous_43)","decl":{"start":{"line":277,"column":100},"end":{"line":277,"column":101}},"loc":{"start":{"line":277,"column":122},"end":{"line":288,"column":9}},"line":277},"44":{"name":"(anonymous_44)","decl":{"start":{"line":285,"column":62},"end":{"line":285,"column":63}},"loc":{"start":{"line":285,"column":86},"end":{"line":287,"column":13}},"line":285},"45":{"name":"(anonymous_45)","decl":{"start":{"line":293,"column":22},"end":{"line":293,"column":23}},"loc":{"start":{"line":294,"column":0},"end":{"line":307,"column":1}},"line":294},"46":{"name":"(anonymous_46)","decl":{"start":{"line":297,"column":132},"end":{"line":297,"column":133}},"loc":{"start":{"line":298,"column":4},"end":{"line":306,"column":5}},"line":298},"47":{"name":"(anonymous_47)","decl":{"start":{"line":310,"column":23},"end":{"line":310,"column":24}},"loc":{"start":{"line":311,"column":0},"end":{"line":321,"column":1}},"line":311},"48":{"name":"(anonymous_48)","decl":{"start":{"line":312,"column":69},"end":{"line":312,"column":70}},"loc":{"start":{"line":313,"column":4},"end":{"line":320,"column":5}},"line":313},"49":{"name":"(anonymous_49)","decl":{"start":{"line":324,"column":19},"end":{"line":324,"column":20}},"loc":{"start":{"line":325,"column":0},"end":{"line":390,"column":1}},"line":325},"50":{"name":"(anonymous_50)","decl":{"start":{"line":330,"column":71},"end":{"line":330,"column":72}},"loc":{"start":{"line":331,"column":4},"end":{"line":388,"column":5}},"line":331},"51":{"name":"(anonymous_51)","decl":{"start":{"line":357,"column":92},"end":{"line":357,"column":93}},"loc":{"start":{"line":358,"column":10},"end":{"line":378,"column":11}},"line":358},"52":{"name":"(anonymous_52)","decl":{"start":{"line":397,"column":30},"end":{"line":397,"column":31}},"loc":{"start":{"line":397,"column":63},"end":{"line":406,"column":1}},"line":397},"53":{"name":"(anonymous_53)","decl":{"start":{"line":399,"column":50},"end":{"line":399,"column":51}},"loc":{"start":{"line":399,"column":71},"end":{"line":405,"column":5}},"line":399}},"branchMap":{"0":{"loc":{"start":{"line":8,"column":6},"end":{"line":11,"column":7}},"type":"if","locations":[{"start":{"line":8,"column":6},"end":{"line":11,"column":7}},{"start":{"line":8,"column":6},"end":{"line":11,"column":7}}],"line":8},"1":{"loc":{"start":{"line":18,"column":8},"end":{"line":22,"column":9}},"type":"if","locations":[{"start":{"line":18,"column":8},"end":{"line":22,"column":9}},{"start":{"line":18,"column":8},"end":{"line":22,"column":9}}],"line":18},"2":{"loc":{"start":{"line":33,"column":8},"end":{"line":37,"column":9}},"type":"if","locations":[{"start":{"line":33,"column":8},"end":{"line":37,"column":9}},{"start":{"line":33,"column":8},"end":{"line":37,"column":9}}],"line":33},"3":{"loc":{"start":{"line":45,"column":8},"end":{"line":48,"column":9}},"type":"if","locations":[{"start":{"line":45,"column":8},"end":{"line":48,"column":9}},{"start":{"line":45,"column":8},"end":{"line":48,"column":9}}],"line":45},"4":{"loc":{"start":{"line":56,"column":8},"end":{"line":59,"column":9}},"type":"if","locations":[{"start":{"line":56,"column":8},"end":{"line":59,"column":9}},{"start":{"line":56,"column":8},"end":{"line":59,"column":9}}],"line":56},"5":{"loc":{"start":{"line":67,"column":8},"end":{"line":70,"column":9}},"type":"if","locations":[{"start":{"line":67,"column":8},"end":{"line":70,"column":9}},{"start":{"line":67,"column":8},"end":{"line":70,"column":9}}],"line":67},"6":{"loc":{"start":{"line":79,"column":6},"end":{"line":81,"column":7}},"type":"if","locations":[{"start":{"line":79,"column":6},"end":{"line":81,"column":7}},{"start":{"line":79,"column":6},"end":{"line":81,"column":7}}],"line":79},"7":{"loc":{"start":{"line":91,"column":8},"end":{"line":94,"column":9}},"type":"if","locations":[{"start":{"line":91,"column":8},"end":{"line":94,"column":9}},{"start":{"line":91,"column":8},"end":{"line":94,"column":9}}],"line":91},"8":{"loc":{"start":{"line":103,"column":8},"end":{"line":106,"column":9}},"type":"if","locations":[{"start":{"line":103,"column":8},"end":{"line":106,"column":9}},{"start":{"line":103,"column":8},"end":{"line":106,"column":9}}],"line":103},"9":{"loc":{"start":{"line":114,"column":8},"end":{"line":121,"column":9}},"type":"if","locations":[{"start":{"line":114,"column":8},"end":{"line":121,"column":9}},{"start":{"line":114,"column":8},"end":{"line":121,"column":9}}],"line":114},"10":{"loc":{"start":{"line":117,"column":15},"end":{"line":121,"column":9}},"type":"if","locations":[{"start":{"line":117,"column":15},"end":{"line":121,"column":9}},{"start":{"line":117,"column":15},"end":{"line":121,"column":9}}],"line":117},"11":{"loc":{"start":{"line":128,"column":8},"end":{"line":131,"column":9}},"type":"if","locations":[{"start":{"line":128,"column":8},"end":{"line":131,"column":9}},{"start":{"line":128,"column":8},"end":{"line":131,"column":9}}],"line":128},"12":{"loc":{"start":{"line":139,"column":8},"end":{"line":141,"column":9}},"type":"if","locations":[{"start":{"line":139,"column":8},"end":{"line":141,"column":9}},{"start":{"line":139,"column":8},"end":{"line":141,"column":9}}],"line":139},"13":{"loc":{"start":{"line":148,"column":8},"end":{"line":151,"column":9}},"type":"if","locations":[{"start":{"line":148,"column":8},"end":{"line":151,"column":9}},{"start":{"line":148,"column":8},"end":{"line":151,"column":9}}],"line":148},"14":{"loc":{"start":{"line":159,"column":8},"end":{"line":163,"column":9}},"type":"if","locations":[{"start":{"line":159,"column":8},"end":{"line":163,"column":9}},{"start":{"line":159,"column":8},"end":{"line":163,"column":9}}],"line":159},"15":{"loc":{"start":{"line":164,"column":8},"end":{"line":169,"column":9}},"type":"if","locations":[{"start":{"line":164,"column":8},"end":{"line":169,"column":9}},{"start":{"line":164,"column":8},"end":{"line":169,"column":9}}],"line":164},"16":{"loc":{"start":{"line":175,"column":11},"end":{"line":179,"column":45}},"type":"if","locations":[{"start":{"line":175,"column":11},"end":{"line":179,"column":45}},{"start":{"line":175,"column":11},"end":{"line":179,"column":45}}],"line":175},"17":{"loc":{"start":{"line":187,"column":24},"end":{"line":191,"column":25}},"type":"if","locations":[{"start":{"line":187,"column":24},"end":{"line":191,"column":25}},{"start":{"line":187,"column":24},"end":{"line":191,"column":25}}],"line":187},"18":{"loc":{"start":{"line":230,"column":8},"end":{"line":237,"column":9}},"type":"if","locations":[{"start":{"line":230,"column":8},"end":{"line":237,"column":9}},{"start":{"line":230,"column":8},"end":{"line":237,"column":9}}],"line":230},"19":{"loc":{"start":{"line":245,"column":8},"end":{"line":263,"column":9}},"type":"if","locations":[{"start":{"line":245,"column":8},"end":{"line":263,"column":9}},{"start":{"line":245,"column":8},"end":{"line":263,"column":9}}],"line":245},"20":{"loc":{"start":{"line":253,"column":20},"end":{"line":260,"column":21}},"type":"if","locations":[{"start":{"line":253,"column":20},"end":{"line":260,"column":21}},{"start":{"line":253,"column":20},"end":{"line":260,"column":21}}],"line":253},"21":{"loc":{"start":{"line":273,"column":8},"end":{"line":276,"column":9}},"type":"if","locations":[{"start":{"line":273,"column":8},"end":{"line":276,"column":9}},{"start":{"line":273,"column":8},"end":{"line":276,"column":9}}],"line":273},"22":{"loc":{"start":{"line":278,"column":12},"end":{"line":282,"column":13}},"type":"if","locations":[{"start":{"line":278,"column":12},"end":{"line":282,"column":13}},{"start":{"line":278,"column":12},"end":{"line":282,"column":13}}],"line":278},"23":{"loc":{"start":{"line":299,"column":8},"end":{"line":302,"column":9}},"type":"if","locations":[{"start":{"line":299,"column":8},"end":{"line":302,"column":9}},{"start":{"line":299,"column":8},"end":{"line":302,"column":9}}],"line":299},"24":{"loc":{"start":{"line":314,"column":8},"end":{"line":318,"column":9}},"type":"if","locations":[{"start":{"line":314,"column":8},"end":{"line":318,"column":9}},{"start":{"line":314,"column":8},"end":{"line":318,"column":9}}],"line":314},"25":{"loc":{"start":{"line":332,"column":6},"end":{"line":387,"column":7}},"type":"if","locations":[{"start":{"line":332,"column":6},"end":{"line":387,"column":7}},{"start":{"line":332,"column":6},"end":{"line":387,"column":7}}],"line":332},"26":{"loc":{"start":{"line":342,"column":10},"end":{"line":354,"column":11}},"type":"if","locations":[{"start":{"line":342,"column":10},"end":{"line":354,"column":11}},{"start":{"line":342,"column":10},"end":{"line":354,"column":11}}],"line":342},"27":{"loc":{"start":{"line":346,"column":15},"end":{"line":354,"column":11}},"type":"if","locations":[{"start":{"line":346,"column":15},"end":{"line":354,"column":11}},{"start":{"line":346,"column":15},"end":{"line":354,"column":11}}],"line":346},"28":{"loc":{"start":{"line":359,"column":14},"end":{"line":377,"column":15}},"type":"if","locations":[{"start":{"line":359,"column":14},"end":{"line":377,"column":15}},{"start":{"line":359,"column":14},"end":{"line":377,"column":15}}],"line":359},"29":{"loc":{"start":{"line":400,"column":8},"end":{"line":403,"column":9}},"type":"if","locations":[{"start":{"line":400,"column":8},"end":{"line":403,"column":9}},{"start":{"line":400,"column":8},"end":{"line":403,"column":9}}],"line":400}},"s":{"0":1,"1":1,"2":1,"3":1,"4":1,"5":1,"6":0,"7":0,"8":1,"9":1,"10":2,"11":2,"12":0,"13":0,"14":0,"15":2,"16":1,"17":3,"18":3,"19":0,"20":0,"21":0,"22":3,"23":1,"24":1,"25":1,"26":0,"27":0,"28":1,"29":1,"30":0,"31":0,"32":0,"33":0,"34":0,"35":1,"36":1,"37":1,"38":1,"39":0,"40":0,"41":1,"42":1,"43":2,"44":2,"45":2,"46":0,"47":2,"48":1,"49":1,"50":1,"51":1,"52":0,"53":0,"54":1,"55":1,"56":0,"57":0,"58":0,"59":0,"60":0,"61":0,"62":1,"63":0,"64":0,"65":0,"66":0,"67":0,"68":0,"69":0,"70":0,"71":1,"72":1,"73":1,"74":1,"75":0,"76":0,"77":1,"78":1,"79":1,"80":1,"81":1,"82":0,"83":1,"84":1,"85":1,"86":1,"87":0,"88":0,"89":1,"90":1,"91":2,"92":2,"93":0,"94":0,"95":0,"96":2,"97":1,"98":1,"99":1,"100":1,"101":1,"102":1,"103":1,"104":0,"105":0,"106":1,"107":1,"108":1,"109":3,"110":3,"111":0,"112":0,"113":0,"114":3,"115":3,"116":3,"117":3,"118":3,"119":1,"120":1,"121":2,"122":2,"123":4,"124":2,"125":1,"126":1,"127":1,"128":0,"129":0,"130":0,"131":1,"132":1,"133":2,"134":2,"135":0,"136":0,"137":0,"138":2,"139":2,"140":2,"141":0,"142":0,"143":0,"144":2,"145":1,"146":1,"147":1,"148":1,"149":0,"150":0,"151":1,"152":1,"153":0,"154":0,"155":0,"156":1,"157":1,"158":1,"159":2,"160":2,"161":2,"162":0,"163":2,"164":2,"165":1,"166":1,"167":1,"168":0,"169":0,"170":1,"171":1,"172":1,"173":1,"174":1,"175":0,"176":0,"177":1,"178":0,"179":1,"180":1,"181":0,"182":0,"183":1,"184":1,"185":0,"186":0,"187":1,"188":1,"189":1,"190":1,"191":1,"192":0,"193":0,"194":1},"f":{"0":1,"1":1,"2":2,"3":2,"4":3,"5":3,"6":1,"7":1,"8":0,"9":0,"10":1,"11":1,"12":2,"13":2,"14":1,"15":1,"16":0,"17":0,"18":0,"19":0,"20":1,"21":1,"22":1,"23":1,"24":1,"25":1,"26":2,"27":2,"28":1,"29":1,"30":3,"31":3,"32":1,"33":2,"34":4,"35":1,"36":1,"37":2,"38":2,"39":2,"40":2,"41":1,"42":1,"43":1,"44":1,"45":2,"46":2,"47":1,"48":1,"49":1,"50":1,"51":1,"52":1,"53":1},"b":{"0":[0,1],"1":[0,2],"2":[0,3],"3":[0,1],"4":[0,0],"5":[0,1],"6":[0,2],"7":[0,1],"8":[0,0],"9":[0,0],"10":[0,0],"11":[0,1],"12":[0,1],"13":[0,1],"14":[0,2],"15":[1,1],"16":[0,1],"17":[0,3],"18":[0,1],"19":[0,2],"20":[0,2],"21":[0,1],"22":[0,1],"23":[0,2],"24":[0,1],"25":[0,1],"26":[0,1],"27":[1,0],"28":[0,1],"29":[0,1]},"_coverageSchema":"332fd63041d2c1bcb487cc26dd0d5f7d97098a6c","hash":"79323d86184466ec13aa49b6172b3816503d020b","contentHash":"6527df2e906f40172e58a571f6b64361_11.6.0"},"C:\\Users\\Owner\\Desktop\\projects\\hsta-server\\db.js":{"path":"C:\\Users\\Owner\\Desktop\\projects\\hsta-server\\db.js","statementMap":{"0":{"start":{"line":1,"column":12},"end":{"line":1,"column":28}},"1":{"start":{"line":2,"column":14},"end":{"line":2,"column":30}},"2":{"start":{"line":4,"column":20},"end":{"line":4,"column":26}},"3":{"start":{"line":5,"column":16},"end":{"line":5,"column":27}},"4":{"start":{"line":7,"column":0},"end":{"line":7,"column":31}},"5":{"start":{"line":8,"column":0},"end":{"line":8,"column":43}},"6":{"start":{"line":10,"column":12},"end":{"line":13,"column":1}},"7":{"start":{"line":15,"column":0},"end":{"line":29,"column":1}},"8":{"start":{"line":16,"column":4},"end":{"line":25,"column":5}},"9":{"start":{"line":17,"column":8},"end":{"line":22,"column":10}},"10":{"start":{"line":24,"column":8},"end":{"line":24,"column":62}},"11":{"start":{"line":27,"column":4},"end":{"line":27,"column":21}},"12":{"start":{"line":28,"column":4},"end":{"line":28,"column":10}},"13":{"start":{"line":31,"column":0},"end":{"line":33,"column":1}},"14":{"start":{"line":32,"column":4},"end":{"line":32,"column":21}},"15":{"start":{"line":35,"column":0},"end":{"line":48,"column":1}},"16":{"start":{"line":36,"column":15},"end":{"line":36,"column":25}},"17":{"start":{"line":37,"column":4},"end":{"line":37,"column":69}},"18":{"start":{"line":37,"column":15},"end":{"line":37,"column":69}},"19":{"start":{"line":39,"column":16},"end":{"line":39,"column":40}},"20":{"start":{"line":40,"column":4},"end":{"line":47,"column":12}},"21":{"start":{"line":41,"column":8},"end":{"line":46,"column":14}},"22":{"start":{"line":42,"column":23},"end":{"line":42,"column":39}},"23":{"start":{"line":43,"column":27},"end":{"line":43,"column":82}},"24":{"start":{"line":43,"column":52},"end":{"line":43,"column":79}},"25":{"start":{"line":45,"column":12},"end":{"line":45,"column":113}},"26":{"start":{"line":50,"column":0},"end":{"line":57,"column":1}},"27":{"start":{"line":51,"column":15},"end":{"line":51,"column":25}},"28":{"start":{"line":52,"column":4},"end":{"line":52,"column":69}},"29":{"start":{"line":52,"column":15},"end":{"line":52,"column":69}},"30":{"start":{"line":54,"column":4},"end":{"line":56,"column":12}},"31":{"start":{"line":55,"column":8},"end":{"line":55,"column":47}}},"fnMap":{"0":{"name":"(anonymous_0)","decl":{"start":{"line":15,"column":18},"end":{"line":15,"column":19}},"loc":{"start":{"line":15,"column":39},"end":{"line":29,"column":1}},"line":15},"1":{"name":"(anonymous_1)","decl":{"start":{"line":31,"column":14},"end":{"line":31,"column":15}},"loc":{"start":{"line":31,"column":25},"end":{"line":33,"column":1}},"line":31},"2":{"name":"(anonymous_2)","decl":{"start":{"line":35,"column":19},"end":{"line":35,"column":20}},"loc":{"start":{"line":35,"column":34},"end":{"line":48,"column":1}},"line":35},"3":{"name":"(anonymous_3)","decl":{"start":{"line":40,"column":22},"end":{"line":40,"column":23}},"loc":{"start":{"line":40,"column":41},"end":{"line":47,"column":5}},"line":40},"4":{"name":"(anonymous_4)","decl":{"start":{"line":41,"column":38},"end":{"line":41,"column":39}},"loc":{"start":{"line":41,"column":56},"end":{"line":46,"column":9}},"line":41},"5":{"name":"(anonymous_5)","decl":{"start":{"line":43,"column":36},"end":{"line":43,"column":37}},"loc":{"start":{"line":43,"column":50},"end":{"line":43,"column":81}},"line":43},"6":{"name":"(anonymous_6)","decl":{"start":{"line":50,"column":15},"end":{"line":50,"column":16}},"loc":{"start":{"line":50,"column":38},"end":{"line":57,"column":1}},"line":50},"7":{"name":"(anonymous_7)","decl":{"start":{"line":54,"column":23},"end":{"line":54,"c
[...]
t":{"line":45,"column":46},"end":{"line":45,"column":60}},{"start":{"line":46,"column":23},"end":{"line":46,"column":37}},{"start":{"line":46,"column":43},"end":{"line":46,"column":57}},{"start":{"line":46,"column":63},"end":{"line":46,"column":76}},{"start":{"line":47,"column":26},"end":{"line":47,"column":39}},{"start":{"line":47,"column":45},"end":{"line":47,"column":58}}],"line":45}},"s":{"0":1,"1":1,"2":1,"3":1,"4":3,"5":3,"6":0,"7":1,"8":1,"9":0,"10":0,"11":1,"12":1,"13":1,"14":1,"15":1,"16":1,"17":0,"18":0,"19":1,"20":1,"21":0,"22":0,"23":1,"24":1,"25":1},"f":{"0":3,"1":1,"2":1,"3":1,"4":1,"5":1},"b":{"0":[0,1],"1":[0,1],"2":[0,1],"3":[1,0],"4":[1,1,1,1,1,1,1]},"_coverageSchema":"332fd63041d2c1bcb487cc26dd0d5f7d97098a6c","hash":"ed1c04de0b016d36ae9b3d70dbf8dafcb6f8a6c1","contentHash":"d608fbd0b5e883df285e8bc584d2ef6a_11.6.0"},"C:\\Users\\Owner\\Desktop\\projects\\hsta-server\\tests\\test_update_match_result.js":{"path":"C:\\Users\\Owner\\Desktop\\projects\\hsta-server\\tests\\test_update_match_result.js","statementMap":{"0":{"start":{"line":1,"column":16},"end":{"line":1,"column":36}},"1":{"start":{"line":2,"column":13},"end":{"line":2,"column":30}},"2":{"start":{"line":3,"column":13},"end":{"line":3,"column":53}},"3":{"start":{"line":5,"column":13},"end":{"line":5,"column":40}},"4":{"start":{"line":6,"column":9},"end":{"line":6,"column":28}},"5":{"start":{"line":9,"column":10},"end":{"line":9,"column":38}},"6":{"start":{"line":14,"column":0},"end":{"line":21,"column":3}},"7":{"start":{"line":15,"column":4},"end":{"line":20,"column":5}},"8":{"start":{"line":16,"column":8},"end":{"line":16,"column":51}},"9":{"start":{"line":17,"column":8},"end":{"line":17,"column":23}},"10":{"start":{"line":19,"column":8},"end":{"line":19,"column":50}},"11":{"start":{"line":25,"column":0},"end":{"line":48,"column":3}},"12":{"start":{"line":27,"column":4},"end":{"line":47,"column":6}},"13":{"start":{"line":29,"column":8},"end":{"line":45,"column":10}},"14":{"start":{"line":30,"column":12},"end":{"line":44,"column":15}},"15":{"start":{"line":31,"column":16},"end":{"line":42,"column":17}},"16":{"start":{"line":32,"column":20},"end":{"line":32,"column":72}},"17":{"start":{"line":35,"column":20},"end":{"line":40,"column":21}},"18":{"start":{"line":36,"column":24},"end":{"line":36,"column":31}},"19":{"start":{"line":39,"column":24},"end":{"line":39,"column":121}}},"fnMap":{"0":{"name":"(anonymous_0)","decl":{"start":{"line":14,"column":25},"end":{"line":14,"column":26}},"loc":{"start":{"line":14,"column":39},"end":{"line":21,"column":1}},"line":14},"1":{"name":"(anonymous_1)","decl":{"start":{"line":25,"column":53},"end":{"line":25,"column":54}},"loc":{"start":{"line":26,"column":0},"end":{"line":48,"column":1}},"line":26},"2":{"name":"(anonymous_2)","decl":{"start":{"line":27,"column":50},"end":{"line":27,"column":51}},"loc":{"start":{"line":28,"column":4},"end":{"line":47,"column":5}},"line":28},"3":{"name":"(anonymous_3)","decl":{"start":{"line":29,"column":147},"end":{"line":29,"column":148}},"loc":{"start":{"line":29,"column":170},"end":{"line":45,"column":9}},"line":29},"4":{"name":"(anonymous_4)","decl":{"start":{"line":30,"column":47},"end":{"line":30,"column":48}},"loc":{"start":{"line":30,"column":68},"end":{"line":44,"column":13}},"line":30}},"branchMap":{"0":{"loc":{"start":{"line":15,"column":4},"end":{"line":20,"column":5}},"type":"if","locations":[{"start":{"line":15,"column":4},"end":{"line":20,"column":5}},{"start":{"line":15,"column":4},"end":{"line":20,"column":5}}],"line":15},"1":{"loc":{"start":{"line":31,"column":16},"end":{"line":42,"column":17}},"type":"if","locations":[{"start":{"line":31,"column":16},"end":{"line":42,"column":17}},{"start":{"line":31,"column":16},"end":{"line":42,"column":17}}],"line":31},"2":{"loc":{"start":{"line":35,"column":20},"end":{"line":40,"column":21}},"type":"if","locations":[{"start":{"line":35,"column":20},"end":{"line":40,"column":21}},{"start":{"line":35,"column":20},"end":{"line":40,"column":21}}],"line":35}},"s":{"0":1,"1":1,"2":1,"3":1,"4":1,"5":1,"6":1,"7":1,"8":0,"9":0,"10":1,"11":1,"12":1,"13":1,"14":1,"15":1,"16":0,"17":1,"18":1,"19":0},"f":{"0":1,"1":1,"2":1,"3":1,"4":1},"b":{"0":[0,1],"1":[0,1],"2":[1,0]},"_coverageSchema":"332fd63041d2c1bcb487cc26dd0d5f7d97098a6c","hash":"5b5902738033d5ea731ec7d0a17543eae5470d24","contentHash":"607ad2208e1f8180ae5c380d9a5f032a_11.6.0"},"C:\\Users\\Owner\\Desktop\\projects\\hsta-server\\tests\\test_add_tournament_deck.js":{"path":"C:\\Users\\Owner\\Desktop\\projects\\hsta-server\\tests\\test_add_tournament_deck.js","statementMap":{"0":{"start":{"line":1,"column":16},"end":{"line":1,"column":36}},"1":{"start":{"line":2,"column":13},"end":{"line":2,"column":30}},"2":{"start":{"line":3,"column":13},"end":{"line":3,"column":53}},"3":{"start":{"line":5,"column":13},"end":{"line":5,"column":40}},"4":{"start":{"line":6,"column":9},"end":{"line":6,"column":28}},"5":{"start":{"line":9,"column":10},"end":{"line":9,"column":38}},"6":{"start":{"line":13,"column":0},"end":{"line":20,"column":3}},"7":{"start":{"line":14,"column":4},"end":{"line":19,"column":5}},"8":{"start":{"line":15,"column":8},"end":{"line":15,"column":51}},"9":{"start":{"line":16,"column":8},"end":{"line":16,"column":23}},"10":{"start":{"line":18,"column":8},"end":{"line":18,"column":50}},"11":{"start":{"line":22,"column":0},"end":{"line":58,"column":3}},"12":{"start":{"line":23,"column":4},"end":{"line":42,"column":11}},"13":{"start":{"line":29,"column":12},"end":{"line":41,"column":18}},"14":{"start":{"line":33,"column":20},"end":{"line":34,"column":53}},"15":{"start":{"line":34,"column":24},"end":{"line":34,"column":53}},"16":{"start":{"line":36,"column":20},"end":{"line":36,"column":49}},"17":{"start":{"line":39,"column":20},"end":{"line":39,"column":65}},"18":{"start":{"line":40,"column":20},"end":{"line":40,"column":27}},"19":{"start":{"line":43,"column":4},"end":{"line":57,"column":6}},"20":{"start":{"line":44,"column":8},"end":{"line":56,"column":14}},"21":{"start":{"line":48,"column":16},"end":{"line":49,"column":49}},"22":{"start":{"line":49,"column":20},"end":{"line":49,"column":49}},"23":{"start":{"line":51,"column":16},"end":{"line":51,"column":45}},"24":{"start":{"line":54,"column":16},"end":{"line":54,"column":61}},"25":{"start":{"line":55,"column":16},"end":{"line":55,"column":23}}},"fnMap":{"0":{"name":"(anonymous_0)","decl":{"start":{"line":13,"column":25},"end":{"line":13,"column":26}},"loc":{"start":{"line":13,"column":39},"end":{"line":20,"column":1}},"line":13},"1":{"name":"(anonymous_1)","decl":{"start":{"line":22,"column":46},"end":{"line":22,"column":47}},"loc":{"start":{"line":22,"column":57},"end":{"line":58,"column":1}},"line":22},"2":{"name":"(anonymous_2)","decl":{"start":{"line":23,"column":48},"end":{"line":23,"column":49}},"loc":{"start":{"line":23,"column":64},"end":{"line":42,"column":9}},"line":23},"3":{"name":"(anonymous_3)","decl":{"start":{"line":32,"column":21},"end":{"line":32,"column":22}},"loc":{"start":{"line":32,"column":41},"end":{"line":41,"column":17}},"line":32},"4":{"name":"(anonymous_4)","decl":{"start":{"line":43,"column":54},"end":{"line":43,"column":55}},"loc":{"start":{"line":43,"column":69},"end":{"line":57,"column":5}},"line":43},"5":{"name":"(anonymous_5)","decl":{"start":{"line":47,"column":17},"end":{"line":47,"column":18}},"loc":{"start":{"line":47,"column":37},"end":{"line":56,"column":13}},"line":47}},"branchMap":{"0":{"loc":{"start":{"line":14,"column":4},"end":{"line":19,"column":5}},"type":"if","locations":[{"start":{"line":14,"column":4},"end":{"line":19,"column":5}},{"start":{"line":14,"column":4},"end":{"line":19,"column":5}}],"line":14},"1":{"loc":{"start":{"line":33,"column":20},"end":{"line":34,"column":53}},"type":"if","locations":[{"start":{"line":33,"column":20},"end":{"line":34,"column":53}},{"start":{"line":33,"column":20},"end":{"line":34,"column":53}}],"line":33},"2":{"loc":{"start":{"line":48,"column":16},"end":{"line":49,"column":49}},"type":"if","locations":[{"start":{"line":48,"column":16},"end":{"line":49,"column":49}},{"start":{"line":48,"column":16},"end":{"line":49,"column":49}}],"line":48}},"s":{"0":1,"1":1,"2":1,"3":1,"4":1,"5":1,"6":1,"7":1,"8":0,"9":0,"10":1,"11":1,"12":1,"13":1,"14":1,"15":0,"16":1,"17":1,"18":1,"19":1,"20":1,"21":1,"22":0,"23":1,"24":1,"25":1},"f":{"0":1,"1":1,"2":1,"3":1,"4":1,"5":1},"b":{"0":[0,1],"1":[0,1],"2":[0,1]},"_coverageSchema":"332fd63041d2c1bcb487cc26dd0d5f7d97098a6c","hash":"6b4801c7a76798b172b4e139209f240953c32b10","contentHash":"ac4358adc45e3d2102ebf7f90d829068_11.6.0"},"C:\\Users\\Owner\\Desktop\\projects\\hsta-server\\tests\\test_ban_tournament_deck.js":{"path":"C:\\Users\\Owner\\Desktop\\projects\\hsta-server\\tests\\test_ban_tournament_deck.js","statementMap":{"0":{"start":{"line":1,"column":16},"end":{"line":1,"column":36}},"1":{"start":{"line":2,"column":13},"end":{"line":2,"column":30}},"2":{"start":{"line":3,"column":13},"end":{"line":3,"column":53}},"3":{"start":{"line":5,"column":13},"end":{"line":5,"column":40}},"4":{"start":{"line":6,"column":9},"end":{"line":6,"column":28}},"5":{"start":{"line":9,"column":10},"end":{"line":9,"column":38}},"6":{"start":{"line":13,"column":0},"end":{"line":20,"column":3}},"7":{"start":{"line":14,"column":4},"end":{"line":19,"column":5}},"8":{"start":{"line":15,"column":8},"end":{"line":15,"column":51}},"9":{"start":{"line":16,"column":8},"end":{"line":16,"column":23}},"10":{"start":{"line":18,"column":8},"end":{"line":18,"column":50}},"11":{"start":{"line":22,"column":0},"end":{"line":42,"column":3}},"12":{"start":{"line":23,"column":4},"end":{"line":41,"column":7}},"13":{"start":{"line":25,"column":8},"end":{"line":39,"column":11}},"14":{"start":{"line":26,"column":12},"end":{"line":26,"column":48}},"15":{"start":{"line":26,"column":21},"end":{"line":26,"column":48}},"16":{"start":{"line":27,"column":12},"end":{"line":38,"column":18}},"17":{"start":{"line":30,"column":20},"end":{"line":31,"column":53}},"18":{"start":{"line":31,"column":24},"end":{"line":31,"column":53}},"19":{"start":{"line":33,"column":20},"end":{"line":33,"column":49}},"20":{"start":{"line":36,"column":20},"end":{"line":36,"column":65}},"21":{"start":{"line":37,"column":20},"end":{"line":37,"column":27}}},"fnMap":{"0":{"name":"(anonymous_0)","decl":{"start":{"line":13,"column":25},"end":{"line":13,"column":26}},"loc":{"start":{"line":13,"column":39},"end":{"line":20,"column":1}},"line":13},"1":{"name":"(anonymous_1)","decl":{"start":{"line":22,"column":46},"end":{"line":22,"column":47}},"loc":{"start":{"line":22,"column":57},"end":{"line":42,"column":1}},"line":22},"2":{"name":"(anonymous_2)","decl":{"start":{"line":23,"column":34},"end":{"line":23,"column":35}},"loc":{"start":{"line":23,"column":50},"end":{"line":41,"column":5}},"line":23},"3":{"name":"(anonymous_3)","decl":{"start":{"line":25,"column":122},"end":{"line":25,"column":123}},"loc":{"start":{"line":25,"column":145},"end":{"line":39,"column":9}},"line":25},"4":{"name":"(anonymous_4)","decl":{"start":{"line":29,"column":21},"end":{"line":29,"column":22}},"loc":{"start":{"line":29,"column":41},"end":{"line":38,"column":17}},"line":29}},"branchMap":{"0":{"loc":{"start":{"line":14,"column":4},"end":{"line":19,"column":5}},"type":"if","locations":[{"start":{"line":14,"column":4},"end":{"line":19,"column":5}},{"start":{"line":14,"column":4},"end":{"line":19,"column":5}}],"line":14},"1":{"loc":{"start":{"line":26,"column":12},"end":{"line":26,"column":48}},"type":"if","locations":[{"start":{"line":26,"column":12},"end":{"line":26,"column":48}},{"start":{"line":26,"column":12},"end":{"line":26,"column":48}}],"line":26},"2":{"loc":{"start":{"line":30,"column":20},"end":{"line":31,"column":53}},"type":"if","locations":[{"start":{"line":30,"column":20},"end":{"line":31,"column":53}},{"start":{"line":30,"column":20},"end":{"line":31,"column":53}}],"line":30}},"s":{"0":1,"1":1,"2":1,"3":1,"4":1,"5":1,"6":1,"7":1,"8":0,"9":0,"10":1,"11":1,"12":1,"13":1,"14":1,"15":1,"16":1,"17":1,"18":0,"19":1,"20":1,"21":1},"f":{"0":1,"1":1,"2":1,"3":1,"4":1},"b":{"0":[0,1],"1":[1,0],"2":[0,1]},"_coverageSchema":"332fd63041d2c1bcb487cc26dd0d5f7d97098a6c","hash":"a437747bd243aed9f44a74b2c564b9b85be4d4f8","contentHash":"48b43d0fa88081ec4877ae19c54a676f_11.6.0"},"C:\\Users\\Owner\\Desktop\\projects\\hsta-server\\tests\\test_get_tournaments.js":{"path":"C:\\Users\\Owner\\Desktop\\projects\\hsta-server\\tests\\test_get_tournaments.js","statementMap":{"0":{"start":{"line":1,"column":16},"end":{"line":1,"column":36}},"1":{"start":{"line":2,"column":13},"end":{"line":2,"column":30}},"2":{"start":{"line":3,"column":13},"end":{"line":3,"column":53}},"3":{"start":{"line":5,"column":13},"end":{"line":5,"column":40}},"4":{"start":{"line":6,"column":9},"end":{"line":6,"column":28}},"5":{"start":{"line":9,"column":10},"end":{"line":9,"column":38}},"6":{"start":{"line":12,"column":0},"end":{"line":19,"column":3}},"7":{"start":{"line":13,"column":4},"end":{"line":18,"column":5}},"8":{"start":{"line":14,"column":8},"end":{"line":14,"column":51}},"9":{"start":{"line":15,"column":8},"end":{"line":15,"column":23}},"10":{"start":{"line":17,"column":8},"end":{"line":17,"column":50}},"11":{"start":{"line":21,"column":0},"end":{"line":72,"column":3}},"12":{"start":{"line":22,"column":4},"end":{"line":59,"column":7}},"13":{"start":{"line":43,"column":16},"end":{"line":57,"column":19}},"14":{"start":{"line":44,"column":20},"end":{"line":48,"column":21}},"15":{"start":{"line":45,"column":24},"end":{"line":45,"column":65}},"16":{"start":{"line":46,"column":24},"end":{"line":46,"column":41}},"17":{"start":{"line":47,"column":24},"end":{"line":47,"column":53}},"18":{"start":{"line":49,"column":20},"end":{"line":49,"column":40}},"19":{"start":{"line":50,"column":30},"end":{"line":50,"column":48}},"20":{"start":{"line":51,"column":20},"end":{"line":51,"column":45}},"21":{"start":{"line":52,"column":20},"end":{"line":52,"column":37}},"22":{"start":{"line":53,"column":20},"end":{"line":53,"column":60}},"23":{"start":{"line":54,"column":20},"end":{"line":54,"column":83}},"24":{"start":{"line":55,"column":20},"end":{"line":55,"column":71}},"25":{"start":{"line":56,"column":20},"end":{"line":56,"column":27}},"26":{"start":{"line":60,"column":4},"end":{"line":70,"column":6}},"27":{"start":{"line":62,"column":8},"end":{"line":69,"column":10}},"28":{"start":{"line":63,"column":12},"end":{"line":68,"column":13}},"29":{"start":{"line":64,"column":16},"end":{"line":64,"column":57}},"30":{"start":{"line":65,"column":16},"end":{"line":65,"column":64}},"31":{"start":{"line":66,"column":16},"end":{"line":66,"column":23}}},"fnMap":{"0":{"name":"(anonymous_0)","decl":{"start":{"line":12,"column":25},"end":{"line":12,"column":26}},"loc":{"start":{"line":12,"column":39},"end":{"line":19,"column":1}},"line":12},"1":{"name":"(anonymous_1)","decl":{"start":{"line":21,"column":49},"end":{"line":21,"column":50}},"loc":{"start":{"line":21,"column":60},"end":{"line":72,"column":1}},"line":21},"2":{"name":"(anonymous_2)","decl":{"start":{"line":22,"column":64},"end":{"line":22,"column":65}},"loc":{"start":{"line":23,"column":4},"end":{"line":59,"column":5}},"line":23},"3":{"name":"(anonymous_3)","decl":{"start":{"line":43,"column":42},"end":{"line":43,"column":43}},"loc":{"start":{"line":43,"column":64},"end":{"line":57,"column":17}},"line":43},"4":{"name":"(anonymous_4)","decl":{"start":{"line":60,"column":65},"end":{"line":60,"column":66}},"loc":{"start":{"line":61,"column":4},"end":{"line":70,"column":5}},"line":61},"5":{"name":"(anonymous_5)","decl":{"start":{"line":62,"column":35},"end":{"line":62,"column":36}},"loc":{"start":{"line":62,"column":56},"end":{"line":69,"column":9}},"line":62}},"branchMap":{"0":{"loc":{"start":{"line":13,"column":4},"end":{"line":18,"column":5}},"type":"if","locations":[{"start":{"line":13,"column":4},"end":{"line":18,"column":5}},{"start":{"line":13,"column":4},"end":{"line":18,"column":5}}],"line":13},"1":{"loc":{"start":{"line":44,"column":20},"end":{"line":48,"column":21}},"type":"if","locations":[{"start":{"line":44,"column":20},"end":{"line":48,"column":21}},{"start":{"line":44,"column":20},"end":{"line":48,"column":21}}],"line":44},"2":{"loc":{"start":{"line":63,"column":12},"end":{"line":68,"column":13}},"type":"if","locations":[{"start":{"line":63,"column":12},"end":{"line":68,"column":13}},{"start":{"line":63,"column":12},"end":{"line":68,"column":13}}],"line":63}},"s":{"0":1,"1":1,"2":1,"3":1,"4":1,"5":1,"6":1,"7":1,"8":0,"9":0,"10":1,"11":1,"12":1,"13":1,"14":1,"15":0,"16":0,"17":0,"18":1,"19":1,"20":1,"21":1,"22":1,"23":1,"24":1,"25":1,"26":1,"27":1,"28":1,"29":1,"30":1,"31":1},"f":{"0":1,"1":1,"2":1,"3":1,"4":1,"5":1},"b":{"0":[0,1],"1":[0,1],"2":[1,0]},"_coverageSchema":"332fd63041d2c1bcb487cc26dd0d5f7d97098a6c","hash":"cfb22c1c646fdd7db7988ee882b9836a95a73772","contentHash":"2b884a4b7463b8e11c5cf726399d7ed7_11.6.0"},"C:\\Users\\Owner\\Desktop\\projects\\hsta-server\\tests\\test_get_tournament_battletags.js":{"path":"C:\\Users\\Owner\\Desktop\\projects\\hsta-server\\tests\\test_get_tournament_battletags.js","statementMap":{"0":{"start":{"line":1,"column":16},"end":{"line":1,"column":36}},"1":{"start":{"line":2,"column":13},"end":{"line":2,"column":30}},"2":{"start":{"line":3,"column":13},"end":{"line":3,"column":53}},"3":{"start":{"line":5,"column":13},"end":{"line":5,"column":40}},"4":{"start":{"line":6,"column":9},"end":{"line":6,"column":28}},"5":{"start":{"line":9,"column":10},"end":{"line":9,"column":38}},"6":{"start":{"line":12,"column":0},"end":{"line":19,"column":3}},"7":{"start":{"line":13,"column":4},"end":{"line":18,"column":5}},"8":{"start":{"line":14,"column":8},"end":{"line":14,"column":51}},"9":{"start":{"line":15,"column":8},"end":{"line":15,"column":23}},"10":{"start":{"line":17,"column":8},"end":{"line":17,"column":50}},"11":{"start":{"line":21,"column":0},"end":{"line":37,"column":3}},"12":{"start":{"line":22,"column":4},"end":{"line":36,"column":7}},"13":{"start":{"line":24,"column":8},"end":{"line":35,"column":14}},"14":{"start":{"line":27,"column":16},"end":{"line":28,"column":49}},"15":{"start":{"line":28,"column":20},"end":{"line":28,"column":49}},"16":{"start":{"line":30,"column":16},"end":{"line":30,"column":45}},"17":{"start":{"line":33,"column":16},"end":{"line":33,"column":136}},"18":{"start":{"line":34,"column":16},"end":{"line":34,"column":23}}},"fnMap":{"0":{"name":"(anonymous_0)","decl":{"start":{"line":12,"column":25},"end":{"line":12,"column":26}},"loc":{"start":{"line":12,"column":39},"end":{"line":19,"column":1}},"line":12},"1":{"name":"(anonymous_1)","decl":{"start":{"line":21,"column":25},"end":{"line":21,"column":26}},"loc":{"start":{"line":21,"column":36},"end":{"line":37,"column":1}},"line":21},"2":{"name":"(anonymous_2)","decl":{"start":{"line":22,"column":56},"end":{"line":22,"column":57}},"loc":{"start":{"line":22,"column":72},"end":{"line":36,"column":5}},"line":22},"3":{"name":"(anonymous_3)","decl":{"start":{"line":26,"column":17},"end":{"line":26,"column":18}},"loc":{"start":{"line":26,"column":37},"end":{"line":35,"column":13}},"line":26}},"branchMap":{"0":{"loc":{"start":{"line":13,"column":4},"end":{"line":18,"column":5}},"type":"if","locations":[{"start":{"line":13,"column":4},"end":{"line":18,"column":5}},{"start":{"line":13,"column":4},"end":{"line":18,"column":5}}],"line":13},"1":{"loc":{"start":{"line":27,"column":16},"end":{"line":28,"column":49}},"type":"if","locations":[{"start":{"line":27,"column":16},"end":{"line":28,"column":49}},{"start":{"line":27,"column":16},"end":{"line":28,"column":49}}],"line":27}},"s":{"0":1,"1":1,"2":1,"3":1,"4":1,"5":1,"6":1,"7":1,"8":0,"9":0,"10":1,"11":1,"12":1,"13":1,"14":1,"15":0,"16":1,"17":1,"18":1},"f":{"0":1,"1":1,"2":1,"3":1},"b":{"0":[0,1],"1":[0,1]},"_coverageSchema":"332fd63041d2c1bcb487cc26dd0d5f7d97098a6c","hash":"469f755f52b6d54aa7a53f5549284d3c1a6ff3f2","contentHash":"46da743329a4a0b8218120a7b1c2217b_11.6.0"}}